{"/app/src/App.tsx": {"path":"/app/src/App.tsx","statementMap":{"0":{"start":{"line":77,"column":22},"end":{"line":174,"column":1}},"1":{"start":{"line":78,"column":2},"end":{"line":173,"column":4}}},"fnMap":{"0":{"name":"(anonymous_0)","decl":{"start":{"line":77,"column":22},"end":{"line":77,"column":23}},"loc":{"start":{"line":77,"column":28},"end":{"line":174,"column":1}},"line":77}},"branchMap":{},"s":{"0":0,"1":0},"f":{"0":0},"b":{}}
,"/app/src/constants.ts": {"path":"/app/src/constants.ts","statementMap":{"0":{"start":{"line":4,"column":38},"end":{"line":125,"column":1}},"1":{"start":{"line":127,"column":54},"end":{"line":297,"column":1}},"2":{"start":{"line":300,"column":46},"end":{"line":304,"column":1}},"3":{"start":{"line":306,"column":52},"end":{"line":306,"column":93}},"4":{"start":{"line":308,"column":42},"end":{"line":327,"column":1}},"5":{"start":{"line":329,"column":44},"end":{"line":333,"column":1}},"6":{"start":{"line":335,"column":74},"end":{"line":340,"column":1}},"7":{"start":{"line":342,"column":35},"end":{"line":342,"column":129}},"8":{"start":{"line":343,"column":42},"end":{"line":343,"column":45}},"9":{"start":{"line":344,"column":34},"end":{"line":344,"column":54}},"10":{"start":{"line":346,"column":46},"end":{"line":467,"column":1}},"11":{"start":{"line":469,"column":48},"end":{"line":473,"column":1}},"12":{"start":{"line":475,"column":38},"end":{"line":530,"column":1}},"13":{"start":{"line":532,"column":46},"end":{"line":536,"column":1}},"14":{"start":{"line":538,"column":59},"end":{"line":668,"column":1}},"15":{"start":{"line":671,"column":54},"end":{"line":671,"column":56}},"16":{"start":{"line":673,"column":56},"end":{"line":702,"column":1}},"17":{"start":{"line":704,"column":51},"end":{"line":709,"column":1}},"18":{"start":{"line":711,"column":37},"end":{"line":834,"column":1}},"19":{"start":{"line":836,"column":36},"end":{"line":839,"column":1}},"20":{"start":{"line":841,"column":63},"end":{"line":883,"column":1}},"21":{"start":{"line":885,"column":34},"end":{"line":914,"column":1}},"22":{"start":{"line":917,"column":37},"end":{"line":917,"column":38}},"23":{"start":{"line":918,"column":33},"end":{"line":918,"column":34}},"24":{"start":{"line":920,"column":55},"end":{"line":925,"column":1}},"25":{"start":{"line":927,"column":41},"end":{"line":931,"column":1}},"26":{"start":{"line":934,"column":71},"end":{"line":939,"column":1}},"27":{"start":{"line":942,"column":42},"end":{"line":968,"column":1}},"28":{"start":{"line":970,"column":59},"end":{"line":999,"column":1}},"29":{"start":{"line":1001,"column":53},"end":{"line":1038,"column":1}}},"fnMap":{},"branchMap":{},"s":{"0":1,"1":1,"2":1,"3":1,"4":1,"5":1,"6":1,"7":1,"8":1,"9":1,"10":1,"11":1,"12":1,"13":1,"14":1,"15":1,"16":1,"17":1,"18":1,"19":1,"20":1,"21":1,"22":1,"23":1,"24":1,"25":1,"26":1,"27":1,"28":1,"29":1},"f":{},"b":{},"_coverageSchema":"1a1c01bbd47fc00a2c39e90264f33305004495a9","hash":"02e09f5dad6e8d0356506e411f94106e924b5f51"}
,"/app/src/index.tsx": {"path":"/app/src/index.tsx","statementMap":{"0":{"start":{"line":6,"column":20},"end":{"line":6,"column":51}},"1":{"start":{"line":7,"column":0},"end":{"line":9,"column":1}},"2":{"start":{"line":8,"column":2},"end":{"line":8,"column":61}},"3":{"start":{"line":11,"column":13},"end":{"line":11,"column":45}},"4":{"start":{"line":12,"column":0},"end":{"line":16,"column":2}}},"fnMap":{},"branchMap":{"0":{"loc":{"start":{"line":7,"column":0},"end":{"line":9,"column":1}},"type":"if","locations":[{"start":{"line":7,"column":0},"end":{"line":9,"column":1}},{"start":{},"end":{}}],"line":7}},"s":{"0":0,"1":0,"2":0,"3":0,"4":0},"f":{},"b":{"0":[0,0]}}
,"/app/src/types.ts": {"path":"/app/src/types.ts","statementMap":{},"fnMap":{},"branchMap":{},"s":{},"f":{},"b":{},"_coverageSchema":"1a1c01bbd47fc00a2c39e90264f33305004495a9","hash":"c0cfeb02f61cadd5de669f480b590a9b7befc644"}
,"/app/src/components/AddToPlaylistModal.tsx": {"path":"/app/src/components/AddToPlaylistModal.tsx","statementMap":{"0":{"start":{"line":13,"column":62},"end":{"line":89,"column":1}},"1":{"start":{"line":14,"column":61},"end":{"line":14,"column":70}},"2":{"start":{"line":15,"column":48},"end":{"line":15,"column":63}},"3":{"start":{"line":16,"column":52},"end":{"line":16,"column":64}},"4":{"start":{"line":18,"column":26},"end":{"line":18,"column":47}},"5":{"start":{"line":20,"column":27},"end":{"line":29,"column":5}},"6":{"start":{"line":21,"column":8},"end":{"line":24,"column":9}},"7":{"start":{"line":22,"column":12},"end":{"line":22,"column":68}},"8":{"start":{"line":23,"column":12},"end":{"line":23,"column":19}},"9":{"start":{"line":25,"column":28},"end":{"line":25,"column":59}},"10":{"start":{"line":26,"column":8},"end":{"line":26,"column":67}},"11":{"start":{"line":27,"column":8},"end":{"line":27,"column":55}},"12":{"start":{"line":28,"column":8},"end":{"line":28,"column":18}},"13":{"start":{"line":31,"column":31},"end":{"line":52,"column":5}},"14":{"start":{"line":32,"column":8},"end":{"line":32,"column":27}},"15":{"start":{"line":33,"column":8},"end":{"line":33,"column":54}},"16":{"start":{"line":33,"column":47},"end":{"line":33,"column":54}},"17":{"start":{"line":36,"column":42},"end":{"line":41,"column":9}},"18":{"start":{"line":43,"column":28},"end":{"line":43,"column":92}},"19":{"start":{"line":47,"column":31},"end":{"line":47,"column":40}},"20":{"start":{"line":48,"column":8},"end":{"line":48,"column":32}},"21":{"start":{"line":50,"column":8},"end":{"line":50,"column":81}},"22":{"start":{"line":51,"column":8},"end":{"line":51,"column":18}},"23":{"start":{"line":54,"column":4},"end":{"line":88,"column":6}},"24":{"start":{"line":56,"column":96},"end":{"line":56,"column":115}},"25":{"start":{"line":63,"column":24},"end":{"line":66,"column":33}},"26":{"start":{"line":63,"column":65},"end":{"line":63,"column":89}},"27":{"start":{"line":74,"column":43},"end":{"line":74,"column":78}},"28":{"start":{"line":81,"column":43},"end":{"line":81,"column":66}}},"fnMap":{"0":{"name":"(anonymous_0)","decl":{"start":{"line":13,"column":62},"end":{"line":13,"column":63}},"loc":{"start":{"line":13,"column":88},"end":{"line":89,"column":1}},"line":13},"1":{"name":"(anonymous_1)","decl":{"start":{"line":20,"column":27},"end":{"line":20,"column":28}},"loc":{"start":{"line":20,"column":55},"end":{"line":29,"column":5}},"line":20},"2":{"name":"(anonymous_2)","decl":{"start":{"line":31,"column":31},"end":{"line":31,"column":32}},"loc":{"start":{"line":31,"column":55},"end":{"line":52,"column":5}},"line":31},"3":{"name":"(anonymous_3)","decl":{"start":{"line":56,"column":91},"end":{"line":56,"column":92}},"loc":{"start":{"line":56,"column":96},"end":{"line":56,"column":115}},"line":56},"4":{"name":"(anonymous_4)","decl":{"start":{"line":62,"column":39},"end":{"line":62,"column":40}},"loc":{"start":{"line":63,"column":24},"end":{"line":66,"column":33}},"line":63},"5":{"name":"(anonymous_5)","decl":{"start":{"line":63,"column":59},"end":{"line":63,"column":60}},"loc":{"start":{"line":63,"column":65},"end":{"line":63,"column":89}},"line":63},"6":{"name":"(anonymous_6)","decl":{"start":{"line":74,"column":38},"end":{"line":74,"column":39}},"loc":{"start":{"line":74,"column":43},"end":{"line":74,"column":78}},"line":74},"7":{"name":"(anonymous_7)","decl":{"start":{"line":81,"column":37},"end":{"line":81,"column":38}},"loc":{"start":{"line":81,"column":43},"end":{"line":81,"column":66}},"line":81}},"branchMap":{"0":{"loc":{"start":{"line":18,"column":26},"end":{"line":18,"column":47}},"type":"binary-expr","locations":[{"start":{"line":18,"column":26},"end":{"line":18,"column":41}},{"start":{"line":18,"column":45},"end":{"line":18,"column":47}}],"line":18},"1":{"loc":{"start":{"line":21,"column":8},"end":{"line":24,"column":9}},"type":"if","locations":[{"start":{"line":21,"column":8},"end":{"line":24,"column":9}},{"start":{},"end":{}}],"line":21},"2":{"loc":{"start":{"line":33,"column":8},"end":{"line":33,"column":54}},"type":"if","locations":[{"start":{"line":33,"column":8},"end":{"line":33,"column":54}},{"start":{},"end":{}}],"line":33},"3":{"loc":{"start":{"line":33,"column":12},"end":{"line":33,"column":45}},"type":"binary-expr","locations":[{"start":{"line":33,"column":12},"end":{"line":33,"column":17}},{"start":{"line":33,"column":21},"end":{"line":33,"column":45}}],"line":33},"4":{"loc":{"start":{"line":43,"column":55},"end":{"line":43,"column":75}},"type":"binary-expr","locations":[{"start":{"line":43,"column":55},"end":{"line":43,"column":69}},{"start":{"line":43,"column":73},"end":{"line":43,"column":75}}],"line":43},"5":{"loc":{"start":{"line":69,"column":17},"end":{"line":85,"column":17}},"type":"cond-expr","locations":[{"start":{"line":70,"column":20},"end":{"line":79,"column":27}},{"start":{"line":81,"column":20},"end":{"line":84,"column":29}}],"line":69}},"s":{"0":0,"1":0,"2":0,"3":0,"4":0,"5":0,"6":0,"7":0,"8":0,"9":0,"10":0,"11":0,"12":0,"13":0,"14":0,"15":0,"16":0,"17":0,"18":0,"19":0,"20":0,"21":0,"22":0,"23":0,"24":0,"25":0,"26":0,"27":0,"28":0},"f":{"0":0,"1":0,"2":0,"3":0,"4":0,"5":0,"6":0,"7":0},"b":{"0":[0,0],"1":[0,0],"2":[0,0],"3":[0,0],"4":[0,0],"5":[0,0]}}
,"/app/src/components/AudioPlayer.tsx": {"path":"/app/src/components/AudioPlayer.tsx","statementMap":{"0":{"start":{"line":9,"column":19},"end":{"line":14,"column":1}},"1":{"start":{"line":10,"column":4},"end":{"line":10,"column":60}},"2":{"start":{"line":10,"column":46},"end":{"line":10,"column":60}},"3":{"start":{"line":11,"column":20},"end":{"line":11,"column":44}},"4":{"start":{"line":12,"column":17},"end":{"line":12,"column":41}},"5":{"start":{"line":13,"column":4},"end":{"line":13,"column":55}},"6":{"start":{"line":16,"column":24},"end":{"line":27,"column":1}},"7":{"start":{"line":17,"column":4},"end":{"line":17,"column":27}},"8":{"start":{"line":17,"column":14},"end":{"line":17,"column":27}},"9":{"start":{"line":18,"column":31},"end":{"line":18,"column":63}},"10":{"start":{"line":19,"column":26},"end":{"line":19,"column":43}},"11":{"start":{"line":21,"column":4},"end":{"line":24,"column":5}},"12":{"start":{"line":22,"column":39},"end":{"line":22,"column":66}},"13":{"start":{"line":23,"column":8},"end":{"line":23,"column":20}},"14":{"start":{"line":26,"column":4},"end":{"line":26,"column":17}},"15":{"start":{"line":29,"column":30},"end":{"line":473,"column":1}},"16":{"start":{"line":30,"column":72},"end":{"line":30,"column":84}},"17":{"start":{"line":31,"column":21},"end":{"line":31,"column":51}},"18":{"start":{"line":32,"column":28},"end":{"line":32,"column":61}},"19":{"start":{"line":33,"column":26},"end":{"line":33,"column":74}},"20":{"start":{"line":34,"column":24},"end":{"line":34,"column":53}},"21":{"start":{"line":35,"column":26},"end":{"line":35,"column":63}},"22":{"start":{"line":36,"column":28},"end":{"line":36,"column":61}},"23":{"start":{"line":38,"column":38},"end":{"line":38,"column":53}},"24":{"start":{"line":39,"column":36},"end":{"line":39,"column":47}},"25":{"start":{"line":40,"column":42},"end":{"line":40,"column":53}},"26":{"start":{"line":41,"column":40},"end":{"line":41,"column":55}},"27":{"start":{"line":42,"column":42},"end":{"line":42,"column":85}},"28":{"start":{"line":43,"column":54},"end":{"line":43,"column":69}},"29":{"start":{"line":44,"column":27},"end":{"line":44,"column":55}},"30":{"start":{"line":45,"column":46},"end":{"line":45,"column":57}},"31":{"start":{"line":46,"column":50},"end":{"line":46,"column":61}},"32":{"start":{"line":47,"column":50},"end":{"line":47,"column":66}},"33":{"start":{"line":49,"column":32},"end":{"line":52,"column":6}},"34":{"start":{"line":50,"column":28},"end":{"line":50,"column":69}},"35":{"start":{"line":51,"column":8},"end":{"line":51,"column":66}},"36":{"start":{"line":53,"column":52},"end":{"line":53,"column":63}},"37":{"start":{"line":54,"column":46},"end":{"line":54,"column":73}},"38":{"start":{"line":56,"column":4},"end":{"line":74,"column":23}},"39":{"start":{"line":57,"column":36},"end":{"line":72,"column":9}},"40":{"start":{"line":58,"column":12},"end":{"line":71,"column":13}},"41":{"start":{"line":59,"column":28},"end":{"line":59,"column":39}},"42":{"start":{"line":60,"column":16},"end":{"line":60,"column":46}},"43":{"start":{"line":61,"column":16},"end":{"line":61,"column":53}},"44":{"start":{"line":62,"column":16},"end":{"line":67,"column":18}},"45":{"start":{"line":63,"column":39},"end":{"line":63,"column":55}},"46":{"start":{"line":64,"column":34},"end":{"line":64,"column":58}},"47":{"start":{"line":65,"column":37},"end":{"line":65,"column":163}},"48":{"start":{"line":66,"column":20},"end":{"line":66,"column":47}},"49":{"start":{"line":68,"column":16},"end":{"line":70,"column":18}},"50":{"start":{"line":69,"column":20},"end":{"line":69,"column":48}},"51":{"start":{"line":73,"column":8},"end":{"line":73,"column":30}},"52":{"start":{"line":76,"column":4},"end":{"line":83,"column":17}},"53":{"start":{"line":77,"column":8},"end":{"line":77,"column":69}},"54":{"start":{"line":78,"column":21},"end":{"line":78,"column":40}},"55":{"start":{"line":79,"column":24},"end":{"line":79,"column":47}},"56":{"start":{"line":80,"column":8},"end":{"line":82,"column":9}},"57":{"start":{"line":81,"column":12},"end":{"line":81,"column":73}},"58":{"start":{"line":85,"column":4},"end":{"line":145,"column":17}},"59":{"start":{"line":86,"column":35},"end":{"line":90,"column":9}},"60":{"start":{"line":87,"column":12},"end":{"line":89,"column":13}},"61":{"start":{"line":88,"column":16},"end":{"line":88,"column":44}},"62":{"start":{"line":91,"column":8},"end":{"line":91,"column":67}},"63":{"start":{"line":93,"column":8},"end":{"line":111,"column":9}},"64":{"start":{"line":94,"column":12},"end":{"line":110,"column":13}},"65":{"start":{"line":95,"column":32},"end":{"line":95,"column":97}},"66":{"start":{"line":96,"column":16},"end":{"line":96,"column":50}},"67":{"start":{"line":97,"column":16},"end":{"line":97,"column":59}},"68":{"start":{"line":98,"column":16},"end":{"line":98,"column":69}},"69":{"start":{"line":99,"column":16},"end":{"line":99,"column":67}},"70":{"start":{"line":101,"column":16},"end":{"line":101,"column":55}},"71":{"start":{"line":102,"column":16},"end":{"line":102,"column":62}},"72":{"start":{"line":104,"column":16},"end":{"line":104,"column":56}},"73":{"start":{"line":105,"column":16},"end":{"line":105,"column":67}},"74":{"start":{"line":106,"column":16},"end":{"line":106,"column":71}},"75":{"start":{"line":107,"column":16},"end":{"line":107,"column":69}},"76":{"start":{"line":109,"column":16},"end":{"line":109,"column":84}},"77":{"start":{"line":113,"column":29},"end":{"line":137,"column":9}},"78":{"start":{"line":114,"column":28},"end":{"line":114,"column":42}},"79":{"start":{"line":115,"column":30},"end":{"line":115,"column":88}},"80":{"start":{"line":116,"column":34},"end":{"line":116,"column":86}},"81":{"start":{"line":118,"column":28},"end":{"line":118,"column":55}},"82":{"start":{"line":119,"column":28},"end":{"line":119,"column":59}},"83":{"start":{"line":121,"column":25},"end":{"line":121,"column":44}},"84":{"start":{"line":122,"column":27},"end":{"line":122,"column":48}},"85":{"start":{"line":123,"column":28},"end":{"line":123,"column":51}},"86":{"start":{"line":124,"column":12},"end":{"line":127,"column":13}},"87":{"start":{"line":125,"column":16},"end":{"line":125,"column":77}},"88":{"start":{"line":126,"column":16},"end":{"line":126,"column":84}},"89":{"start":{"line":129,"column":32},"end":{"line":129,"column":70}},"90":{"start":{"line":130,"column":31},"end":{"line":130,"column":76}},"91":{"start":{"line":131,"column":34},"end":{"line":131,"column":81}},"92":{"start":{"line":132,"column":31},"end":{"line":132,"column":76}},"93":{"start":{"line":134,"column":12},"end":{"line":134,"column":41}},"94":{"start":{"line":135,"column":12},"end":{"line":135,"column":45}},"95":{"start":{"line":136,"column":12},"end":{"line":136,"column":106}},"96":{"start":{"line":139,"column":8},"end":{"line":139,"column":75}},"97":{"start":{"line":141,"column":8},"end":{"line":144,"column":10}},"98":{"start":{"line":142,"column":12},"end":{"line":142,"column":74}},"99":{"start":{"line":143,"column":12},"end":{"line":143,"column":63}},"100":{"start":{"line":147,"column":4},"end":{"line":210,"column":42}},"101":{"start":{"line":148,"column":22},"end":{"line":148,"column":38}},"102":{"start":{"line":149,"column":8},"end":{"line":149,"column":27}},"103":{"start":{"line":149,"column":20},"end":{"line":149,"column":27}},"104":{"start":{"line":151,"column":32},"end":{"line":164,"column":9}},"105":{"start":{"line":152,"column":12},"end":{"line":163,"column":13}},"106":{"start":{"line":153,"column":16},"end":{"line":162,"column":17}},"107":{"start":{"line":154,"column":20},"end":{"line":154,"column":100}},"108":{"start":{"line":155,"column":20},"end":{"line":155,"column":71}},"109":{"start":{"line":157,"column":20},"end":{"line":161,"column":21}},"110":{"start":{"line":158,"column":24},"end":{"line":158,"column":99}},"111":{"start":{"line":160,"column":24},"end":{"line":160,"column":93}},"112":{"start":{"line":166,"column":30},"end":{"line":179,"column":9}},"113":{"start":{"line":167,"column":12},"end":{"line":167,"column":30}},"114":{"start":{"line":168,"column":12},"end":{"line":178,"column":13}},"115":{"start":{"line":169,"column":16},"end":{"line":171,"column":17}},"116":{"start":{"line":170,"column":19},"end":{"line":170,"column":58}},"117":{"start":{"line":172,"column":16},"end":{"line":172,"column":35}},"118":{"start":{"line":173,"column":16},"end":{"line":173,"column":35}},"119":{"start":{"line":175,"column":16},"end":{"line":175,"column":57}},"120":{"start":{"line":176,"column":16},"end":{"line":176,"column":36}},"121":{"start":{"line":177,"column":16},"end":{"line":177,"column":100}},"122":{"start":{"line":181,"column":8},"end":{"line":203,"column":9}},"123":{"start":{"line":182,"column":12},"end":{"line":192,"column":13}},"124":{"start":{"line":183,"column":16},"end":{"line":183,"column":51}},"125":{"start":{"line":184,"column":16},"end":{"line":184,"column":29}},"126":{"start":{"line":185,"column":16},"end":{"line":185,"column":34}},"127":{"start":{"line":186,"column":16},"end":{"line":186,"column":31}},"128":{"start":{"line":187,"column":16},"end":{"line":187,"column":36}},"129":{"start":{"line":189,"column":16},"end":{"line":189,"column":81}},"130":{"start":{"line":190,"column":19},"end":{"line":192,"column":13}},"131":{"start":{"line":191,"column":16},"end":{"line":191,"column":50}},"132":{"start":{"line":194,"column":12},"end":{"line":194,"column":26}},"133":{"start":{"line":195,"column":12},"end":{"line":195,"column":27}},"134":{"start":{"line":196,"column":12},"end":{"line":196,"column":32}},"135":{"start":{"line":197,"column":12},"end":{"line":197,"column":30}},"136":{"start":{"line":198,"column":12},"end":{"line":198,"column":27}},"137":{"start":{"line":199,"column":12},"end":{"line":202,"column":13}},"138":{"start":{"line":200,"column":16},"end":{"line":200,"column":154}},"139":{"start":{"line":201,"column":16},"end":{"line":201,"column":36}},"140":{"start":{"line":205,"column":8},"end":{"line":209,"column":10}},"141":{"start":{"line":206,"column":12},"end":{"line":208,"column":13}},"142":{"start":{"line":207,"column":16},"end":{"line":207,"column":68}},"143":{"start":{"line":212,"column":4},"end":{"line":246,"column":33}},"144":{"start":{"line":213,"column":22},"end":{"line":213,"column":38}},"145":{"start":{"line":214,"column":8},"end":{"line":214,"column":27}},"146":{"start":{"line":214,"column":20},"end":{"line":214,"column":27}},"147":{"start":{"line":216,"column":29},"end":{"line":216,"column":97}},"148":{"start":{"line":216,"column":37},"end":{"line":216,"column":95}},"149":{"start":{"line":216,"column":67},"end":{"line":216,"column":95}},"150":{"start":{"line":217,"column":29},"end":{"line":217,"column":68}},"151":{"start":{"line":217,"column":35},"end":{"line":217,"column":68}},"152":{"start":{"line":218,"column":28},"end":{"line":218,"column":44}},"153":{"start":{"line":218,"column":34},"end":{"line":218,"column":44}},"154":{"start":{"line":219,"column":27},"end":{"line":219,"column":51}},"155":{"start":{"line":219,"column":33},"end":{"line":219,"column":51}},"156":{"start":{"line":220,"column":28},"end":{"line":220,"column":53}},"157":{"start":{"line":220,"column":34},"end":{"line":220,"column":53}},"158":{"start":{"line":222,"column":33},"end":{"line":229,"column":9}},"159":{"start":{"line":223,"column":31},"end":{"line":223,"column":67}},"160":{"start":{"line":224,"column":12},"end":{"line":224,"column":36}},"161":{"start":{"line":224,"column":29},"end":{"line":224,"column":36}},"162":{"start":{"line":225,"column":12},"end":{"line":225,"column":127}},"163":{"start":{"line":226,"column":12},"end":{"line":226,"column":113}},"164":{"start":{"line":227,"column":12},"end":{"line":227,"column":32}},"165":{"start":{"line":228,"column":12},"end":{"line":228,"column":46}},"166":{"start":{"line":228,"column":29},"end":{"line":228,"column":39}},"167":{"start":{"line":231,"column":8},"end":{"line":231,"column":63}},"168":{"start":{"line":232,"column":8},"end":{"line":232,"column":59}},"169":{"start":{"line":233,"column":8},"end":{"line":233,"column":53}},"170":{"start":{"line":234,"column":8},"end":{"line":234,"column":51}},"171":{"start":{"line":235,"column":8},"end":{"line":235,"column":53}},"172":{"start":{"line":236,"column":8},"end":{"line":236,"column":58}},"173":{"start":{"line":238,"column":8},"end":{"line":245,"column":10}},"174":{"start":{"line":239,"column":12},"end":{"line":239,"column":70}},"175":{"start":{"line":240,"column":12},"end":{"line":240,"column":66}},"176":{"start":{"line":241,"column":12},"end":{"line":241,"column":60}},"177":{"start":{"line":242,"column":12},"end":{"line":242,"column":58}},"178":{"start":{"line":243,"column":12},"end":{"line":243,"column":60}},"179":{"start":{"line":244,"column":12},"end":{"line":244,"column":65}},"180":{"start":{"line":248,"column":28},"end":{"line":273,"column":5}},"181":{"start":{"line":249,"column":22},"end":{"line":249,"column":38}},"182":{"start":{"line":250,"column":24},"end":{"line":250,"column":47}},"183":{"start":{"line":251,"column":8},"end":{"line":251,"column":48}},"184":{"start":{"line":251,"column":41},"end":{"line":251,"column":48}},"185":{"start":{"line":253,"column":8},"end":{"line":255,"column":9}},"186":{"start":{"line":254,"column":12},"end":{"line":254,"column":29}},"187":{"start":{"line":257,"column":8},"end":{"line":272,"column":9}},"188":{"start":{"line":258,"column":12},"end":{"line":258,"column":26}},"189":{"start":{"line":260,"column":32},"end":{"line":260,"column":44}},"190":{"start":{"line":261,"column":12},"end":{"line":271,"column":13}},"191":{"start":{"line":262,"column":16},"end":{"line":270,"column":19}},"192":{"start":{"line":263,"column":34},"end":{"line":263,"column":53}},"193":{"start":{"line":264,"column":21},"end":{"line":268,"column":21}},"194":{"start":{"line":265,"column":24},"end":{"line":265,"column":119}},"195":{"start":{"line":267,"column":24},"end":{"line":267,"column":82}},"196":{"start":{"line":269,"column":20},"end":{"line":269,"column":40}},"197":{"start":{"line":275,"column":33},"end":{"line":281,"column":5}},"198":{"start":{"line":276,"column":22},"end":{"line":276,"column":38}},"199":{"start":{"line":277,"column":8},"end":{"line":277,"column":27}},"200":{"start":{"line":277,"column":20},"end":{"line":277,"column":27}},"201":{"start":{"line":278,"column":21},"end":{"line":278,"column":43}},"202":{"start":{"line":279,"column":8},"end":{"line":279,"column":33}},"203":{"start":{"line":280,"column":8},"end":{"line":280,"column":29}},"204":{"start":{"line":283,"column":31},"end":{"line":286,"column":5}},"205":{"start":{"line":284,"column":26},"end":{"line":284,"column":52}},"206":{"start":{"line":285,"column":8},"end":{"line":285,"column":29}},"207":{"start":{"line":288,"column":23},"end":{"line":295,"column":5}},"208":{"start":{"line":289,"column":8},"end":{"line":294,"column":9}},"209":{"start":{"line":290,"column":12},"end":{"line":290,"column":40}},"210":{"start":{"line":291,"column":12},"end":{"line":291,"column":25}},"211":{"start":{"line":293,"column":12},"end":{"line":293,"column":67}},"212":{"start":{"line":297,"column":23},"end":{"line":301,"column":5}},"213":{"start":{"line":298,"column":8},"end":{"line":298,"column":68}},"214":{"start":{"line":298,"column":26},"end":{"line":298,"column":68}},"215":{"start":{"line":299,"column":8},"end":{"line":299,"column":69}},"216":{"start":{"line":299,"column":27},"end":{"line":299,"column":69}},"217":{"start":{"line":300,"column":8},"end":{"line":300,"column":50}},"218":{"start":{"line":303,"column":4},"end":{"line":303,"column":35}},"219":{"start":{"line":303,"column":23},"end":{"line":303,"column":35}},"220":{"start":{"line":305,"column":4},"end":{"line":379,"column":5}},"221":{"start":{"line":306,"column":8},"end":{"line":378,"column":9}},"222":{"start":{"line":315,"column":47},"end":{"line":315,"column":67}},"223":{"start":{"line":317,"column":51},"end":{"line":317,"column":80}},"224":{"start":{"line":317,"column":77},"end":{"line":317,"column":79}},"225":{"start":{"line":321,"column":40},"end":{"line":323,"column":49}},"226":{"start":{"line":321,"column":81},"end":{"line":321,"column":107}},"227":{"start":{"line":321,"column":108},"end":{"line":321,"column":136}},"228":{"start":{"line":381,"column":4},"end":{"line":472,"column":6}},"229":{"start":{"line":396,"column":47},"end":{"line":396,"column":66}}},"fnMap":{"0":{"name":"(anonymous_0)","decl":{"start":{"line":9,"column":19},"end":{"line":9,"column":20}},"loc":{"start":{"line":9,"column":40},"end":{"line":14,"column":1}},"line":9},"1":{"name":"(anonymous_1)","decl":{"start":{"line":16,"column":24},"end":{"line":16,"column":25}},"loc":{"start":{"line":16,"column":51},"end":{"line":27,"column":1}},"line":16},"2":{"name":"(anonymous_2)","decl":{"start":{"line":22,"column":32},"end":{"line":22,"column":33}},"loc":{"start":{"line":22,"column":39},"end":{"line":22,"column":66}},"line":22},"3":{"name":"(anonymous_3)","decl":{"start":{"line":29,"column":30},"end":{"line":29,"column":31}},"loc":{"start":{"line":29,"column":36},"end":{"line":473,"column":1}},"line":29},"4":{"name":"(anonymous_4)","decl":{"start":{"line":49,"column":49},"end":{"line":49,"column":50}},"loc":{"start":{"line":49,"column":55},"end":{"line":52,"column":5}},"line":49},"5":{"name":"(anonymous_5)","decl":{"start":{"line":56,"column":14},"end":{"line":56,"column":15}},"loc":{"start":{"line":56,"column":20},"end":{"line":74,"column":5}},"line":56},"6":{"name":"(anonymous_6)","decl":{"start":{"line":57,"column":36},"end":{"line":57,"column":37}},"loc":{"start":{"line":57,"column":48},"end":{"line":72,"column":9}},"line":57},"7":{"name":"(anonymous_7)","decl":{"start":{"line":62,"column":29},"end":{"line":62,"column":30}},"loc":{"start":{"line":62,"column":35},"end":{"line":67,"column":17}},"line":62},"8":{"name":"(anonymous_8)","decl":{"start":{"line":68,"column":30},"end":{"line":68,"column":31}},"loc":{"start":{"line":68,"column":36},"end":{"line":70,"column":17}},"line":68},"9":{"name":"(anonymous_9)","decl":{"start":{"line":76,"column":14},"end":{"line":76,"column":15}},"loc":{"start":{"line":76,"column":20},"end":{"line":83,"column":5}},"line":76},"10":{"name":"(anonymous_10)","decl":{"start":{"line":85,"column":14},"end":{"line":85,"column":15}},"loc":{"start":{"line":85,"column":20},"end":{"line":145,"column":5}},"line":85},"11":{"name":"(anonymous_11)","decl":{"start":{"line":86,"column":35},"end":{"line":86,"column":36}},"loc":{"start":{"line":86,"column":58},"end":{"line":90,"column":9}},"line":86},"12":{"name":"(anonymous_12)","decl":{"start":{"line":113,"column":29},"end":{"line":113,"column":30}},"loc":{"start":{"line":113,"column":35},"end":{"line":137,"column":9}},"line":113},"13":{"name":"(anonymous_13)","decl":{"start":{"line":141,"column":15},"end":{"line":141,"column":16}},"loc":{"start":{"line":141,"column":21},"end":{"line":144,"column":9}},"line":141},"14":{"name":"(anonymous_14)","decl":{"start":{"line":147,"column":14},"end":{"line":147,"column":15}},"loc":{"start":{"line":147,"column":20},"end":{"line":210,"column":5}},"line":147},"15":{"name":"(anonymous_15)","decl":{"start":{"line":151,"column":32},"end":{"line":151,"column":33}},"loc":{"start":{"line":151,"column":38},"end":{"line":164,"column":9}},"line":151},"16":{"name":"(anonymous_16)","decl":{"start":{"line":166,"column":30},"end":{"line":166,"column":31}},"loc":{"start":{"line":166,"column":42},"end":{"line":179,"column":9}},"line":166},"17":{"name":"(anonymous_17)","decl":{"start":{"line":205,"column":15},"end":{"line":205,"column":16}},"loc":{"start":{"line":205,"column":21},"end":{"line":209,"column":9}},"line":205},"18":{"name":"(anonymous_18)","decl":{"start":{"line":212,"column":14},"end":{"line":212,"column":15}},"loc":{"start":{"line":212,"column":20},"end":{"line":246,"column":5}},"line":212},"19":{"name":"(anonymous_19)","decl":{"start":{"line":216,"column":29},"end":{"line":216,"column":30}},"loc":{"start":{"line":216,"column":35},"end":{"line":216,"column":97}},"line":216},"20":{"name":"(anonymous_20)","decl":{"start":{"line":217,"column":29},"end":{"line":217,"column":30}},"loc":{"start":{"line":217,"column":35},"end":{"line":217,"column":68}},"line":217},"21":{"name":"(anonymous_21)","decl":{"start":{"line":218,"column":28},"end":{"line":218,"column":29}},"loc":{"start":{"line":218,"column":34},"end":{"line":218,"column":44}},"line":218},"22":{"name":"(anonymous_22)","decl":{"start":{"line":219,"column":27},"end":{"line":219,"column":28}},"loc":{"start":{"line":219,"column":33},"end":{"line":219,"column":51}},"line":219},"23":{"name":"(anonymous_23)","decl":{"start":{"line":220,"column":28},"end":{"line":220,"column":29}},"loc":{"start":{"line":220,"column":34},"end":{"line":220,"column":53}},"line":220},"24":{"name":"(anonymous_24)","decl":{"start":{"line":222,"column":33},"end":{"line":222,"column":34}},"loc":{"start":{"line":222,"column":47},"end":{"line":229,"column":9}},"line":222},"25":{"name":"(anonymous_25)","decl":{"start":{"line":228,"column":23},"end":{"line":228,"column":24}},"loc":{"start":{"line":228,"column":29},"end":{"line":228,"column":39}},"line":228},"26":{"name":"(anonymous_26)","decl":{"start":{"line":238,"column":15},"end":{"line":238,"column":16}},"loc":{"start":{"line":238,"column":21},"end":{"line":245,"column":9}},"line":238},"27":{"name":"(anonymous_27)","decl":{"start":{"line":248,"column":28},"end":{"line":248,"column":29}},"loc":{"start":{"line":248,"column":34},"end":{"line":273,"column":5}},"line":248},"28":{"name":"(anonymous_28)","decl":{"start":{"line":262,"column":34},"end":{"line":262,"column":35}},"loc":{"start":{"line":262,"column":41},"end":{"line":270,"column":17}},"line":262},"29":{"name":"(anonymous_29)","decl":{"start":{"line":275,"column":33},"end":{"line":275,"column":34}},"loc":{"start":{"line":275,"column":77},"end":{"line":281,"column":5}},"line":275},"30":{"name":"(anonymous_30)","decl":{"start":{"line":283,"column":31},"end":{"line":283,"column":32}},"loc":{"start":{"line":283,"column":75},"end":{"line":286,"column":5}},"line":283},"31":{"name":"(anonymous_31)","decl":{"start":{"line":288,"column":23},"end":{"line":288,"column":24}},"loc":{"start":{"line":288,"column":29},"end":{"line":295,"column":5}},"line":288},"32":{"name":"(anonymous_32)","decl":{"start":{"line":297,"column":23},"end":{"line":297,"column":24}},"loc":{"start":{"line":297,"column":29},"end":{"line":301,"column":5}},"line":297},"33":{"name":"(anonymous_33)","decl":{"start":{"line":315,"column":41},"end":{"line":315,"column":42}},"loc":{"start":{"line":315,"column":47},"end":{"line":315,"column":67}},"line":315},"34":{"name":"(anonymous_34)","decl":{"start":{"line":317,"column":45},"end":{"line":317,"column":46}},"loc":{"start":{"line":317,"column":51},"end":{"line":317,"column":80}},"line":317},"35":{"name":"(anonymous_35)","decl":{"start":{"line":317,"column":72},"end":{"line":317,"column":73}},"loc":{"start":{"line":317,"column":77},"end":{"line":317,"column":79}},"line":317},"36":{"name":"(anonymous_36)","decl":{"start":{"line":320,"column":72},"end":{"line":320,"column":73}},"loc":{"start":{"line":321,"column":40},"end":{"line":323,"column":49}},"line":321},"37":{"name":"(anonymous_37)","decl":{"start":{"line":321,"column":73},"end":{"line":321,"column":74}},"loc":{"start":{"line":321,"column":79},"end":{"line":321,"column":138}},"line":321},"38":{"name":"(anonymous_38)","decl":{"start":{"line":396,"column":41},"end":{"line":396,"column":42}},"loc":{"start":{"line":396,"column":47},"end":{"line":396,"column":66}},"line":396}},"branchMap":{"0":{"loc":{"start":{"line":10,"column":4},"end":{"line":10,"column":60}},"type":"if","locations":[{"start":{"line":10,"column":4},"end":{"line":10,"column":60}},{"start":{},"end":{}}],"line":10},"1":{"loc":{"start":{"line":10,"column":8},"end":{"line":10,"column":44}},"type":"binary-expr","locations":[{"start":{"line":10,"column":8},"end":{"line":10,"column":22}},{"start":{"line":10,"column":26},"end":{"line":10,"column":44}}],"line":10},"2":{"loc":{"start":{"line":13,"column":25},"end":{"line":13,"column":45}},"type":"cond-expr","locations":[{"start":{"line":13,"column":37},"end":{"line":13,"column":40}},{"start":{"line":13,"column":43},"end":{"line":13,"column":45}}],"line":13},"3":{"loc":{"start":{"line":17,"column":4},"end":{"line":17,"column":27}},"type":"if","locations":[{"start":{"line":17,"column":4},"end":{"line":17,"column":27}},{"start":{},"end":{}}],"line":17},"4":{"loc":{"start":{"line":21,"column":4},"end":{"line":24,"column":5}},"type":"if","locations":[{"start":{"line":21,"column":4},"end":{"line":24,"column":5}},{"start":{},"end":{}}],"line":21},"5":{"loc":{"start":{"line":21,"column":8},"end":{"line":22,"column":67}},"type":"binary-expr","locations":[{"start":{"line":21,"column":8},"end":{"line":21,"column":67}},{"start":{"line":22,"column":8},"end":{"line":22,"column":67}}],"line":21},"6":{"loc":{"start":{"line":51,"column":15},"end":{"line":51,"column":65}},"type":"cond-expr","locations":[{"start":{"line":51,"column":38},"end":{"line":51,"column":61}},{"start":{"line":51,"column":64},"end":{"line":51,"column":65}}],"line":51},"7":{"loc":{"start":{"line":58,"column":12},"end":{"line":71,"column":13}},"type":"if","locations":[{"start":{"line":58,"column":12},"end":{"line":71,"column":13}},{"start":{},"end":{}}],"line":58},"8":{"loc":{"start":{"line":80,"column":8},"end":{"line":82,"column":9}},"type":"if","locations":[{"start":{"line":80,"column":8},"end":{"line":82,"column":9}},{"start":{},"end":{}}],"line":80},"9":{"loc":{"start":{"line":80,"column":12},"end":{"line":80,"column":27}},"type":"binary-expr","locations":[{"start":{"line":80,"column":12},"end":{"line":80,"column":16}},{"start":{"line":80,"column":20},"end":{"line":80,"column":27}}],"line":80},"10":{"loc":{"start":{"line":87,"column":12},"end":{"line":89,"column":13}},"type":"if","locations":[{"start":{"line":87,"column":12},"end":{"line":89,"column":13}},{"start":{},"end":{}}],"line":87},"11":{"loc":{"start":{"line":87,"column":16},"end":{"line":87,"column":96}},"type":"binary-expr","locations":[{"start":{"line":87,"column":16},"end":{"line":87,"column":38}},{"start":{"line":87,"column":42},"end":{"line":87,"column":96}}],"line":87},"12":{"loc":{"start":{"line":93,"column":8},"end":{"line":111,"column":9}},"type":"if","locations":[{"start":{"line":93,"column":8},"end":{"line":111,"column":9}},{"start":{},"end":{}}],"line":93},"13":{"loc":{"start":{"line":95,"column":37},"end":{"line":95,"column":94}},"type":"binary-expr","locations":[{"start":{"line":95,"column":37},"end":{"line":95,"column":56}},{"start":{"line":95,"column":60},"end":{"line":95,"column":94}}],"line":95},"14":{"loc":{"start":{"line":116,"column":34},"end":{"line":116,"column":86}},"type":"cond-expr","locations":[{"start":{"line":116,"column":50},"end":{"line":116,"column":82}},{"start":{"line":116,"column":85},"end":{"line":116,"column":86}}],"line":116},"15":{"loc":{"start":{"line":124,"column":12},"end":{"line":127,"column":13}},"type":"if","locations":[{"start":{"line":124,"column":12},"end":{"line":127,"column":13}},{"start":{},"end":{}}],"line":124},"16":{"loc":{"start":{"line":124,"column":16},"end":{"line":124,"column":41}},"type":"binary-expr","locations":[{"start":{"line":124,"column":16},"end":{"line":124,"column":20}},{"start":{"line":124,"column":24},"end":{"line":124,"column":30}},{"start":{"line":124,"column":34},"end":{"line":124,"column":41}}],"line":124},"17":{"loc":{"start":{"line":149,"column":8},"end":{"line":149,"column":27}},"type":"if","locations":[{"start":{"line":149,"column":8},"end":{"line":149,"column":27}},{"start":{},"end":{}}],"line":149},"18":{"loc":{"start":{"line":152,"column":12},"end":{"line":163,"column":13}},"type":"if","locations":[{"start":{"line":152,"column":12},"end":{"line":163,"column":13}},{"start":{},"end":{}}],"line":152},"19":{"loc":{"start":{"line":152,"column":16},"end":{"line":152,"column":88}},"type":"binary-expr","locations":[{"start":{"line":152,"column":16},"end":{"line":152,"column":39}},{"start":{"line":152,"column":43},"end":{"line":152,"column":62}},{"start":{"line":152,"column":66},"end":{"line":152,"column":88}}],"line":152},"20":{"loc":{"start":{"line":157,"column":20},"end":{"line":161,"column":21}},"type":"if","locations":[{"start":{"line":157,"column":20},"end":{"line":161,"column":21}},{"start":{"line":159,"column":27},"end":{"line":161,"column":21}}],"line":157},"21":{"loc":{"start":{"line":157,"column":24},"end":{"line":157,"column":83}},"type":"binary-expr","locations":[{"start":{"line":157,"column":24},"end":{"line":157,"column":49}},{"start":{"line":157,"column":53},"end":{"line":157,"column":83}}],"line":157},"22":{"loc":{"start":{"line":169,"column":16},"end":{"line":171,"column":17}},"type":"if","locations":[{"start":{"line":169,"column":16},"end":{"line":171,"column":17}},{"start":{},"end":{}}],"line":169},"23":{"loc":{"start":{"line":181,"column":8},"end":{"line":203,"column":9}},"type":"if","locations":[{"start":{"line":181,"column":8},"end":{"line":203,"column":9}},{"start":{"line":193,"column":15},"end":{"line":203,"column":9}}],"line":181},"24":{"loc":{"start":{"line":181,"column":12},"end":{"line":181,"column":67}},"type":"binary-expr","locations":[{"start":{"line":181,"column":12},"end":{"line":181,"column":24}},{"start":{"line":181,"column":28},"end":{"line":181,"column":67}}],"line":181},"25":{"loc":{"start":{"line":182,"column":12},"end":{"line":192,"column":13}},"type":"if","locations":[{"start":{"line":182,"column":12},"end":{"line":192,"column":13}},{"start":{"line":190,"column":19},"end":{"line":192,"column":13}}],"line":182},"26":{"loc":{"start":{"line":190,"column":19},"end":{"line":192,"column":13}},"type":"if","locations":[{"start":{"line":190,"column":19},"end":{"line":192,"column":13}},{"start":{},"end":{}}],"line":190},"27":{"loc":{"start":{"line":199,"column":12},"end":{"line":202,"column":13}},"type":"if","locations":[{"start":{"line":199,"column":12},"end":{"line":202,"column":13}},{"start":{},"end":{}}],"line":199},"28":{"loc":{"start":{"line":199,"column":16},"end":{"line":199,"column":72}},"type":"binary-expr","locations":[{"start":{"line":199,"column":16},"end":{"line":199,"column":28}},{"start":{"line":199,"column":32},"end":{"line":199,"column":72}}],"line":199},"29":{"loc":{"start":{"line":206,"column":12},"end":{"line":208,"column":13}},"type":"if","locations":[{"start":{"line":206,"column":12},"end":{"line":208,"column":13}},{"start":{},"end":{}}],"line":206},"30":{"loc":{"start":{"line":214,"column":8},"end":{"line":214,"column":27}},"type":"if","locations":[{"start":{"line":214,"column":8},"end":{"line":214,"column":27}},{"start":{},"end":{}}],"line":214},"31":{"loc":{"start":{"line":216,"column":37},"end":{"line":216,"column":95}},"type":"if","locations":[{"start":{"line":216,"column":37},"end":{"line":216,"column":95}},{"start":{},"end":{}}],"line":216},"32":{"loc":{"start":{"line":224,"column":12},"end":{"line":224,"column":36}},"type":"if","locations":[{"start":{"line":224,"column":12},"end":{"line":224,"column":36}},{"start":{},"end":{}}],"line":224},"33":{"loc":{"start":{"line":225,"column":88},"end":{"line":225,"column":123}},"type":"binary-expr","locations":[{"start":{"line":225,"column":88},"end":{"line":225,"column":106}},{"start":{"line":225,"column":110},"end":{"line":225,"column":123}}],"line":225},"34":{"loc":{"start":{"line":226,"column":28},"end":{"line":226,"column":63}},"type":"binary-expr","locations":[{"start":{"line":226,"column":28},"end":{"line":226,"column":47}},{"start":{"line":226,"column":51},"end":{"line":226,"column":63}}],"line":226},"35":{"loc":{"start":{"line":251,"column":8},"end":{"line":251,"column":48}},"type":"if","locations":[{"start":{"line":251,"column":8},"end":{"line":251,"column":48}},{"start":{},"end":{}}],"line":251},"36":{"loc":{"start":{"line":251,"column":12},"end":{"line":251,"column":39}},"type":"binary-expr","locations":[{"start":{"line":251,"column":12},"end":{"line":251,"column":18}},{"start":{"line":251,"column":22},"end":{"line":251,"column":39}}],"line":251},"37":{"loc":{"start":{"line":253,"column":8},"end":{"line":255,"column":9}},"type":"if","locations":[{"start":{"line":253,"column":8},"end":{"line":255,"column":9}},{"start":{},"end":{}}],"line":253},"38":{"loc":{"start":{"line":253,"column":12},"end":{"line":253,"column":52}},"type":"binary-expr","locations":[{"start":{"line":253,"column":12},"end":{"line":253,"column":19}},{"start":{"line":253,"column":23},"end":{"line":253,"column":52}}],"line":253},"39":{"loc":{"start":{"line":257,"column":8},"end":{"line":272,"column":9}},"type":"if","locations":[{"start":{"line":257,"column":8},"end":{"line":272,"column":9}},{"start":{"line":259,"column":15},"end":{"line":272,"column":9}}],"line":257},"40":{"loc":{"start":{"line":261,"column":12},"end":{"line":271,"column":13}},"type":"if","locations":[{"start":{"line":261,"column":12},"end":{"line":271,"column":13}},{"start":{},"end":{}}],"line":261},"41":{"loc":{"start":{"line":264,"column":21},"end":{"line":268,"column":21}},"type":"if","locations":[{"start":{"line":264,"column":21},"end":{"line":268,"column":21}},{"start":{"line":266,"column":27},"end":{"line":268,"column":21}}],"line":264},"42":{"loc":{"start":{"line":277,"column":8},"end":{"line":277,"column":27}},"type":"if","locations":[{"start":{"line":277,"column":8},"end":{"line":277,"column":27}},{"start":{},"end":{}}],"line":277},"43":{"loc":{"start":{"line":289,"column":8},"end":{"line":294,"column":9}},"type":"if","locations":[{"start":{"line":289,"column":8},"end":{"line":294,"column":9}},{"start":{"line":292,"column":15},"end":{"line":294,"column":9}}],"line":289},"44":{"loc":{"start":{"line":293,"column":22},"end":{"line":293,"column":65}},"type":"cond-expr","locations":[{"start":{"line":293,"column":45},"end":{"line":293,"column":61}},{"start":{"line":293,"column":64},"end":{"line":293,"column":65}}],"line":293},"45":{"loc":{"start":{"line":298,"column":8},"end":{"line":298,"column":68}},"type":"if","locations":[{"start":{"line":298,"column":8},"end":{"line":298,"column":68}},{"start":{},"end":{}}],"line":298},"46":{"loc":{"start":{"line":299,"column":8},"end":{"line":299,"column":69}},"type":"if","locations":[{"start":{"line":299,"column":8},"end":{"line":299,"column":69}},{"start":{},"end":{}}],"line":299},"47":{"loc":{"start":{"line":303,"column":4},"end":{"line":303,"column":35}},"type":"if","locations":[{"start":{"line":303,"column":4},"end":{"line":303,"column":35}},{"start":{},"end":{}}],"line":303},"48":{"loc":{"start":{"line":305,"column":4},"end":{"line":379,"column":5}},"type":"if","locations":[{"start":{"line":305,"column":4},"end":{"line":379,"column":5}},{"start":{},"end":{}}],"line":305},"49":{"loc":{"start":{"line":318,"column":29},"end":{"line":326,"column":29}},"type":"binary-expr","locations":[{"start":{"line":318,"column":29},"end":{"line":318,"column":46}},{"start":{"line":319,"column":32},"end":{"line":325,"column":38}}],"line":318},"50":{"loc":{"start":{"line":321,"column":200},"end":{"line":321,"column":270}},"type":"cond-expr","locations":[{"start":{"line":321,"column":228},"end":{"line":321,"column":246}},{"start":{"line":321,"column":249},"end":{"line":321,"column":270}}],"line":321},"51":{"loc":{"start":{"line":335,"column":25},"end":{"line":337,"column":25}},"type":"binary-expr","locations":[{"start":{"line":335,"column":25},"end":{"line":335,"column":49}},{"start":{"line":336,"column":28},"end":{"line":336,"column":121}}],"line":335},"52":{"loc":{"start":{"line":347,"column":59},"end":{"line":347,"column":108}},"type":"cond-expr","locations":[{"start":{"line":347,"column":74},"end":{"line":347,"column":104}},{"start":{"line":347,"column":107},"end":{"line":347,"column":108}}],"line":347},"53":{"loc":{"start":{"line":353,"column":41},"end":{"line":353,"column":54}},"type":"binary-expr","locations":[{"start":{"line":353,"column":41},"end":{"line":353,"column":49}},{"start":{"line":353,"column":53},"end":{"line":353,"column":54}}],"line":353},"54":{"loc":{"start":{"line":365,"column":203},"end":{"line":365,"column":231}},"type":"cond-expr","locations":[{"start":{"line":365,"column":215},"end":{"line":365,"column":222}},{"start":{"line":365,"column":225},"end":{"line":365,"column":231}}],"line":365},"55":{"loc":{"start":{"line":366,"column":37},"end":{"line":366,"column":134}},"type":"cond-expr","locations":[{"start":{"line":366,"column":49},"end":{"line":366,"column":88}},{"start":{"line":366,"column":91},"end":{"line":366,"column":134}}],"line":366},"56":{"loc":{"start":{"line":408,"column":207},"end":{"line":408,"column":235}},"type":"cond-expr","locations":[{"start":{"line":408,"column":219},"end":{"line":408,"column":226}},{"start":{"line":408,"column":229},"end":{"line":408,"column":235}}],"line":408},"57":{"loc":{"start":{"line":409,"column":33},"end":{"line":409,"column":132}},"type":"cond-expr","locations":[{"start":{"line":409,"column":45},"end":{"line":409,"column":84}},{"start":{"line":409,"column":87},"end":{"line":409,"column":132}}],"line":409},"58":{"loc":{"start":{"line":419,"column":59},"end":{"line":419,"column":108}},"type":"cond-expr","locations":[{"start":{"line":419,"column":74},"end":{"line":419,"column":104}},{"start":{"line":419,"column":107},"end":{"line":419,"column":108}}],"line":419},"59":{"loc":{"start":{"line":425,"column":41},"end":{"line":425,"column":54}},"type":"binary-expr","locations":[{"start":{"line":425,"column":41},"end":{"line":425,"column":49}},{"start":{"line":425,"column":53},"end":{"line":425,"column":54}}],"line":425}},"s":{"0":0,"1":0,"2":0,"3":0,"4":0,"5":0,"6":0,"7":0,"8":0,"9":0,"10":0,"11":0,"12":0,"13":0,"14":0,"15":0,"16":0,"17":0,"18":0,"19":0,"20":0,"21":0,"22":0,"23":0,"24":0,"25":0,"26":0,"27":0,"28":0,"29":0,"30":0,"31":0,"32":0,"33":0,"34":0,"35":0,"36":0,"37":0,"38":0,"39":0,"40":0,"41":0,"42":0,"43":0,"44":0,"45":0,"46":0,"47":0,"48":0,"49":0,"50":0,"51":0,"52":0,"53":0,"54":0,"55":0,"56":0,"57":0,"58":0,"59":0,"60":0,"61":0,"62":0,"63":0,"64":0,"65":0,"66":0,"67":0,"68":0,"69":0,"70":0,"71":0,"72":0,"73":0,"74":0,"75":0,"76":0,"77":0,"78":0,"79":0,"80":0,"81":0,"82":0,"83":0,"84":0,"85":0,"86":0,"87":0,"88":0,"89":0,"90":0,"91":0,"92":0,"93":0,"94":0,"95":0,"96":0,"97":0,"98":0,"99":0,"100":0,"101":0,"102":0,"103":0,"104":0,"105":0,"106":0,"107":0,"108":0,"109":0,"110":0,"111":0,"112":0,"113":0,"114":0,"115":0,"116":0,"117":0,"118":0,"119":0,"120":0,"121":0,"122":0,"123":0,"124":0,"125":0,"126":0,"127":0,"128":0,"129":0,"130":0,"131":0,"132":0,"133":0,"134":0,"135":0,"136":0,"137":0,"138":0,"139":0,"140":0,"141":0,"142":0,"143":0,"144":0,"145":0,"146":0,"147":0,"148":0,"149":0,"150":0,"151":0,"152":0,"153":0,"154":0,"155":0,"156":0,"157":0,"158":0,"159":0,"160":0,"161":0,"162":0,"163":0,"164":0,"165":0,"166":0,"167":0,"168":0,"169":0,"170":0,"171":0,"172":0,"173":0,"174":0,"175":0,"176":0,"177":0,"178":0,"179":0,"180":0,"181":0,"182":0,"183":0,"184":0,"185":0,"186":0,"187":0,"188":0,"189":0,"190":0,"191":0,"192":0,"193":0,"194":0,"195":0,"196":0,"197":0,"198":0,"199":0,"200":0,"201":0,"202":0,"203":0,"204":0,"205":0,"206":0,"207":0,"208":0,"209":0,"210":0,"211":0,"212":0,"213":0,"214":0,"215":0,"216":0,"217":0,"218":0,"219":0,"220":0,"221":0,"222":0,"223":0,"224":0,"225":0,"226":0,"227":0,"228":0,"229":0},"f":{"0":0,"1":0,"2":0,"3":0,"4":0,"5":0,"6":0,"7":0,"8":0,"9":0,"10":0,"11":0,"12":0,"13":0,"14":0,"15":0,"16":0,"17":0,"18":0,"19":0,"20":0,"21":0,"22":0,"23":0,"24":0,"25":0,"26":0,"27":0,"28":0,"29":0,"30":0,"31":0,"32":0,"33":0,"34":0,"35":0,"36":0,"37":0,"38":0},"b":{"0":[0,0],"1":[0,0],"2":[0,0],"3":[0,0],"4":[0,0],"5":[0,0],"6":[0,0],"7":[0,0],"8":[0,0],"9":[0,0],"10":[0,0],"11":[0,0],"12":[0,0],"13":[0,0],"14":[0,0],"15":[0,0],"16":[0,0,0],"17":[0,0],"18":[0,0],"19":[0,0,0],"20":[0,0],"21":[0,0],"22":[0,0],"23":[0,0],"24":[0,0],"25":[0,0],"26":[0,0],"27":[0,0],"28":[0,0],"29":[0,0],"30":[0,0],"31":[0,0],"32":[0,0],"33":[0,0],"34":[0,0],"35":[0,0],"36":[0,0],"37":[0,0],"38":[0,0],"39":[0,0],"40":[0,0],"41":[0,0],"42":[0,0],"43":[0,0],"44":[0,0],"45":[0,0],"46":[0,0],"47":[0,0],"48":[0,0],"49":[0,0],"50":[0,0],"51":[0,0],"52":[0,0],"53":[0,0],"54":[0,0],"55":[0,0],"56":[0,0],"57":[0,0],"58":[0,0],"59":[0,0]}}
,"/app/src/components/Footer.tsx": {"path":"/app/src/components/Footer.tsx","statementMap":{"0":{"start":{"line":8,"column":55},"end":{"line":12,"column":1}},"1":{"start":{"line":9,"column":4},"end":{"line":11,"column":9}},"2":{"start":{"line":14,"column":59},"end":{"line":28,"column":1}},"3":{"start":{"line":15,"column":22},"end":{"line":17,"column":20}},"4":{"start":{"line":19,"column":4},"end":{"line":27,"column":6}},"5":{"start":{"line":31,"column":25},"end":{"line":88,"column":1}},"6":{"start":{"line":32,"column":28},"end":{"line":32,"column":40}},"7":{"start":{"line":33,"column":22},"end":{"line":33,"column":46}},"8":{"start":{"line":35,"column":2},"end":{"line":87,"column":4}},"9":{"start":{"line":60,"column":14},"end":{"line":65,"column":20}},"10":{"start":{"line":63,"column":44},"end":{"line":63,"column":87}},"11":{"start":{"line":71,"column":60},"end":{"line":71,"column":104}}},"fnMap":{"0":{"name":"(anonymous_0)","decl":{"start":{"line":8,"column":55},"end":{"line":8,"column":56}},"loc":{"start":{"line":9,"column":4},"end":{"line":11,"column":9}},"line":9},"1":{"name":"(anonymous_1)","decl":{"start":{"line":14,"column":59},"end":{"line":14,"column":60}},"loc":{"start":{"line":14,"column":73},"end":{"line":28,"column":1}},"line":14},"2":{"name":"(anonymous_2)","decl":{"start":{"line":31,"column":25},"end":{"line":31,"column":26}},"loc":{"start":{"line":31,"column":31},"end":{"line":88,"column":1}},"line":31},"3":{"name":"(anonymous_3)","decl":{"start":{"line":59,"column":37},"end":{"line":59,"column":38}},"loc":{"start":{"line":60,"column":14},"end":{"line":65,"column":20}},"line":60},"4":{"name":"(anonymous_4)","decl":{"start":{"line":63,"column":36},"end":{"line":63,"column":37}},"loc":{"start":{"line":63,"column":44},"end":{"line":63,"column":87}},"line":63},"5":{"name":"(anonymous_5)","decl":{"start":{"line":71,"column":52},"end":{"line":71,"column":53}},"loc":{"start":{"line":71,"column":60},"end":{"line":71,"column":104}},"line":71}},"branchMap":{"0":{"loc":{"start":{"line":15,"column":22},"end":{"line":17,"column":20}},"type":"cond-expr","locations":[{"start":{"line":16,"column":11},"end":{"line":16,"column":86}},{"start":{"line":17,"column":10},"end":{"line":17,"column":20}}],"line":15},"1":{"loc":{"start":{"line":15,"column":22},"end":{"line":15,"column":67}},"type":"binary-expr","locations":[{"start":{"line":15,"column":22},"end":{"line":15,"column":33}},{"start":{"line":15,"column":37},"end":{"line":15,"column":67}}],"line":15},"2":{"loc":{"start":{"line":16,"column":11},"end":{"line":16,"column":86}},"type":"cond-expr","locations":[{"start":{"line":16,"column":38},"end":{"line":16,"column":60}},{"start":{"line":16,"column":63},"end":{"line":16,"column":86}}],"line":16},"3":{"loc":{"start":{"line":22,"column":13},"end":{"line":24,"column":43}},"type":"cond-expr","locations":[{"start":{"line":23,"column":18},"end":{"line":23,"column":125}},{"start":{"line":24,"column":18},"end":{"line":24,"column":43}}],"line":22}},"s":{"0":0,"1":0,"2":0,"3":0,"4":0,"5":0,"6":0,"7":0,"8":0,"9":0,"10":0,"11":0},"f":{"0":0,"1":0,"2":0,"3":0,"4":0,"5":0},"b":{"0":[0,0],"1":[0,0],"2":[0,0],"3":[0,0]}}
,"/app/src/components/Header.tsx": {"path":"/app/src/components/Header.tsx","statementMap":{"0":{"start":{"line":9,"column":119},"end":{"line":19,"column":1}},"1":{"start":{"line":10,"column":27},"end":{"line":11,"column":283}},"2":{"start":{"line":11,"column":8},"end":{"line":11,"column":283}},"3":{"start":{"line":13,"column":4},"end":{"line":18,"column":6}},"4":{"start":{"line":21,"column":43},"end":{"line":43,"column":1}},"5":{"start":{"line":22,"column":4},"end":{"line":42,"column":6}},"6":{"start":{"line":46,"column":25},"end":{"line":147,"column":1}},"7":{"start":{"line":47,"column":27},"end":{"line":47,"column":36}},"8":{"start":{"line":48,"column":30},"end":{"line":48,"column":42}},"9":{"start":{"line":49,"column":44},"end":{"line":49,"column":59}},"10":{"start":{"line":50,"column":18},"end":{"line":50,"column":46}},"11":{"start":{"line":52,"column":2},"end":{"line":60,"column":16}},"12":{"start":{"line":53,"column":31},"end":{"line":57,"column":5}},"13":{"start":{"line":54,"column":6},"end":{"line":56,"column":7}},"14":{"start":{"line":55,"column":8},"end":{"line":55,"column":31}},"15":{"start":{"line":58,"column":4},"end":{"line":58,"column":63}},"16":{"start":{"line":59,"column":4},"end":{"line":59,"column":79}},"17":{"start":{"line":59,"column":17},"end":{"line":59,"column":78}},"18":{"start":{"line":62,"column":27},"end":{"line":62,"column":113}},"19":{"start":{"line":64,"column":2},"end":{"line":146,"column":4}},"20":{"start":{"line":88,"column":35},"end":{"line":88,"column":67}},"21":{"start":{"line":96,"column":134},"end":{"line":96,"column":156}},"22":{"start":{"line":97,"column":137},"end":{"line":97,"column":159}},"23":{"start":{"line":98,"column":141},"end":{"line":98,"column":163}},"24":{"start":{"line":99,"column":165},"end":{"line":99,"column":187}},"25":{"start":{"line":103,"column":136},"end":{"line":103,"column":158}},"26":{"start":{"line":104,"column":121},"end":{"line":104,"column":143}},"27":{"start":{"line":105,"column":130},"end":{"line":105,"column":152}},"28":{"start":{"line":106,"column":142},"end":{"line":106,"column":164}},"29":{"start":{"line":107,"column":148},"end":{"line":107,"column":170}},"30":{"start":{"line":111,"column":136},"end":{"line":111,"column":158}},"31":{"start":{"line":112,"column":115},"end":{"line":112,"column":137}},"32":{"start":{"line":113,"column":114},"end":{"line":113,"column":136}},"33":{"start":{"line":114,"column":119},"end":{"line":114,"column":141}},"34":{"start":{"line":115,"column":118},"end":{"line":115,"column":140}}},"fnMap":{"0":{"name":"(anonymous_0)","decl":{"start":{"line":9,"column":119},"end":{"line":9,"column":120}},"loc":{"start":{"line":9,"column":168},"end":{"line":19,"column":1}},"line":9},"1":{"name":"(anonymous_1)","decl":{"start":{"line":10,"column":27},"end":{"line":10,"column":28}},"loc":{"start":{"line":11,"column":8},"end":{"line":11,"column":283}},"line":11},"2":{"name":"(anonymous_2)","decl":{"start":{"line":21,"column":43},"end":{"line":21,"column":44}},"loc":{"start":{"line":21,"column":57},"end":{"line":43,"column":1}},"line":21},"3":{"name":"(anonymous_3)","decl":{"start":{"line":46,"column":25},"end":{"line":46,"column":26}},"loc":{"start":{"line":46,"column":31},"end":{"line":147,"column":1}},"line":46},"4":{"name":"(anonymous_4)","decl":{"start":{"line":52,"column":12},"end":{"line":52,"column":13}},"loc":{"start":{"line":52,"column":18},"end":{"line":60,"column":3}},"line":52},"5":{"name":"(anonymous_5)","decl":{"start":{"line":53,"column":31},"end":{"line":53,"column":32}},"loc":{"start":{"line":53,"column":54},"end":{"line":57,"column":5}},"line":53},"6":{"name":"(anonymous_6)","decl":{"start":{"line":59,"column":11},"end":{"line":59,"column":12}},"loc":{"start":{"line":59,"column":17},"end":{"line":59,"column":78}},"line":59},"7":{"name":"(anonymous_7)","decl":{"start":{"line":88,"column":29},"end":{"line":88,"column":30}},"loc":{"start":{"line":88,"column":35},"end":{"line":88,"column":67}},"line":88},"8":{"name":"(anonymous_8)","decl":{"start":{"line":96,"column":128},"end":{"line":96,"column":129}},"loc":{"start":{"line":96,"column":134},"end":{"line":96,"column":156}},"line":96},"9":{"name":"(anonymous_9)","decl":{"start":{"line":97,"column":131},"end":{"line":97,"column":132}},"loc":{"start":{"line":97,"column":137},"end":{"line":97,"column":159}},"line":97},"10":{"name":"(anonymous_10)","decl":{"start":{"line":98,"column":135},"end":{"line":98,"column":136}},"loc":{"start":{"line":98,"column":141},"end":{"line":98,"column":163}},"line":98},"11":{"name":"(anonymous_11)","decl":{"start":{"line":99,"column":159},"end":{"line":99,"column":160}},"loc":{"start":{"line":99,"column":165},"end":{"line":99,"column":187}},"line":99},"12":{"name":"(anonymous_12)","decl":{"start":{"line":103,"column":130},"end":{"line":103,"column":131}},"loc":{"start":{"line":103,"column":136},"end":{"line":103,"column":158}},"line":103},"13":{"name":"(anonymous_13)","decl":{"start":{"line":104,"column":115},"end":{"line":104,"column":116}},"loc":{"start":{"line":104,"column":121},"end":{"line":104,"column":143}},"line":104},"14":{"name":"(anonymous_14)","decl":{"start":{"line":105,"column":124},"end":{"line":105,"column":125}},"loc":{"start":{"line":105,"column":130},"end":{"line":105,"column":152}},"line":105},"15":{"name":"(anonymous_15)","decl":{"start":{"line":106,"column":136},"end":{"line":106,"column":137}},"loc":{"start":{"line":106,"column":142},"end":{"line":106,"column":164}},"line":106},"16":{"name":"(anonymous_16)","decl":{"start":{"line":107,"column":142},"end":{"line":107,"column":143}},"loc":{"start":{"line":107,"column":148},"end":{"line":107,"column":170}},"line":107},"17":{"name":"(anonymous_17)","decl":{"start":{"line":111,"column":130},"end":{"line":111,"column":131}},"loc":{"start":{"line":111,"column":136},"end":{"line":111,"column":158}},"line":111},"18":{"name":"(anonymous_18)","decl":{"start":{"line":112,"column":109},"end":{"line":112,"column":110}},"loc":{"start":{"line":112,"column":115},"end":{"line":112,"column":137}},"line":112},"19":{"name":"(anonymous_19)","decl":{"start":{"line":113,"column":108},"end":{"line":113,"column":109}},"loc":{"start":{"line":113,"column":114},"end":{"line":113,"column":136}},"line":113},"20":{"name":"(anonymous_20)","decl":{"start":{"line":114,"column":113},"end":{"line":114,"column":114}},"loc":{"start":{"line":114,"column":119},"end":{"line":114,"column":141}},"line":114},"21":{"name":"(anonymous_21)","decl":{"start":{"line":115,"column":112},"end":{"line":115,"column":113}},"loc":{"start":{"line":115,"column":118},"end":{"line":115,"column":140}},"line":115}},"branchMap":{"0":{"loc":{"start":{"line":9,"column":139},"end":{"line":9,"column":152}},"type":"default-arg","locations":[{"start":{"line":9,"column":147},"end":{"line":9,"column":152}}],"line":9},"1":{"loc":{"start":{"line":11,"column":105},"end":{"line":11,"column":281}},"type":"cond-expr","locations":[{"start":{"line":11,"column":116},"end":{"line":11,"column":148}},{"start":{"line":11,"column":151},"end":{"line":11,"column":281}}],"line":11},"2":{"loc":{"start":{"line":25,"column":17},"end":{"line":29,"column":17}},"type":"cond-expr","locations":[{"start":{"line":26,"column":20},"end":{"line":26,"column":122}},{"start":{"line":28,"column":20},"end":{"line":28,"column":53}}],"line":25},"3":{"loc":{"start":{"line":26,"column":51},"end":{"line":26,"column":79}},"type":"binary-expr","locations":[{"start":{"line":26,"column":51},"end":{"line":26,"column":66}},{"start":{"line":26,"column":70},"end":{"line":26,"column":79}}],"line":26},"4":{"loc":{"start":{"line":33,"column":64},"end":{"line":33,"column":92}},"type":"binary-expr","locations":[{"start":{"line":33,"column":64},"end":{"line":33,"column":79}},{"start":{"line":33,"column":83},"end":{"line":33,"column":92}}],"line":33},"5":{"loc":{"start":{"line":34,"column":21},"end":{"line":34,"column":113}},"type":"binary-expr","locations":[{"start":{"line":34,"column":21},"end":{"line":34,"column":59}},{"start":{"line":34,"column":63},"end":{"line":34,"column":113}}],"line":34},"6":{"loc":{"start":{"line":35,"column":21},"end":{"line":35,"column":108}},"type":"binary-expr","locations":[{"start":{"line":35,"column":21},"end":{"line":35,"column":55}},{"start":{"line":35,"column":59},"end":{"line":35,"column":108}}],"line":35},"7":{"loc":{"start":{"line":54,"column":6},"end":{"line":56,"column":7}},"type":"if","locations":[{"start":{"line":54,"column":6},"end":{"line":56,"column":7}},{"start":{},"end":{}}],"line":54},"8":{"loc":{"start":{"line":54,"column":10},"end":{"line":54,"column":76}},"type":"binary-expr","locations":[{"start":{"line":54,"column":10},"end":{"line":54,"column":25}},{"start":{"line":54,"column":29},"end":{"line":54,"column":76}}],"line":54},"9":{"loc":{"start":{"line":62,"column":27},"end":{"line":62,"column":113}},"type":"binary-expr","locations":[{"start":{"line":62,"column":27},"end":{"line":62,"column":31}},{"start":{"line":62,"column":36},"end":{"line":62,"column":74}},{"start":{"line":62,"column":78},"end":{"line":62,"column":112}}],"line":62},"10":{"loc":{"start":{"line":94,"column":17},"end":{"line":117,"column":17}},"type":"binary-expr","locations":[{"start":{"line":94,"column":17},"end":{"line":94,"column":31}},{"start":{"line":95,"column":20},"end":{"line":116,"column":26}}],"line":94},"11":{"loc":{"start":{"line":96,"column":25},"end":{"line":96,"column":160}},"type":"binary-expr","locations":[{"start":{"line":96,"column":25},"end":{"line":96,"column":29}},{"start":{"line":96,"column":33},"end":{"line":96,"column":160}}],"line":96},"12":{"loc":{"start":{"line":97,"column":25},"end":{"line":97,"column":163}},"type":"binary-expr","locations":[{"start":{"line":97,"column":25},"end":{"line":97,"column":29}},{"start":{"line":97,"column":33},"end":{"line":97,"column":163}}],"line":97},"13":{"loc":{"start":{"line":98,"column":25},"end":{"line":98,"column":167}},"type":"binary-expr","locations":[{"start":{"line":98,"column":25},"end":{"line":98,"column":29}},{"start":{"line":98,"column":33},"end":{"line":98,"column":167}}],"line":98},"14":{"loc":{"start":{"line":99,"column":25},"end":{"line":99,"column":191}},"type":"binary-expr","locations":[{"start":{"line":99,"column":25},"end":{"line":99,"column":60}},{"start":{"line":99,"column":64},"end":{"line":99,"column":191}}],"line":99},"15":{"loc":{"start":{"line":106,"column":25},"end":{"line":106,"column":168}},"type":"binary-expr","locations":[{"start":{"line":106,"column":25},"end":{"line":106,"column":41}},{"start":{"line":106,"column":45},"end":{"line":106,"column":168}}],"line":106},"16":{"loc":{"start":{"line":107,"column":25},"end":{"line":107,"column":174}},"type":"binary-expr","locations":[{"start":{"line":107,"column":25},"end":{"line":107,"column":40}},{"start":{"line":107,"column":44},"end":{"line":107,"column":174}}],"line":107},"17":{"loc":{"start":{"line":126,"column":13},"end":{"line":141,"column":13}},"type":"cond-expr","locations":[{"start":{"line":127,"column":14},"end":{"line":130,"column":20}},{"start":{"line":132,"column":14},"end":{"line":140,"column":20}}],"line":126}},"s":{"0":1,"1":153,"2":153,"3":153,"4":1,"5":13,"6":1,"7":18,"8":17,"9":17,"10":17,"11":17,"12":11,"13":0,"14":0,"15":11,"16":11,"17":11,"18":17,"19":17,"20":6,"21":0,"22":0,"23":0,"24":0,"25":0,"26":0,"27":0,"28":0,"29":0,"30":0,"31":0,"32":0,"33":0,"34":0},"f":{"0":153,"1":153,"2":13,"3":18,"4":11,"5":0,"6":11,"7":6,"8":0,"9":0,"10":0,"11":0,"12":0,"13":0,"14":0,"15":0,"16":0,"17":0,"18":0,"19":0,"20":0,"21":0},"b":{"0":[136],"1":[17,136],"2":[13,0],"3":[13,13],"4":[13,13],"5":[13,2],"6":[13,2],"7":[0,0],"8":[0,0],"9":[17,13,11],"10":[17,6],"11":[6,5],"12":[6,5],"13":[6,5],"14":[6,1],"15":[6,2],"16":[6,2],"17":[13,4]},"_coverageSchema":"1a1c01bbd47fc00a2c39e90264f33305004495a9","hash":"ce76a8bb8c5bbec5b9d49ef4b83d175fb1452c2b"}
,"/app/src/components/Layout.tsx": {"path":"/app/src/components/Layout.tsx","statementMap":{"0":{"start":{"line":9,"column":25},"end":{"line":22,"column":1}},"1":{"start":{"line":10,"column":27},"end":{"line":10,"column":39}},"2":{"start":{"line":12,"column":2},"end":{"line":21,"column":4}}},"fnMap":{"0":{"name":"(anonymous_0)","decl":{"start":{"line":9,"column":25},"end":{"line":9,"column":26}},"loc":{"start":{"line":9,"column":31},"end":{"line":22,"column":1}},"line":9}},"branchMap":{"0":{"loc":{"start":{"line":13,"column":150},"end":{"line":13,"column":177}},"type":"cond-expr","locations":[{"start":{"line":13,"column":165},"end":{"line":13,"column":172}},{"start":{"line":13,"column":175},"end":{"line":13,"column":177}}],"line":13}},"s":{"0":0,"1":0,"2":0},"f":{"0":0},"b":{"0":[0,0]}}
,"/app/src/components/Visualizer.tsx": {"path":"/app/src/components/Visualizer.tsx","statementMap":{"0":{"start":{"line":8,"column":46},"end":{"line":101,"column":1}},"1":{"start":{"line":9,"column":22},"end":{"line":9,"column":53}},"2":{"start":{"line":10,"column":44},"end":{"line":10,"column":55}},"3":{"start":{"line":13,"column":4},"end":{"line":19,"column":22}},"4":{"start":{"line":14,"column":8},"end":{"line":14,"column":45}},"5":{"start":{"line":14,"column":38},"end":{"line":14,"column":45}},"6":{"start":{"line":15,"column":25},"end":{"line":17,"column":16}},"7":{"start":{"line":16,"column":12},"end":{"line":16,"column":79}},"8":{"start":{"line":16,"column":41},"end":{"line":16,"column":77}},"9":{"start":{"line":18,"column":8},"end":{"line":18,"column":45}},"10":{"start":{"line":18,"column":21},"end":{"line":18,"column":44}},"11":{"start":{"line":22,"column":4},"end":{"line":68,"column":23}},"12":{"start":{"line":23,"column":8},"end":{"line":23,"column":56}},"13":{"start":{"line":23,"column":49},"end":{"line":23,"column":56}},"14":{"start":{"line":25,"column":23},"end":{"line":25,"column":40}},"15":{"start":{"line":26,"column":20},"end":{"line":26,"column":43}},"16":{"start":{"line":27,"column":8},"end":{"line":27,"column":25}},"17":{"start":{"line":27,"column":18},"end":{"line":27,"column":25}},"18":{"start":{"line":29,"column":8},"end":{"line":29,"column":35}},"19":{"start":{"line":30,"column":29},"end":{"line":30,"column":59}},"20":{"start":{"line":31,"column":26},"end":{"line":31,"column":54}},"21":{"start":{"line":35,"column":28},"end":{"line":60,"column":9}},"22":{"start":{"line":36,"column":12},"end":{"line":36,"column":66}},"23":{"start":{"line":38,"column":12},"end":{"line":38,"column":57}},"24":{"start":{"line":40,"column":38},"end":{"line":40,"column":44}},"25":{"start":{"line":41,"column":12},"end":{"line":41,"column":47}},"26":{"start":{"line":43,"column":29},"end":{"line":43,"column":57}},"27":{"start":{"line":45,"column":20},"end":{"line":45,"column":21}},"28":{"start":{"line":47,"column":12},"end":{"line":59,"column":13}},"29":{"start":{"line":47,"column":25},"end":{"line":47,"column":26}},"30":{"start":{"line":48,"column":16},"end":{"line":48,"column":64}},"31":{"start":{"line":51,"column":26},"end":{"line":51,"column":64}},"32":{"start":{"line":52,"column":26},"end":{"line":52,"column":61}},"33":{"start":{"line":53,"column":26},"end":{"line":53,"column":64}},"34":{"start":{"line":55,"column":16},"end":{"line":55,"column":62}},"35":{"start":{"line":56,"column":16},"end":{"line":56,"column":73}},"36":{"start":{"line":58,"column":16},"end":{"line":58,"column":34}},"37":{"start":{"line":62,"column":8},"end":{"line":62,"column":22}},"38":{"start":{"line":64,"column":8},"end":{"line":66,"column":10}},"39":{"start":{"line":65,"column":12},"end":{"line":65,"column":51}},"40":{"start":{"line":71,"column":4},"end":{"line":83,"column":11}},"41":{"start":{"line":72,"column":23},"end":{"line":72,"column":40}},"42":{"start":{"line":73,"column":8},"end":{"line":73,"column":53}},"43":{"start":{"line":73,"column":46},"end":{"line":73,"column":53}},"44":{"start":{"line":75,"column":31},"end":{"line":78,"column":10}},"45":{"start":{"line":76,"column":12},"end":{"line":76,"column":61}},"46":{"start":{"line":77,"column":12},"end":{"line":77,"column":63}},"47":{"start":{"line":80,"column":8},"end":{"line":80,"column":53}},"48":{"start":{"line":82,"column":8},"end":{"line":82,"column":49}},"49":{"start":{"line":82,"column":21},"end":{"line":82,"column":48}},"50":{"start":{"line":85,"column":4},"end":{"line":100,"column":6}},"51":{"start":{"line":88,"column":16},"end":{"line":95,"column":18}}},"fnMap":{"0":{"name":"(anonymous_0)","decl":{"start":{"line":8,"column":46},"end":{"line":8,"column":47}},"loc":{"start":{"line":8,"column":81},"end":{"line":101,"column":1}},"line":8},"1":{"name":"(anonymous_1)","decl":{"start":{"line":13,"column":14},"end":{"line":13,"column":15}},"loc":{"start":{"line":13,"column":20},"end":{"line":19,"column":5}},"line":13},"2":{"name":"(anonymous_2)","decl":{"start":{"line":15,"column":37},"end":{"line":15,"column":38}},"loc":{"start":{"line":15,"column":43},"end":{"line":17,"column":9}},"line":15},"3":{"name":"(anonymous_3)","decl":{"start":{"line":16,"column":28},"end":{"line":16,"column":29}},"loc":{"start":{"line":16,"column":41},"end":{"line":16,"column":77}},"line":16},"4":{"name":"(anonymous_4)","decl":{"start":{"line":18,"column":15},"end":{"line":18,"column":16}},"loc":{"start":{"line":18,"column":21},"end":{"line":18,"column":44}},"line":18},"5":{"name":"(anonymous_5)","decl":{"start":{"line":22,"column":14},"end":{"line":22,"column":15}},"loc":{"start":{"line":22,"column":20},"end":{"line":68,"column":5}},"line":22},"6":{"name":"(anonymous_6)","decl":{"start":{"line":35,"column":28},"end":{"line":35,"column":29}},"loc":{"start":{"line":35,"column":34},"end":{"line":60,"column":9}},"line":35},"7":{"name":"(anonymous_7)","decl":{"start":{"line":64,"column":15},"end":{"line":64,"column":16}},"loc":{"start":{"line":64,"column":21},"end":{"line":66,"column":9}},"line":64},"8":{"name":"(anonymous_8)","decl":{"start":{"line":71,"column":14},"end":{"line":71,"column":15}},"loc":{"start":{"line":71,"column":20},"end":{"line":83,"column":5}},"line":71},"9":{"name":"(anonymous_9)","decl":{"start":{"line":75,"column":50},"end":{"line":75,"column":51}},"loc":{"start":{"line":75,"column":56},"end":{"line":78,"column":9}},"line":75},"10":{"name":"(anonymous_10)","decl":{"start":{"line":82,"column":15},"end":{"line":82,"column":16}},"loc":{"start":{"line":82,"column":21},"end":{"line":82,"column":48}},"line":82},"11":{"name":"(anonymous_11)","decl":{"start":{"line":87,"column":29},"end":{"line":87,"column":30}},"loc":{"start":{"line":88,"column":16},"end":{"line":95,"column":18}},"line":88}},"branchMap":{"0":{"loc":{"start":{"line":14,"column":8},"end":{"line":14,"column":45}},"type":"if","locations":[{"start":{"line":14,"column":8},"end":{"line":14,"column":45}},{"start":{},"end":{}}],"line":14},"1":{"loc":{"start":{"line":23,"column":8},"end":{"line":23,"column":56}},"type":"if","locations":[{"start":{"line":23,"column":8},"end":{"line":23,"column":56}},{"start":{},"end":{}}],"line":23},"2":{"loc":{"start":{"line":23,"column":12},"end":{"line":23,"column":47}},"type":"binary-expr","locations":[{"start":{"line":23,"column":12},"end":{"line":23,"column":25}},{"start":{"line":23,"column":29},"end":{"line":23,"column":47}}],"line":23},"3":{"loc":{"start":{"line":27,"column":8},"end":{"line":27,"column":25}},"type":"if","locations":[{"start":{"line":27,"column":8},"end":{"line":27,"column":25}},{"start":{},"end":{}}],"line":27},"4":{"loc":{"start":{"line":73,"column":8},"end":{"line":73,"column":53}},"type":"if","locations":[{"start":{"line":73,"column":8},"end":{"line":73,"column":53}},{"start":{},"end":{}}],"line":73},"5":{"loc":{"start":{"line":73,"column":12},"end":{"line":73,"column":44}},"type":"binary-expr","locations":[{"start":{"line":73,"column":12},"end":{"line":73,"column":19}},{"start":{"line":73,"column":23},"end":{"line":73,"column":44}}],"line":73},"6":{"loc":{"start":{"line":93,"column":24},"end":{"line":93,"column":76}},"type":"cond-expr","locations":[{"start":{"line":93,"column":49},"end":{"line":93,"column":62}},{"start":{"line":93,"column":65},"end":{"line":93,"column":76}}],"line":93}},"s":{"0":0,"1":0,"2":0,"3":0,"4":0,"5":0,"6":0,"7":0,"8":0,"9":0,"10":0,"11":0,"12":0,"13":0,"14":0,"15":0,"16":0,"17":0,"18":0,"19":0,"20":0,"21":0,"22":0,"23":0,"24":0,"25":0,"26":0,"27":0,"28":0,"29":0,"30":0,"31":0,"32":0,"33":0,"34":0,"35":0,"36":0,"37":0,"38":0,"39":0,"40":0,"41":0,"42":0,"43":0,"44":0,"45":0,"46":0,"47":0,"48":0,"49":0,"50":0,"51":0},"f":{"0":0,"1":0,"2":0,"3":0,"4":0,"5":0,"6":0,"7":0,"8":0,"9":0,"10":0,"11":0},"b":{"0":[0,0],"1":[0,0],"2":[0,0],"3":[0,0],"4":[0,0],"5":[0,0],"6":[0,0]}}
,"/app/src/components/WavySeparator.tsx": {"path":"/app/src/components/WavySeparator.tsx","statementMap":{"0":{"start":{"line":3,"column":32},"end":{"line":35,"column":1}},"1":{"start":{"line":4,"column":4},"end":{"line":34,"column":6}}},"fnMap":{"0":{"name":"(anonymous_0)","decl":{"start":{"line":3,"column":32},"end":{"line":3,"column":33}},"loc":{"start":{"line":3,"column":38},"end":{"line":35,"column":1}},"line":3}},"branchMap":{},"s":{"0":0,"1":0},"f":{"0":0},"b":{}}
,"/app/src/components/icons.tsx": {"path":"/app/src/components/icons.tsx","statementMap":{"0":{"start":{"line":8,"column":50},"end":{"line":10,"column":1}},"1":{"start":{"line":9,"column":2},"end":{"line":9,"column":296}},"2":{"start":{"line":12,"column":45},"end":{"line":14,"column":1}},"3":{"start":{"line":13,"column":4},"end":{"line":13,"column":310}},"4":{"start":{"line":16,"column":46},"end":{"line":18,"column":1}},"5":{"start":{"line":17,"column":4},"end":{"line":17,"column":367}},"6":{"start":{"line":20,"column":45},"end":{"line":22,"column":1}},"7":{"start":{"line":21,"column":4},"end":{"line":21,"column":293}},"8":{"start":{"line":24,"column":46},"end":{"line":26,"column":1}},"9":{"start":{"line":25,"column":4},"end":{"line":25,"column":458}},"10":{"start":{"line":28,"column":51},"end":{"line":30,"column":1}},"11":{"start":{"line":29,"column":4},"end":{"line":29,"column":297}},"12":{"start":{"line":32,"column":54},"end":{"line":34,"column":1}},"13":{"start":{"line":33,"column":4},"end":{"line":33,"column":252}},"14":{"start":{"line":36,"column":45},"end":{"line":38,"column":1}},"15":{"start":{"line":37,"column":4},"end":{"line":37,"column":284}},"16":{"start":{"line":40,"column":47},"end":{"line":42,"column":1}},"17":{"start":{"line":41,"column":4},"end":{"line":41,"column":267}},"18":{"start":{"line":44,"column":46},"end":{"line":46,"column":1}},"19":{"start":{"line":45,"column":4},"end":{"line":45,"column":338}},"20":{"start":{"line":48,"column":49},"end":{"line":50,"column":1}},"21":{"start":{"line":49,"column":4},"end":{"line":49,"column":368}},"22":{"start":{"line":52,"column":45},"end":{"line":54,"column":1}},"23":{"start":{"line":53,"column":2},"end":{"line":53,"column":246}},"24":{"start":{"line":56,"column":51},"end":{"line":58,"column":1}},"25":{"start":{"line":57,"column":4},"end":{"line":57,"column":255}},"26":{"start":{"line":60,"column":48},"end":{"line":62,"column":1}},"27":{"start":{"line":61,"column":4},"end":{"line":61,"column":359}},"28":{"start":{"line":64,"column":46},"end":{"line":66,"column":1}},"29":{"start":{"line":65,"column":4},"end":{"line":65,"column":321}},"30":{"start":{"line":68,"column":45},"end":{"line":70,"column":1}},"31":{"start":{"line":69,"column":4},"end":{"line":69,"column":324}},"32":{"start":{"line":72,"column":46},"end":{"line":74,"column":1}},"33":{"start":{"line":73,"column":4},"end":{"line":73,"column":264}},"34":{"start":{"line":76,"column":49},"end":{"line":78,"column":1}},"35":{"start":{"line":77,"column":4},"end":{"line":77,"column":338}},"36":{"start":{"line":80,"column":45},"end":{"line":82,"column":1}},"37":{"start":{"line":81,"column":4},"end":{"line":81,"column":264}},"38":{"start":{"line":84,"column":44},"end":{"line":86,"column":1}},"39":{"start":{"line":85,"column":4},"end":{"line":85,"column":351}},"40":{"start":{"line":88,"column":46},"end":{"line":90,"column":1}},"41":{"start":{"line":89,"column":4},"end":{"line":89,"column":366}},"42":{"start":{"line":92,"column":46},"end":{"line":94,"column":1}},"43":{"start":{"line":93,"column":4},"end":{"line":93,"column":348}},"44":{"start":{"line":96,"column":49},"end":{"line":98,"column":1}},"45":{"start":{"line":97,"column":4},"end":{"line":97,"column":770}},"46":{"start":{"line":100,"column":49},"end":{"line":102,"column":1}},"47":{"start":{"line":101,"column":4},"end":{"line":101,"column":438}},"48":{"start":{"line":104,"column":46},"end":{"line":106,"column":1}},"49":{"start":{"line":105,"column":4},"end":{"line":105,"column":291}},"50":{"start":{"line":108,"column":45},"end":{"line":110,"column":1}},"51":{"start":{"line":109,"column":4},"end":{"line":109,"column":451}},"52":{"start":{"line":112,"column":46},"end":{"line":114,"column":1}},"53":{"start":{"line":113,"column":4},"end":{"line":113,"column":343}},"54":{"start":{"line":116,"column":45},"end":{"line":118,"column":1}},"55":{"start":{"line":117,"column":4},"end":{"line":117,"column":303}},"56":{"start":{"line":120,"column":44},"end":{"line":122,"column":1}},"57":{"start":{"line":121,"column":4},"end":{"line":121,"column":316}},"58":{"start":{"line":124,"column":49},"end":{"line":126,"column":1}},"59":{"start":{"line":125,"column":4},"end":{"line":125,"column":349}},"60":{"start":{"line":128,"column":42},"end":{"line":130,"column":1}},"61":{"start":{"line":129,"column":4},"end":{"line":129,"column":254}},"62":{"start":{"line":132,"column":48},"end":{"line":134,"column":1}},"63":{"start":{"line":133,"column":4},"end":{"line":133,"column":454}},"64":{"start":{"line":136,"column":51},"end":{"line":138,"column":1}},"65":{"start":{"line":137,"column":4},"end":{"line":137,"column":295}},"66":{"start":{"line":140,"column":55},"end":{"line":142,"column":1}},"67":{"start":{"line":141,"column":2},"end":{"line":141,"column":300}},"68":{"start":{"line":144,"column":48},"end":{"line":146,"column":1}},"69":{"start":{"line":145,"column":4},"end":{"line":145,"column":819}},"70":{"start":{"line":148,"column":49},"end":{"line":150,"column":1}},"71":{"start":{"line":149,"column":4},"end":{"line":149,"column":293}},"72":{"start":{"line":152,"column":45},"end":{"line":154,"column":1}},"73":{"start":{"line":153,"column":4},"end":{"line":153,"column":333}},"74":{"start":{"line":156,"column":47},"end":{"line":158,"column":1}},"75":{"start":{"line":157,"column":4},"end":{"line":157,"column":413}},"76":{"start":{"line":160,"column":50},"end":{"line":167,"column":1}},"77":{"start":{"line":161,"column":4},"end":{"line":166,"column":10}},"78":{"start":{"line":169,"column":49},"end":{"line":179,"column":1}},"79":{"start":{"line":170,"column":4},"end":{"line":178,"column":10}},"80":{"start":{"line":181,"column":49},"end":{"line":183,"column":1}},"81":{"start":{"line":182,"column":4},"end":{"line":182,"column":315}},"82":{"start":{"line":185,"column":51},"end":{"line":187,"column":1}},"83":{"start":{"line":186,"column":4},"end":{"line":186,"column":421}},"84":{"start":{"line":189,"column":51},"end":{"line":191,"column":1}},"85":{"start":{"line":190,"column":4},"end":{"line":190,"column":318}},"86":{"start":{"line":193,"column":47},"end":{"line":200,"column":1}},"87":{"start":{"line":194,"column":2},"end":{"line":199,"column":8}},"88":{"start":{"line":202,"column":46},"end":{"line":206,"column":1}},"89":{"start":{"line":203,"column":2},"end":{"line":205,"column":8}},"90":{"start":{"line":208,"column":49},"end":{"line":212,"column":1}},"91":{"start":{"line":209,"
[...]
,"/app/src/services/geminiService.ts": {"path":"/app/src/services/geminiService.ts","statementMap":{"0":{"start":{"line":8,"column":11},"end":{"line":8,"column":60}},"1":{"start":{"line":10,"column":20},"end":{"line":12,"column":1}},"2":{"start":{"line":15,"column":43},"end":{"line":15,"column":45}},"3":{"start":{"line":38,"column":42},"end":{"line":108,"column":1}},"4":{"start":{"line":39,"column":23},"end":{"line":51,"column":61}},"5":{"start":{"line":53,"column":21},"end":{"line":98,"column":6}},"6":{"start":{"line":100,"column":4},"end":{"line":107,"column":5}},"7":{"start":{"line":102,"column":8},"end":{"line":102,"column":41}},"8":{"start":{"line":105,"column":8},"end":{"line":105,"column":86}},"9":{"start":{"line":106,"column":8},"end":{"line":106,"column":88}},"10":{"start":{"line":110,"column":37},"end":{"line":131,"column":1}},"11":{"start":{"line":111,"column":4},"end":{"line":130,"column":5}},"12":{"start":{"line":112,"column":8},"end":{"line":120,"column":9}},"13":{"start":{"line":114,"column":12},"end":{"line":119,"column":15}},"14":{"start":{"line":122,"column":21},"end":{"line":122,"column":44}},"15":{"start":{"line":123,"column":23},"end":{"line":123,"column":58}},"16":{"start":{"line":126,"column":8},"end":{"line":126,"column":27}},"17":{"start":{"line":128,"column":8},"end":{"line":128,"column":50}},"18":{"start":{"line":129,"column":8},"end":{"line":129,"column":110}},"19":{"start":{"line":135,"column":23},"end":{"line":138,"column":1}},"20":{"start":{"line":136,"column":4},"end":{"line":136,"column":60}},"21":{"start":{"line":137,"column":4},"end":{"line":137,"column":126}},"22":{"start":{"line":140,"column":39},"end":{"line":167,"column":1}},"23":{"start":{"line":141,"column":4},"end":{"line":166,"column":5}},"24":{"start":{"line":142,"column":27},"end":{"line":154,"column":103}},"25":{"start":{"line":156,"column":25},"end":{"line":159,"column":10}},"26":{"start":{"line":162,"column":8},"end":{"line":162,"column":36}},"27":{"start":{"line":164,"column":8},"end":{"line":164,"column":77}},"28":{"start":{"line":165,"column":8},"end":{"line":165,"column":80}},"29":{"start":{"line":169,"column":46},"end":{"line":195,"column":1}},"30":{"start":{"line":178,"column":31},"end":{"line":184,"column":14}},"31":{"start":{"line":186,"column":17},"end":{"line":192,"column":6}},"32":{"start":{"line":194,"column":4},"end":{"line":194,"column":67}},"33":{"start":{"line":198,"column":39},"end":{"line":239,"column":1}},"34":{"start":{"line":199,"column":4},"end":{"line":238,"column":5}},"35":{"start":{"line":200,"column":27},"end":{"line":212,"column":9}},"36":{"start":{"line":213,"column":25},"end":{"line":232,"column":10}},"37":{"start":{"line":234,"column":8},"end":{"line":234,"column":41}},"38":{"start":{"line":236,"column":8},"end":{"line":236,"column":50}},"39":{"start":{"line":237,"column":8},"end":{"line":237,"column":20}},"40":{"start":{"line":241,"column":43},"end":{"line":284,"column":1}},"41":{"start":{"line":242,"column":36},"end":{"line":242,"column":107}},"42":{"start":{"line":242,"column":59},"end":{"line":242,"column":95}},"43":{"start":{"line":243,"column":29},"end":{"line":243,"column":57}},"44":{"start":{"line":243,"column":52},"end":{"line":243,"column":56}},"45":{"start":{"line":244,"column":4},"end":{"line":283,"column":5}},"46":{"start":{"line":245,"column":27},"end":{"line":254,"column":9}},"47":{"start":{"line":255,"column":25},"end":{"line":277,"column":10}},"48":{"start":{"line":279,"column":8},"end":{"line":279,"column":41}},"49":{"start":{"line":281,"column":8},"end":{"line":281,"column":47}},"50":{"start":{"line":282,"column":8},"end":{"line":282,"column":20}},"51":{"start":{"line":286,"column":41},"end":{"line":336,"column":1}},"52":{"start":{"line":287,"column":4},"end":{"line":335,"column":5}},"53":{"start":{"line":288,"column":27},"end":{"line":293,"column":246}},"54":{"start":{"line":295,"column":25},"end":{"line":318,"column":10}},"55":{"start":{"line":320,"column":24},"end":{"line":320,"column":100}},"56":{"start":{"line":322,"column":29},"end":{"line":322,"column":138}},"57":{"start":{"line":322,"column":70},"end":{"line":322,"column":137}},"58":{"start":{"line":323,"column":30},"end":{"line":323,"column":69}},"59":{"start":{"line":323,"column":52},"end":{"line":323,"column":68}},"60":{"start":{"line":324,"column":36},"end":{"line":324,"column":68}},"61":{"start":{"line":326,"column":8},"end":{"line":329,"column":11}},"62":{"start":{"line":327,"column":12},"end":{"line":327,"column":94}},"63":{"start":{"line":328,"column":12},"end":{"line":328,"column":97}},"64":{"start":{"line":331,"column":8},"end":{"line":331,"column":23}},"65":{"start":{"line":333,"column":8},"end":{"line":333,"column":50}},"66":{"start":{"line":334,"column":8},"end":{"line":334,"column":20}},"67":{"start":{"line":338,"column":34},"end":{"line":431,"column":1}},"68":{"start":{"line":339,"column":36},"end":{"line":339,"column":107}},"69":{"start":{"line":339,"column":59},"end":{"line":339,"column":95}},"70":{"start":{"line":340,"column":29},"end":{"line":340,"column":57}},"71":{"start":{"line":340,"column":52},"end":{"line":340,"column":56}},"72":{"start":{"line":342,"column":4},"end":{"line":430,"column":5}},"73":{"start":{"line":343,"column":27},"end":{"line":361,"column":9}},"74":{"start":{"line":363,"column":25},"end":{"line":410,"column":10}},"75":{"start":{"line":413,"column":24},"end":{"line":413,"column":75}},"76":{"start":{"line":415,"column":29},"end":{"line":415,"column":138}},"77":{"start":{"line":415,"column":70},"end":{"line":415,"column":137}},"78":{"start":{"line":416,"column":30},"end":{"line":418,"column":9}},"79":{"start":{"line":417,"column":12},"end":{"line":417,"column":28}},"80":{"start":{"line":419,"column":36},"end":{"line":419,"column":68}},"81":{"start":{"line":421,"column":8},"end":{"line":424,"column":11}},"82":{"start":{"line":422,"column":12},"end":{"line":422,"column":94}},"83":{"start":{"line":423,"column":12},"end":{"line":423,"column":97}},"84":{"start":{"line":426,"column":8},"end":{"line":426,"column":23}},"85":{"start":{"line":428,"column":8},"end":{"line":428,"column":46}},"86":{"start":{"line":429,"column":8},"end":{"line":429,"column":20}},"87":{"start":{"line":433,"column":29},"end":{"line":450,"column":1}},"88":{"start":{"line":434,"column":4},"end":{"line":449,"column":5}},"89":{"start":{"line":435,"column":25},"end":{"line":443,"column":10}},"90":{"start":{"line":445,"column":8},"end":{"line":445,"column":60}},"91":{"start":{"line":447,"column":8},"end":{"line":447,"column":67}},"92":{"start":{"line":448,"column":8},"end":{"line":448,"column":74}},"93":{"start":{"line":460,"column":32},"end":{"line":485,"column":1}},"94":{"start":{"line":461,"column":4},"end":{"line":484,"column":5}},"95":{"start":{"line":462,"column":25},"end":{"line":478,"column":10}},"96":{"start":{"line":480,"column":8},"end":{"line":480,"column":41}},"97":{"start":{"line":482,"column":8},"end":{"line":482,"column":48}},"98":{"start":{"line":483,"column":8},"end":{"line":483,"column":20}},"99":{"start":{"line":487,"column":39},"end":{"line":502,"column":1}},"100":{"start":{"line":488,"column":4},"end":{"line":501,"column":5}},"101":{"start":{"line":489,"column":25},"end":{"line":495,"column":10}},"102":{"start":{"line":497,"column":8},"end":{"line":497,"column":29}},"103":{"start":{"line":499,"column":8},"end":{"line":499,"column":55}},"104":{"start":{"line":500,"column":8},"end":{"line":500,"column":20}},"105":{"start":{"line":504,"column":40},"end":{"line":531,"column":1}},"106":{"start":{"line":505,"column":4},"end":{"line":530,"column":5}},"107":{"start":{"line":506,"column":25},"end":{"line":524,"column":10}},"108":{"start":{"line":526,"column":8},"end":{"line":526,"column":41}},"109":{"start":{"line":528,"column":8},"end":{"line":528,"column":52}},"110":{"start":{"line":529,"column":8},"end":{"line":529,"column":20}},"111":{"start":{"line":533,"column":36},"end":{"line":545,"column":1}},"112":{"start":{"line":534,"column":4},"end":{"line":544,"column":5}},"113":{"start":{"line":535,"column":25},"end":{"line":538,"column":10}},"114":{"start":{"line":540,"column":8},"end":{"line":540,"column":29}},"115":{"start":{"line":542,"column":8},"end":{"line":542,"column":47}},"116":{"start":{"line":543,"column":8},"end":{"line":543,"column":20}},"117":{"start":{"line":547,"column":38},"end":{"line":584,"column":1}},"118":{"start":{"line":548,"column":24},"end":{"line":548,"column":77}},"119":{"start":{"line":548,"column":53},"end":{"line":548,"column":76}},"120":{"start":{"line":549,"column":29},"end":{"line":549,"column":114}},"121":{"start":{"line":549,"column":60},"end":{"line":549,"column":113}},"122":{"start":{"line":551,"column":4},"end":{"line":551,"column":75}},"123":{"start":{"line":551,"column":22},"end":{"line":551,"column":75}},"124":{"start":{"line":553,"column":30},"end":{"line":553,"column":137}},"125":{"start":{"line":553,"column":56},"end":{"line":553,"column":123}},"126":{"start":{"line":555,"column":23},"end":{"line":555,"column":96}},"127":{"start":{"line":557,"column":4},"end":{"line":583,"column":5}},"128":{"start":{"line":558,"column":25},"end":{"line":571,"column":10}},"129":{"start":{"line":574,"column":23},"end":{"line":574,"column":48}},"130":{"start":{"line":575,"column":8},"end":{"line":577,"column":9}},"131":{"start":{"line":576,"column":12},"end":{"line":576,"column":34}},"132":{"start":{"line":578,"column":8},"end":{"line":578,"column":67}},"133":{"start":{"line":580,"column":8},"end":{"line":580,"column":76}},"134":{"start":{"line":582,"column":8},"end":{"line":582,"column":79}},"135":{"start":{"line":586,"column":40},"end":{"line":608,"column":1}},"136":{"start":{"line":587,"column":4},"end":{"line":607,"column":5}},"137":{"start":{"line":588,"column":27},"end":{"line":595,"column":197}},"138":{"start":{"line":597,"column":25},"end":{"line":600,"column":10}},"139":{"start":{"line":603,"column":8},"end":{"line":603,"column":36}},"140":{"start":{"line":605,"column":8},"end":{"line":605,"column":51}},"141":{"start":{"line":606,"column":8},"end":{"line":606,"column":20}}},"fnMap":{"0":{"name":"(anonymous_0)","decl":{"start":{"line":38,"column":42},"end":{"line":38,"column":43}},"loc":{"start":{"line":38,"column":111},"end":{"line":108,"column":1}},"line":38},"1":{"name":"(anonymous_1)","decl":{"start":{"line":110,"column":37},"end":{"line":110,"column":38}},"loc":{"start":{"line":110,"column":97},"end":{"line":131,"column":1}},"line":110},"2":{"name":"(anonymous_2)","decl":{"start":{"line":135,"column":23},"end":{"line":135,"column":24}},"loc":{"start":{"line":135,"column":56},"end":{"line":138,"column":1}},"line":135},"3":{"name":"(anonymous_3)","decl":{"start":{"line":140,"column":39},"end":{"line":140,"column":40}},"loc":{"start":{"line":140,"column":123},"end":{"line":167,"column":1}},"line":140},"4":{"name":"(anonymous_4)","decl":{"start":{"line":169,"column":46},"end":{"line":169,"column":47}},"loc":{"start":{"line":175,"column":5},"end":{"line":195,"column":1}},"line":175},"5":{"name":"(anonymous_5)","decl":{"start":{"line":198,"column":39},"end":{"line":198,"column":40}},"loc":{"start":{"line":198,"column":241},"end":{"line":239,"column":1}},"line":198},"6":{"name":"(anonymous_6)","decl":{"start":{"line":241,"column":43},"end":{"line":241,"column":44}},"loc":{"start":{"line":241,"column":163},"end":{"line":284,"column":1}},"line":241},"7":{"name":"(anonymous_7)","decl":{"start":{"line":242,"column":54},"end":{"line":242,"column":55}},"loc":{"start":{"line":242,"column":59},"end":{"line":242,"column":95}},"line":242},"8":{"name":"(anonymous_8)","decl":{"start":{"line":243,"column":47},"end":{"line":243,"column":48}},"loc":{"start":{"line":243,"column":52},"end":{"line":243,"column":56}},"line":243},"9":{"name":"(anonymous_9)","decl":{"start":{"line":286,"column":41},"end":{"line":286,"column":42}},"loc":{"start":{"line":286,"column":164},"end":{"line":336,"column":1}},"line":286},"10":{"name":"(anonymous_10)","decl":{"start":{"line":322,"column":61},"end":{"line":322,"column":62}},"loc":{"start":{"line":322,"column":70},"end":{"line":322,"column":137}},"line":322},"11":{"name":"(anonymous_11)","decl":{"start":{"line":323,"column":47},"end":{"line":323,"column":48}},"loc":{"start":{"line":323,"column":52},"end":{"line":323,"column":68}},"line":323},"12":{"name":"(anonymous_12)","decl":{"start":{"line":326,"column":40},"end":{"line":326,"column":41}},"loc":{"start":{"line":326,"column":58},"end":{"line":329,"column":9}},"line":326},"13":{"name":"(anonymous_13)","decl":{"start":{"line":338,"column":34},"end":{"line":338,"column":35}},"loc":{"start":{"line":338,"column":109},"end":{"line":431,"column":1}},"line":338},"14":{"name":"(anonymous_14)","decl":{"start":{"line":339,"column":54},"end":{"line":339,"column":55}},"loc":{"start":{"line":339,"column":59},"end":{"line":339,"column":95}},"line":339},"15":{"name":"(anonymous_15)","decl":{"start":{"line":340,"column":47},"end":{"line":340,"column":48}},"loc":{"start":{"line":340,"column":52},"end":{"line":340,"column":56}},"line":340},"16":{"name":"(anonymous_16)","decl":{"start":{"line":415,"column":61},"end":{"line":415,"column":62}},"loc":{"start":{"line":415,"column":70},"end":{"line":415,"column":137}},"line":415},"17":{"name":"(anonymous_17)","decl":{"start":{"line":416,"column":47},"end":{"line":416,"column":48}},"loc":{"start":{"line":417,"column":12},"end":{"line":417,"column":28}},"line":417},"18":{"name":"(anonymous_18)","decl":{"start":{"line":421,"column":40},"end":{"line":421,"column":41}},"loc":{"start":{"line":421,"column":58},"end":{"line":424,"column":9}},"line":421},"19":{"name":"(anonymous_19)","decl":{"start":{"line":433,"column":29},"end":{"line":433,"column":30}},"loc":{"start":{"line":433,"column":72},"end":{"line":450,"column":1}},"line":433},"20":{"name":"(anonymous_20)","decl":{"start":{"line":460,"column":32},"end":{"line":460,"column":33}},"loc":{"start":{"line":460,"column":117},"end":{"line":485,"column":1}},"line":460},"21":{"name":"(anonymous_21)","decl":{"start":{"line":487,"column":39},"end":{"line":487,"column":40}},"loc":{"start":{"line":487,"column":123},"end":{"line":502,"column":1}},"line":487},"22":{"name":"(anonymous_22)","decl":{"start":{"line":504,"column":40},"end":{"line":504,"column":41}},"loc":{"start":{"line":504,"column":135},"end":{"line":531,"column":1}},"line":504},"23":{"name":"(anonymous_23)","decl":{"start":{"line":533,"column":36},"end":{"line":533,"column":37}},"loc":{"start":{"line":533,"column":93},"end":{"line":545,"column":1}},"line":533},"24":{"name":"(anonymous_24)","decl":{"start":{"line":547,"column":38},"end":{"line":547,"column":39}},"loc":{"start":{"line":547,"column":85},"end":{"line":584,"column":1}},"line":547},"25":{"name":"(anonymous_25)","decl":{"start":{"line":548,"column":48},"end":{"line":548,"column":49}},"loc":{"start":{"line":548,"column":53},"end":{"line":548,"column":76}},"line":548},"26":{"name":"(anonymous_26)","decl":{"start":{"line":549,"column":55},"end":{"line":549,"column":56}},"loc":{"start":{"line":549,"column":60},"end":{"line":549,"column":113}},"line":549},"27":{"name":"(anonymous_27)","decl":{"start":{"line":553,"column":51},"end":{"line":553,"column":52}},"loc":{"start":{"line":553,"column":56},"end":{"line":553,"column":123}},"line":553},"28":{"name":"(anonymous_28)","decl":{"start":{"line":586,"column":40},"end":{"line":586,"column":41}},"loc":{"start":{"line":586,"column":103},"end":{"line":608,"column":1}},"line":586}},"branchMap":{"0":{"loc":{"start":{"line":112,"column":8},"end":{"line":120,"column":9}},"type":"if","locations":[{"start":{"line":112,"column":8},"end":{"line":120,"column":9}},{"start":{},"end":{}}],"line":112},"1":{"loc":{"start":{"line":151,"column":11},"end":{"line":151,"column":54}},"type":"binary-expr","locations":[{"start":{"line":151,"column":11},"end":{"line":151,"column":21}},{"start":{"line":151,"column":25},"end":{"line":151,"column":54}}],"line":151},"2":{"loc":{"start":{"line":549,"column":60},"end":{"line":549,"column":113}},"type":"binary-expr","locations":[{"start":{"line":549,"column":60},"end":{"line":549,"column":86}},{"start":{"line":549,"column":90},"end":{"line":549,"column":113}}],"line":549},"3":{"loc":{"start":{"line":551,"column":4},"end":{"line":551,"column":75}},"type":"if","locations":[{"start":{"line":551,"column":4},"end":{"line":551,"column":75}},{"start":{},"end":{}}],"line":551},"4":{"loc":{"start":{"line":575,"column":8},"end":{"line":577,"column":9}},"type":"if","locations":[{"start":{"line":575,"column":8},"end":{"line":577,"column":9}},{"start":{},"end":{}}],"line":575},"5":{"loc":{"start":{"line":575,"column":12},"end":{"line":575,"column":36}},"type":"binary-expr","locations":[{"start":{"line":575,"column":12},"end":{"line":575,"column":18}},{"start":{"line":575,"column":22},"end":{"line":575,"column":36}}],"line":575}},"s":{"0":0,"1":0,"2":0,"3":0,"4":0,"5":0,"6":0,"7":0,"8":0,"9":0,"10":0,"11":0,"12":0,"13":0,"14":0,"15":0,"16":0,"17":0,"18":0,"19":0,"20":0,"21":0,"22":0,"23":0,"24":0,"25":0,"26":0,"27":0,"28":0,"29":0,"30":0,"31":0,"32":0,"33":0,"34":0,"35":0,"36":0,"37":0,"38":0,"39":0,"40":0,"41":0,"42":0,"43":0,"44":0,"45":0,"46":0,"47":0,"48":0,"49":0,"50":0,"51":0,"52":0,"53":0,"54":0,"55":0,"56":0,"57":0,"58":0,"59":0,"60":0,"61":0,"62":0,"63":0,"64":0,"65":0,"66":0,"67":0,"68":0,"69":0,"70":0,"71":0,"72":0,"73":0,"74":0,"75":0,"76":0,"77":0,"78":0,"79":0,"80":0,"81":0,"82":0,"83":0,"84":0,"85":0,"86":0,"87":0,"88":0,"89":0,"90":0,"91":0,"92":0,"93":0,"94":0,"95":0,"96":0,"97":0,"98":0,"99":0,"100":0,"101":0,"102":0,"103":0,"104":0,"105":0,"106":0,"107":0,"108":0,"109":0,"110":0,"111":0,"112":0,"113":0,"114":0,"115":0,"116":0,"117":0,"118":0,"119":0,"120":0,"121":0,"122":0,"123":0,"124":0,"125":0,"126":0,"127":0,"128":0,"129":0,"130":0,"131":0,"132":0,"133":0,"134":0,"135":0,"136":0,"137":0,"138":0,"139":0,"140":0,"141":0},"f":{"0":0,"1":0,"2":0,"3":0,"4":0,"5":0,"6":0,"7":0,"8":0,"9":0,"10":0,"11":0,"12":0,"13":0,"14":0,"15":0,"16":0,"17":0,"18":0,"19":0,"20":0,"21":0,"22":0,"23":0,"24":0,"25":0,"26":0,"27":0,"28":0},"b":{"0":[0,0],"1":[0,0],"2":[0,0],"3":[0,0],"4":[0,0],"5":[0,0]}}
,"/app/src/services/treasuryService.ts": {"path":"/app/src/services/treasuryService.ts","statementMap":{"0":{"start":{"line":7,"column":34},"end":{"line":10,"column":1}},"1":{"start":{"line":8,"column":4},"end":{"line":8,"column":85}},"2":{"start":{"line":9,"column":4},"end":{"line":9,"column":58}},"3":{"start":{"line":12,"column":34},"end":{"line":15,"column":1}},"4":{"start":{"line":13,"column":4},"end":{"line":13,"column":79}},"5":{"start":{"line":14,"column":4},"end":{"line":14,"column":61}}},"fnMap":{"0":{"name":"(anonymous_0)","decl":{"start":{"line":7,"column":34},"end":{"line":7,"column":35}},"loc":{"start":{"line":7,"column":62},"end":{"line":10,"column":1}},"line":7},"1":{"name":"(anonymous_1)","decl":{"start":{"line":12,"column":34},"end":{"line":12,"column":35}},"loc":{"start":{"line":12,"column":63},"end":{"line":15,"column":1}},"line":12}},"branchMap":{},"s":{"0":0,"1":0,"2":0,"3":0,"4":0,"5":0},"f":{"0":0,"1":0},"b":{}}
}
