TN:
SF:src/App.tsx
FN:77,(anonymous_0)
FNF:1
FNH:0
FNDA:0,(anonymous_0)
DA:77,0
DA:78,0
LF:2
LH:0
BRF:0
BRH:0
end_of_record
TN:
SF:src/constants.ts
FNF:0
FNH:0
DA:4,1
DA:127,1
DA:300,1
DA:306,1
DA:308,1
DA:329,1
DA:335,1
DA:342,1
DA:343,1
DA:344,1
DA:346,1
DA:469,1
DA:475,1
DA:532,1
DA:538,1
DA:671,1
DA:673,1
DA:704,1
DA:711,1
DA:836,1
DA:841,1
DA:885,1
DA:917,1
DA:918,1
DA:920,1
DA:927,1
DA:934,1
DA:942,1
DA:970,1
DA:1001,1
LF:30
LH:30
BRF:0
BRH:0
end_of_record
TN:
SF:src/index.tsx
FNF:0
FNH:0
DA:6,0
DA:7,0
DA:8,0
DA:11,0
DA:12,0
LF:5
LH:0
BRDA:7,0,0,0
BRDA:7,0,1,0
BRF:2
BRH:0
end_of_record
TN:
SF:src/types.ts
FNF:0
FNH:0
LF:0
LH:0
BRF:0
BRH:0
end_of_record
TN:
SF:src/components/AddToPlaylistModal.tsx
FN:13,(anonymous_0)
FN:20,(anonymous_1)
FN:31,(anonymous_2)
FN:56,(anonymous_3)
FN:62,(anonymous_4)
FN:63,(anonymous_5)
FN:74,(anonymous_6)
FN:81,(anonymous_7)
FNF:8
FNH:0
FNDA:0,(anonymous_0)
FNDA:0,(anonymous_1)
FNDA:0,(anonymous_2)
FNDA:0,(anonymous_3)
FNDA:0,(anonymous_4)
FNDA:0,(anonymous_5)
FNDA:0,(anonymous_6)
FNDA:0,(anonymous_7)
DA:13,0
DA:14,0
DA:15,0
DA:16,0
DA:18,0
DA:20,0
DA:21,0
DA:22,0
DA:23,0
DA:25,0
DA:26,0
DA:27,0
DA:28,0
DA:31,0
DA:32,0
DA:33,0
DA:36,0
DA:43,0
DA:47,0
DA:48,0
DA:50,0
DA:51,0
DA:54,0
DA:56,0
DA:63,0
DA:74,0
DA:81,0
LF:27
LH:0
BRDA:18,0,0,0
BRDA:18,0,1,0
BRDA:21,1,0,0
BRDA:21,1,1,0
BRDA:33,2,0,0
BRDA:33,2,1,0
BRDA:33,3,0,0
BRDA:33,3,1,0
BRDA:43,4,0,0
BRDA:43,4,1,0
BRDA:69,5,0,0
BRDA:69,5,1,0
BRF:12
BRH:0
end_of_record
TN:
SF:src/components/AudioPlayer.tsx
FN:9,(anonymous_0)
FN:16,(anonymous_1)
FN:22,(anonymous_2)
FN:29,(anonymous_3)
FN:49,(anonymous_4)
FN:56,(anonymous_5)
FN:57,(anonymous_6)
FN:62,(anonymous_7)
FN:68,(anonymous_8)
FN:76,(anonymous_9)
FN:85,(anonymous_10)
FN:86,(anonymous_11)
FN:113,(anonymous_12)
FN:141,(anonymous_13)
FN:147,(anonymous_14)
FN:151,(anonymous_15)
FN:166,(anonymous_16)
FN:205,(anonymous_17)
FN:212,(anonymous_18)
FN:216,(anonymous_19)
FN:217,(anonymous_20)
FN:218,(anonymous_21)
FN:219,(anonymous_22)
FN:220,(anonymous_23)
FN:222,(anonymous_24)
FN:228,(anonymous_25)
FN:238,(anonymous_26)
FN:248,(anonymous_27)
FN:262,(anonymous_28)
FN:275,(anonymous_29)
FN:283,(anonymous_30)
FN:288,(anonymous_31)
FN:297,(anonymous_32)
FN:315,(anonymous_33)
FN:317,(anonymous_34)
FN:317,(anonymous_35)
FN:320,(anonymous_36)
FN:321,(anonymous_37)
FN:396,(anonymous_38)
FNF:39
FNH:0
FNDA:0,(anonymous_0)
FNDA:0,(anonymous_1)
FNDA:0,(anonymous_2)
FNDA:0,(anonymous_3)
FNDA:0,(anonymous_4)
FNDA:0,(anonymous_5)
FNDA:0,(anonymous_6)
FNDA:0,(anonymous_7)
FNDA:0,(anonymous_8)
FNDA:0,(anonymous_9)
FNDA:0,(anonymous_10)
FNDA:0,(anonymous_11)
FNDA:0,(anonymous_12)
FNDA:0,(anonymous_13)
FNDA:0,(anonymous_14)
FNDA:0,(anonymous_15)
FNDA:0,(anonymous_16)
FNDA:0,(anonymous_17)
FNDA:0,(anonymous_18)
FNDA:0,(anonymous_19)
FNDA:0,(anonymous_20)
FNDA:0,(anonymous_21)
FNDA:0,(anonymous_22)
FNDA:0,(anonymous_23)
FNDA:0,(anonymous_24)
FNDA:0,(anonymous_25)
FNDA:0,(anonymous_26)
FNDA:0,(anonymous_27)
FNDA:0,(anonymous_28)
FNDA:0,(anonymous_29)
FNDA:0,(anonymous_30)
FNDA:0,(anonymous_31)
FNDA:0,(anonymous_32)
FNDA:0,(anonymous_33)
FNDA:0,(anonymous_34)
FNDA:0,(anonymous_35)
FNDA:0,(anonymous_36)
FNDA:0,(anonymous_37)
FNDA:0,(anonymous_38)
DA:9,0
DA:10,0
DA:11,0
DA:12,0
DA:13,0
DA:16,0
DA:17,0
DA:18,0
DA:19,0
DA:21,0
DA:22,0
DA:23,0
DA:26,0
DA:29,0
DA:30,0
DA:31,0
DA:32,0
DA:33,0
DA:34,0
DA:35,0
DA:36,0
DA:38,0
DA:39,0
DA:40,0
DA:41,0
DA:42,0
DA:43,0
DA:44,0
DA:45,0
DA:46,0
DA:47,0
DA:49,0
DA:50,0
DA:51,0
DA:53,0
DA:54,0
DA:56,0
DA:57,0
DA:58,0
DA:59,0
DA:60,0
DA:61,0
DA:62,0
DA:63,0
DA:64,0
DA:65,0
DA:66,0
DA:68,0
DA:69,0
DA:73,0
DA:76,0
DA:77,0
DA:78,0
DA:79,0
DA:80,0
DA:81,0
DA:85,0
DA:86,0
DA:87,0
DA:88,0
DA:91,0
DA:93,0
DA:94,0
DA:95,0
DA:96,0
DA:97,0
DA:98,0
DA:99,0
DA:101,0
DA:102,0
DA:104,0
DA:105,0
DA:106,0
DA:107,0
DA:109,0
DA:113,0
DA:114,0
DA:115,0
DA:116,0
DA:118,0
DA:119,0
DA:121,0
DA:122,0
DA:123,0
DA:124,0
DA:125,0
DA:126,0
DA:129,0
DA:130,0
DA:131,0
DA:132,0
DA:134,0
DA:135,0
DA:136,0
DA:139,0
DA:141,0
DA:142,0
DA:143,0
DA:147,0
DA:148,0
DA:149,0
DA:151,0
DA:152,0
DA:153,0
DA:154,0
DA:155,0
DA:157,0
DA:158,0
DA:160,0
DA:166,0
DA:167,0
DA:168,0
DA:169,0
DA:170,0
DA:172,0
DA:173,0
DA:175,0
DA:176,0
DA:177,0
DA:181,0
DA:182,0
DA:183,0
DA:184,0
DA:185,0
DA:186,0
DA:187,0
DA:189,0
DA:190,0
DA:191,0
DA:194,0
DA:195,0
DA:196,0
DA:197,0
DA:198,0
DA:199,0
DA:200,0
DA:201,0
DA:205,0
DA:206,0
DA:207,0
DA:212,0
DA:213,0
DA:214,0
DA:216,0
DA:217,0
DA:218,0
DA:219,0
DA:220,0
DA:222,0
DA:223,0
DA:224,0
DA:225,0
DA:226,0
DA:227,0
DA:228,0
DA:231,0
DA:232,0
DA:233,0
DA:234,0
DA:235,0
DA:236,0
DA:238,0
DA:239,0
DA:240,0
DA:241,0
DA:242,0
DA:243,0
DA:244,0
DA:248,0
DA:249,0
DA:250,0
DA:251,0
DA:253,0
DA:254,0
DA:257,0
DA:258,0
DA:260,0
DA:261,0
DA:262,0
DA:263,0
DA:264,0
DA:265,0
DA:267,0
DA:269,0
DA:275,0
DA:276,0
DA:277,0
DA:278,0
DA:279,0
DA:280,0
DA:283,0
DA:284,0
DA:285,0
DA:288,0
DA:289,0
DA:290,0
DA:291,0
DA:293,0
DA:297,0
DA:298,0
DA:299,0
DA:300,0
DA:303,0
DA:305,0
DA:306,0
DA:315,0
DA:317,0
DA:321,0
DA:381,0
DA:396,0
LF:210
LH:0
BRDA:10,0,0,0
BRDA:10,0,1,0
BRDA:10,1,0,0
BRDA:10,1,1,0
BRDA:13,2,0,0
BRDA:13,2,1,0
BRDA:17,3,0,0
BRDA:17,3,1,0
BRDA:21,4,0,0
BRDA:21,4,1,0
BRDA:21,5,0,0
BRDA:21,5,1,0
BRDA:51,6,0,0
BRDA:51,6,1,0
BRDA:58,7,0,0
BRDA:58,7,1,0
BRDA:80,8,0,0
BRDA:80,8,1,0
BRDA:80,9,0,0
BRDA:80,9,1,0
BRDA:87,10,0,0
BRDA:87,10,1,0
BRDA:87,11,0,0
BRDA:87,11,1,0
BRDA:93,12,0,0
BRDA:93,12,1,0
BRDA:95,13,0,0
BRDA:95,13,1,0
BRDA:116,14,0,0
BRDA:116,14,1,0
BRDA:124,15,0,0
BRDA:124,15,1,0
BRDA:124,16,0,0
BRDA:124,16,1,0
BRDA:124,16,2,0
BRDA:149,17,0,0
BRDA:149,17,1,0
BRDA:152,18,0,0
BRDA:152,18,1,0
BRDA:152,19,0,0
BRDA:152,19,1,0
BRDA:152,19,2,0
BRDA:157,20,0,0
BRDA:157,20,1,0
BRDA:157,21,0,0
BRDA:157,21,1,0
BRDA:169,22,0,0
BRDA:169,22,1,0
BRDA:181,23,0,0
BRDA:181,23,1,0
BRDA:181,24,0,0
BRDA:181,24,1,0
BRDA:182,25,0,0
BRDA:182,25,1,0
BRDA:190,26,0,0
BRDA:190,26,1,0
BRDA:199,27,0,0
BRDA:199,27,1,0
BRDA:199,28,0,0
BRDA:199,28,1,0
BRDA:206,29,0,0
BRDA:206,29,1,0
BRDA:214,30,0,0
BRDA:214,30,1,0
BRDA:216,31,0,0
BRDA:216,31,1,0
BRDA:224,32,0,0
BRDA:224,32,1,0
BRDA:225,33,0,0
BRDA:225,33,1,0
BRDA:226,34,0,0
BRDA:226,34,1,0
BRDA:251,35,0,0
BRDA:251,35,1,0
BRDA:251,36,0,0
BRDA:251,36,1,0
BRDA:253,37,0,0
BRDA:253,37,1,0
BRDA:253,38,0,0
BRDA:253,38,1,0
BRDA:257,39,0,0
BRDA:257,39,1,0
BRDA:261,40,0,0
BRDA:261,40,1,0
BRDA:264,41,0,0
BRDA:264,41,1,0
BRDA:277,42,0,0
BRDA:277,42,1,0
BRDA:289,43,0,0
BRDA:289,43,1,0
BRDA:293,44,0,0
BRDA:293,44,1,0
BRDA:298,45,0,0
BRDA:298,45,1,0
BRDA:299,46,0,0
BRDA:299,46,1,0
BRDA:303,47,0,0
BRDA:303,47,1,0
BRDA:305,48,0,0
BRDA:305,48,1,0
BRDA:318,49,0,0
BRDA:318,49,1,0
BRDA:321,50,0,0
BRDA:321,50,1,0
BRDA:335,51,0,0
BRDA:335,51,1,0
BRDA:347,52,0,0
BRDA:347,52,1,0
BRDA:353,53,0,0
BRDA:353,53,1,0
BRDA:365,54,0,0
BRDA:365,54,1,0
BRDA:366,55,0,0
BRDA:366,55,1,0
BRDA:408,56,0,0
BRDA:408,56,1,0
BRDA:409,57,0,0
BRDA:409,57,1,0
BRDA:419,58,0,0
BRDA:419,58,1,0
BRDA:425,59,0,0
BRDA:425,59,1,0
BRF:122
BRH:0
end_of_record
TN:
SF:src/components/Footer.tsx
FN:8,(anonymous_0)
FN:14,(anonymous_1)
FN:31,(anonymous_2)
FN:59,(anonymous_3)
FN:63,(anonymous_4)
FN:71,(anonymous_5)
FNF:6
FNH:0
FNDA:0,(anonymous_0)
FNDA:0,(anonymous_1)
FNDA:0,(anonymous_2)
FNDA:0,(anonymous_3)
FNDA:0,(anonymous_4)
FNDA:0,(anonymous_5)
DA:8,0
DA:9,0
DA:14,0
DA:15,0
DA:19,0
DA:31,0
DA:32,0
DA:33,0
DA:35,0
DA:60,0
DA:63,0
DA:71,0
LF:12
LH:0
BRDA:15,0,0,0
BRDA:15,0,1,0
BRDA:15,1,0,0
BRDA:15,1,1,0
BRDA:16,2,0,0
BRDA:16,2,1,0
BRDA:22,3,0,0
BRDA:22,3,1,0
BRF:8
BRH:0
end_of_record
TN:
SF:src/components/Header.tsx
FN:9,(anonymous_0)
FN:10,(anonymous_1)
FN:21,(anonymous_2)
FN:46,(anonymous_3)
FN:52,(anonymous_4)
FN:53,(anonymous_5)
FN:59,(anonymous_6)
FN:88,(anonymous_7)
FN:96,(anonymous_8)
FN:97,(anonymous_9)
FN:98,(anonymous_10)
FN:99,(anonymous_11)
FN:103,(anonymous_12)
FN:104,(anonymous_13)
FN:105,(anonymous_14)
FN:106,(anonymous_15)
FN:107,(anonymous_16)
FN:111,(anonymous_17)
FN:112,(anonymous_18)
FN:113,(anonymous_19)
FN:114,(anonymous_20)
FN:115,(anonymous_21)
FNF:22
FNH:7
FNDA:153,(anonymous_0)
FNDA:153,(anonymous_1)
FNDA:13,(anonymous_2)
FNDA:18,(anonymous_3)
FNDA:11,(anonymous_4)
FNDA:0,(anonymous_5)
FNDA:11,(anonymous_6)
FNDA:6,(anonymous_7)
FNDA:0,(anonymous_8)
FNDA:0,(anonymous_9)
FNDA:0,(anonymous_10)
FNDA:0,(anonymous_11)
FNDA:0,(anonymous_12)
FNDA:0,(anonymous_13)
FNDA:0,(anonymous_14)
FNDA:0,(anonymous_15)
FNDA:0,(anonymous_16)
FNDA:0,(anonymous_17)
FNDA:0,(anonymous_18)
FNDA:0,(anonymous_19)
FNDA:0,(anonymous_20)
FNDA:0,(anonymous_21)
DA:9,1
DA:10,153
DA:11,153
DA:13,153
DA:21,1
DA:22,13
DA:46,1
DA:47,18
DA:48,17
DA:49,17
DA:50,17
DA:52,17
DA:53,11
DA:54,0
DA:55,0
DA:58,11
DA:59,11
DA:62,17
DA:64,17
DA:88,6
DA:96,0
DA:97,0
DA:98,0
DA:99,0
DA:103,0
DA:104,0
DA:105,0
DA:106,0
DA:107,0
DA:111,0
DA:112,0
DA:113,0
DA:114,0
DA:115,0
LF:34
LH:18
BRDA:9,0,0,136
BRDA:11,1,0,17
BRDA:11,1,1,136
BRDA:25,2,0,13
BRDA:25,2,1,0
BRDA:26,3,0,13
BRDA:26,3,1,13
BRDA:33,4,0,13
BRDA:33,4,1,13
BRDA:34,5,0,13
BRDA:34,5,1,2
BRDA:35,6,0,13
BRDA:35,6,1,2
BRDA:54,7,0,0
BRDA:54,7,1,0
BRDA:54,8,0,0
BRDA:54,8,1,0
BRDA:62,9,0,17
BRDA:62,9,1,13
BRDA:62,9,2,11
BRDA:94,10,0,17
BRDA:94,10,1,6
BRDA:96,11,0,6
BRDA:96,11,1,5
BRDA:97,12,0,6
BRDA:97,12,1,5
BRDA:98,13,0,6
BRDA:98,13,1,5
BRDA:99,14,0,6
BRDA:99,14,1,1
BRDA:106,15,0,6
BRDA:106,15,1,2
BRDA:107,16,0,6
BRDA:107,16,1,2
BRDA:126,17,0,13
BRDA:126,17,1,4
BRF:36
BRH:31
end_of_record
TN:
SF:src/components/Layout.tsx
FN:9,(anonymous_0)
FNF:1
FNH:0
FNDA:0,(anonymous_0)
DA:9,0
DA:10,0
DA:12,0
LF:3
LH:0
BRDA:13,0,0,0
BRDA:13,0,1,0
BRF:2
BRH:0
end_of_record
TN:
SF:src/components/Visualizer.tsx
FN:8,(anonymous_0)
FN:13,(anonymous_1)
FN:15,(anonymous_2)
FN:16,(anonymous_3)
FN:18,(anonymous_4)
FN:22,(anonymous_5)
FN:35,(anonymous_6)
FN:64,(anonymous_7)
FN:71,(anonymous_8)
FN:75,(anonymous_9)
FN:82,(anonymous_10)
FN:87,(anonymous_11)
FNF:12
FNH:0
FNDA:0,(anonymous_0)
FNDA:0,(anonymous_1)
FNDA:0,(anonymous_2)
FNDA:0,(anonymous_3)
FNDA:0,(anonymous_4)
FNDA:0,(anonymous_5)
FNDA:0,(anonymous_6)
FNDA:0,(anonymous_7)
FNDA:0,(anonymous_8)
FNDA:0,(anonymous_9)
FNDA:0,(anonymous_10)
FNDA:0,(anonymous_11)
DA:8,0
DA:9,0
DA:10,0
DA:13,0
DA:14,0
DA:15,0
DA:16,0
DA:18,0
DA:22,0
DA:23,0
DA:25,0
DA:26,0
DA:27,0
DA:29,0
DA:30,0
DA:31,0
DA:35,0
DA:36,0
DA:38,0
DA:40,0
DA:41,0
DA:43,0
DA:45,0
DA:47,0
DA:48,0
DA:51,0
DA:52,0
DA:53,0
DA:55,0
DA:56,0
DA:58,0
DA:62,0
DA:64,0
DA:65,0
DA:71,0
DA:72,0
DA:73,0
DA:75,0
DA:76,0
DA:77,0
DA:80,0
DA:82,0
DA:85,0
DA:88,0
LF:44
LH:0
BRDA:14,0,0,0
BRDA:14,0,1,0
BRDA:23,1,0,0
BRDA:23,1,1,0
BRDA:23,2,0,0
BRDA:23,2,1,0
BRDA:27,3,0,0
BRDA:27,3,1,0
BRDA:73,4,0,0
BRDA:73,4,1,0
BRDA:73,5,0,0
BRDA:73,5,1,0
BRDA:93,6,0,0
BRDA:93,6,1,0
BRF:14
BRH:0
end_of_record
TN:
SF:src/components/WavySeparator.tsx
FN:3,(anonymous_0)
FNF:1
FNH:0
FNDA:0,(anonymous_0)
DA:3,0
DA:4,0
LF:2
LH:0
BRF:0
BRH:0
end_of_record
TN:
SF:src/components/icons.tsx
FN:8,(anonymous_0)
FN:12,(anonymous_1)
FN:16,(anonymous_2)
FN:20,(anonymous_3)
FN:24,(anonymous_4)
FN:28,(anonymous_5)
FN:32,(anonymous_6)
FN:36,(anonymous_7)
FN:40,(anonymous_8)
FN:44,(anonymous_9)
FN:48,(anonymous_10)
FN:52,(anonymous_11)
FN:56,(anonymous_12)
FN:60,(anonymous_13)
FN:64,(anonymous_14)
FN:68,(anonymous_15)
FN:72,(anonymous_16)
FN:76,(anonymous_17)
FN:80,(anonymous_18)
FN:84,(anonymous_19)
FN:88,(anonymous_20)
FN:92,(anonymous_21)
FN:96,(anonymous_22)
FN:100,(anonymous_23)
FN:104,(anonymous_24)
FN:108,(anonymous_25)
FN:112,(anonymous_26)
FN:116,(anonymous_27)
FN:120,(anonymous_28)
FN:124,(anonymous_29)
FN:128,(anonymous_30)
FN:132,(anonymous_31)
FN:136,(anonymous_32)
FN:140,(anonymous_33)
FN:144,(anonymous_34)
FN:148,(anonymous_35)
FN:152,(anonymous_36)
FN:156,(anonymous_37)
FN:160,(anonymous_38)
FN:169,(anonymous_39)
FN:181,(anonymous_40)
FN:185,(anonymous_41)
FN:189,(anonymous_42)
FN:193,(anonymous_43)
FN:202,(anonymous_44)
FN:208,(anonymous_45)
FN:214,(anonymous_46)
FN:219,(anonymous_47)
FN:224,(anonymous_48)
FN:230,(anonymous_49)
FN:234,(anonymous_50)
FN:238,(anonymous_51)
FN:248,(anonymous_52)
FN:252,(anonymous_53)
FN:256,(anonymous_54)
FN:260,(anonymous_55)
FN:264,(anonymous_56)
FN:268,(anonymous_57)
FN:272,(anonymous_58)
FN:276,(anonymous_59)
FN:280,(anonymous_60)
FN:284,(anonymous_61)
FN:288,(anonymous_62)
FNF:63
FNH:21
FNDA:17,(anonymous_0)
FNDA:17,(anonymous_1)
FNDA:22,(anonymous_2)
FNDA:0,(anonymous_3)
FNDA:6,(anonymous_4)
FNDA:6,(anonymous_5)
FNDA:6,(anonymous_6)
FNDA:6,(anonymous_7)
FNDA:17,(anonymous_8)
FNDA:4,(anonymous_9)
FNDA:0,(anonymous_10)
FNDA:0,(anonymous_11)
FNDA:0,(anonymous_12)
FNDA:0,(anonymous_13)
FNDA:6,(anonymous_14)
FNDA:4,(anonymous_15)
FNDA:3,(anonymous_16)
FNDA:0,(anonymous_17)
FNDA:0,(anonymous_18)
FNDA:17,(anonymous_19)
FNDA:0,(anonymous_20)
FNDA:0,(anonymous_21)
FNDA:0,(anonymous_22)
FNDA:6,(anonymous_23)
FNDA:0,(anonymous_24)
FNDA:6,(anonymous_25)
FNDA:17,(anonymous_26)
FNDA:0,(anonymous_27)
FNDA:0,(anonymous_28)
FNDA:22,(anonymous_29)
FNDA:0,(anonymous_30)
FNDA:0,(anonymous_31)
FNDA:0,(anonymous_32)
FNDA:17,(anonymous_33)
FNDA:0,(anonymous_34)
FNDA:0,(anonymous_35)
FNDA:0,(anonymous_36)
FNDA:0,(anonymous_37)
FNDA:2,(anonymous_38)
FNDA:6,(anonymous_39)
FNDA:0,(anonymous_40)
FNDA:0,(anonymous_41)
FNDA:0,(anonymous_42)
FNDA:0,(anonymous_43)
FNDA:0,(anonymous_44)
FNDA:0,(anonymous_45)
FNDA:5,(anonymous_46)
FNDA:0,(anonymous_47)
FNDA:0,(anonymous_48)
FNDA:0,(anonymous_49)
FNDA:0,(anonymous_50)
FNDA:0,(anonymous_51)
FNDA:0,(anonymous_52)
FNDA:0,(anonymous_53)
FNDA:0,(anonymous_54)
FNDA:0,(anonymous_55)
FNDA:0,(anonymous_56)
FNDA:0,(anonymous_57)
FNDA:0,(anonymous_58)
FNDA:0,(anonymous_59)
FNDA:0,(anonymous_60)
FNDA:0,(anonymous_61)
FNDA:0,(anonymous_62)
DA:8,1
DA:9,17
DA:12,1
DA:13,17
DA:16,1
DA:17,22
DA:20,1
DA:21,0
DA:24,1
DA:25,6
DA:28,1
DA:29,6
DA:32,1
DA:33,6
DA:36,1
DA:37,6
DA:40,1
DA:41,17
DA:44,1
DA:45,4
DA:48,1
DA:49,0
DA:52,1
DA:53,0
DA:56,1
DA:57,0
DA:60,1
DA:61,0
DA:64,1
DA:65,6
DA:68,1
DA:69,4
DA:72,1
DA:73,3
DA:76,1
DA:77,0
DA:80,1
DA:81,0
DA:84,1
DA:85,17
DA:88,1
DA:89,0
DA:92,1
DA:93,0
DA:96,1
DA:97,0
DA:100,1
DA:101,6
DA:104,1
DA:105,0
DA:108,1
DA:109,6
DA:112,1
DA:113,17
DA:116,1
DA:117,0
DA:120,1
DA:121,0
DA:124,1
DA:125,22
DA:128,1
DA:129,0
DA:132,1
DA:133,0
DA:136,1
DA:137,0
DA:140,1
DA:141,17
DA:144,1
DA:145,0
DA:148,1
DA:149,0
DA:152,1
DA:153,0
DA:156,1
DA:157,0
DA:160,1
DA:161,2
DA:169,1
DA:170,6
DA:181,1
DA:182,0
DA:185,1
DA:186,0
DA:189,1
DA:190,0
DA:193,1
DA:194,0
DA:202,1
DA:203,0
DA:208,1
DA:209,0
DA:214,1
DA:215,5
DA:219,1
DA:220,0
DA:224,1
DA:225,0
DA:230,1
DA:231,0
DA:234,1
DA:235,0
DA:238,1
DA:239,0
DA:248,1
DA:249,0
DA:252,1
DA:253,0
DA:256,1
DA:257,0
DA:260,1
DA:261,0
DA:264,1
DA:265,0
DA:268,1
DA:269,0
DA:272,1
DA:273,0
DA:276,1
DA:277,0
DA:280,1
DA:281,0
DA:284,1
DA:285,0
DA:288,1
DA:289,0
LF:126
LH:84
BRF:0
BRH:0
end_of_record
TN:
SF:src/components/admin/AdminLayout.tsx
FN:8,(anonymous_0)
FN:12,(anonymous_1)
FN:17,(anonymous_2)
FN:143,(anonymous_3)
FNF:4
FNH:0
FNDA:0,(anonymous_0)
FNDA:0,(anonymous_1)
FNDA:0,(anonymous_2)
FNDA:0,(anonymous_3)
DA:8,0
DA:9,0
DA:10,0
DA:12,0
DA:13,0
DA:14,0
DA:17,0
DA:18,0
DA:24,0
DA:143,0
DA:144,0
LF:11
LH:0
BRDA:19,0,0,0
BRDA:19,0,1,0
BRF:2
BRH:0
end_of_record
TN:
SF:src/components/admin/CodeAssistantPanel.tsx
FN:25,(anonymous_0)
FN:28,(anonymous_1)
FN:35,(anonymous_2)
FN:41,(anonymous_3)
FN:62,(anonymous_4)
FN:70,(anonymous_5)
FN:76,(anonymous_6)
FN:82,(anonymous_7)
FN:98,(anonymous_8)
FN:103,(anonymous_9)
FN:114,(anonymous_10)
FN:126,(anonymous_11)
FN:144,(anonymous_12)
FN:147,(anonymous_13)
FN:163,(anonymous_14)
FN:170,(anonymous_15)
FN:187,(anonymous_16)
FN:188,(anonymous_17)
FNF:18
FNH:0
FNDA:0,(anonymous_0)
FNDA:0,(anonymous_1)
FNDA:0,(anonymous_2)
FNDA:0,(anonymous_3)
FNDA:0,(anonymous_4)
FNDA:0,(anonymous_5)
FNDA:0,(anonymous_6)
FNDA:0,(anonymous_7)
FNDA:0,(anonymous_8)
FNDA:0,(anonymous_9)
FNDA:0,(anonymous_10)
FNDA:0,(anonymous_11)
FNDA:0,(anonymous_12)
FNDA:0,(anonymous_13)
FNDA:0,(anonymous_14)
FNDA:0,(anonymous_15)
FNDA:0,(anonymous_16)
FNDA:0,(anonymous_17)
DA:8,0
DA:25,0
DA:26,0
DA:28,0
DA:29,0
DA:30,0
DA:33,0
DA:36,0
DA:37,0
DA:38,0
DA:41,0
DA:52,0
DA:62,0
DA:63,0
DA:64,0
DA:65,0
DA:66,0
DA:67,0
DA:68,0
DA:70,0
DA:71,0
DA:74,0
DA:76,0
DA:77,0
DA:78,0
DA:79,0
DA:82,0
DA:83,0
DA:85,0
DA:86,0
DA:87,0
DA:90,0
DA:91,0
DA:92,0
DA:95,0
DA:96,0
DA:98,0
DA:99,0
DA:100,0
DA:101,0
DA:103,0
DA:108,0
DA:109,0
DA:111,0
DA:112,0
DA:113,0
DA:114,0
DA:115,0
DA:116,0
DA:117,0
DA:118,0
DA:120,0
DA:124,0
DA:125,0
DA:126,0
DA:127,0
DA:128,0
DA:129,0
DA:131,0
DA:133,0
DA:138,0
DA:145,0
DA:147,0
DA:163,0
DA:171,0
DA:187,0
DA:188,0
LF:67
LH:0
BRDA:36,0,0,0
BRDA:36,0,1,0
BRDA:83,1,0,0
BRDA:83,1,1,0
BRDA:83,2,0,0
BRDA:83,2,1,0
BRDA:85,3,0,0
BRDA:85,3,1,0
BRDA:90,4,0,0
BRDA:90,4,1,0
BRDA:104,5,0,0
BRDA:104,5,1,0
BRDA:117,6,0,0
BRDA:117,6,1,0
BRDA:117,7,0,0
BRDA:117,7,1,0
BRDA:131,8,0,0
BRDA:131,8,1,0
BRDA:148,9,0,0
BRDA:148,9,1,0
BRDA:160,10,0,0
BRDA:160,10,1,0
BRDA:164,11,0,0
BRDA:164,11,1,0
BRDA:171,12,0,0
BRDA:171,12,1,0
BRDA:172,13,0,0
BRDA:172,13,1,0
BRDA:173,14,0,0
BRDA:173,14,1,0
BRDA:174,15,0,0
BRDA:174,15,1,0
BRDA:178,16,0,0
BRDA:178,16,1,0
BRDA:178,16,2,0
BRDA:188,17,0,0
BRDA:188,17,1,0
BRDA:193,18,0,0
BRDA:193,18,1,0
BRF:39
BRH:0
end_of_record
TN:
SF:src/components/admin/ImageGenerationInput.tsx
FN:15,(anonymous_0)
FN:17,(anonymous_1)
FN:19,(anonymous_2)
FN:31,(anonymous_3)
FN:32,(anonymous_4)
FN:59,(anonymous_5)
FN:65,(anonymous_6)
FN:86,(anonymous_7)
FN:101,(anonymous_8)
FN:159,(anonymous_9)
FN:170,(anonymous_10)
FN:177,(anonymous_11)
FN:186,(anonymous_12)
FN:197,(anonymous_13)
FN:203,(anonymous_14)
FNF:15
FNH:0
FNDA:0,(anonymous_0)
FNDA:0,(anonymous_1)
FNDA:0,(anonymous_2)
FNDA:0,(anonymous_3)
FNDA:0,(anonymous_4)
FNDA:0,(anonymous_5)
FNDA:0,(anonymous_6)
FNDA:0,(anonymous_7)
FNDA:0,(anonymous_8)
FNDA:0,(anonymous_9)
FNDA:0,(anonymous_10)
FNDA:0,(anonymous_11)
FNDA:0,(anonymous_12)
FNDA:0,(anonymous_13)
FNDA:0,(anonymous_14)
DA:15,0
DA:16,0
DA:17,0
DA:19,0
DA:20,0
DA:21,0
DA:24,0
DA:32,0
DA:59,0
DA:60,0
DA:61,0
DA:62,0
DA:63,0
DA:65,0
DA:66,0
DA:67,0
DA:68,0
DA:70,0
DA:71,0
DA:72,0
DA:73,0
DA:74,0
DA:75,0
DA:76,0
DA:77,0
DA:79,0
DA:80,0
DA:82,0
DA:86,0
DA:87,0
DA:88,0
DA:89,0
DA:93,0
DA:101,0
DA:159,0
DA:160,0
DA:161,0
DA:163,0
DA:165,0
DA:170,0
DA:177,0
DA:186,0
DA:197,0
DA:203,0
LF:44
LH:0
BRDA:29,0,0,0
BRDA:29,0,1,0
BRDA:33,1,0,0
BRDA:33,1,1,0
BRDA:36,2,0,0
BRDA:36,2,1,0
BRDA:66,3,0,0
BRDA:66,3,1,0
BRDA:79,4,0,0
BRDA:79,4,1,0
BRDA:80,5,0,0
BRDA:80,5,1,0
BRDA:87,6,0,0
BRDA:87,6,1,0
BRDA:106,7,0,0
BRDA:106,7,1,0
BRDA:107,8,0,0
BRDA:107,8,1,0
BRDA:109,9,0,0
BRDA:109,9,1,0
BRDA:110,10,0,0
BRDA:110,10,1,0
BRDA:115,11,0,0
BRDA:115,11,1,0
BRDA:159,12,0,0
BRDA:172,13,0,0
BRDA:172,13,1,0
BRDA:183,14,0,0
BRDA:183,14,1,0
BRDA:195,15,0,0
BRDA:195,15,1,0
BRDA:195,15,2,0
BRDA:201,16,0,0
BRDA:201,16,1,0
BRF:34
BRH:0
end_of_record
TN:
SF:src/components/admin/TextGenerationInput.tsx
FN:21,(anonymous_0)
FN:27,(anonymous_1)
FN:43,(anonymous_2)
FN:64,(anonymous_3)
FN:118,(anonymous_4)
FN:127,(anonymous_5)
FN:137,(anonymous_6)
FN:144,(anonymous_7)
FNF:8
FNH:0
FNDA:0,(anonymous_0)
FNDA:0,(anonymous_1)
FNDA:0,(anonymous_2)
FNDA:0,(anonymous_3)
FNDA:0,(anonymous_4)
FNDA:0,(anonymous_5)
FNDA:0,(anonymous_6)
FNDA:0,(anonymous_7)
DA:21,0
DA:22,0
DA:23,0
DA:24,0
DA:25,0
DA:27,0
DA:28,0
DA:29,0
DA:30,0
DA:31,0
DA:32,0
DA:33,0
DA:34,0
DA:36,0
DA:37,0
DA:39,0
DA:43,0
DA:44,0
DA:45,0
DA:46,0
DA:50,0
DA:64,0
DA:118,0
DA:119,0
DA:121,0
DA:127,0
DA:137,0
DA:144,0
LF:28
LH:0
BRDA:36,0,0,0
BRDA:36,0,1,0
BRDA:37,1,0,0
BRDA:37,1,1,0
BRDA:44,2,0,0
BRDA:44,2,1,0
BRDA:70,3,0,0
BRDA:70,3,1,0
BRDA:72,4,0,0
BRDA:72,4,1,0
BRDA:73,5,0,0
BRDA:73,5,1,0
BRDA:78,6,0,0
BRDA:78,6,1,0
BRDA:118,7,0,0
BRDA:142,8,0,0
BRDA:142,8,1,0
BRF:17
BRH:0
end_of_record
TN:
SF:src/context/AuthContext.tsx
FN:46,(anonymous_0)
FN:54,(anonymous_1)
FN:66,(anonymous_2)
FN:74,(anonymous_3)
FN:75,(anonymous_4)
FN:75,(anonymous_5)
FN:76,(anonymous_6)
FN:79,(anonymous_7)
FN:97,(anonymous_8)
FN:100,(anonymous_9)
FN:109,(anonymous_10)
FN:111,(anonymous_11)
FN:114,(anonymous_12)
FN:130,(anonymous_13)
FN:141,(anonymous_14)
FN:147,(anonymous_15)
FN:148,(anonymous_16)
FN:179,(anonymous_17)
FN:199,(anonymous_18)
FN:202,(anonymous_19)
FN:223,(anonymous_20)
FN:232,(anonymous_21)
FN:241,(anonymous_22)
FN:242,(anonymous_23)
FN:254,(anonymous_24)
FN:258,(anonymous_25)
FN:262,(anonymous_26)
FN:262,(anonymous_27)
FN:265,(anonymous_28)
FN:278,(anonymous_29)
FN:289,(anonymous_30)
FN:291,(anonymous_31)
FN:297,(anonymous_32)
FN:299,(anonymous_33)
FN:306,(anonymous_34)
FN:315,(anonymous_35)
FN:320,(anonymous_36)
FNF:37
FNH:0
FNDA:0,(anonymous_0)
FNDA:0,(anonymous_1)
FNDA:0,(anonymous_2)
FNDA:0,(anonymous_3)
FNDA:0,(anonymous_4)
FNDA:0,(anonymous_5)
FNDA:0,(anonymous_6)
FNDA:0,(anonymous_7)
FNDA:0,(anonymous_8)
FNDA:0,(anonymous_9)
FNDA:0,(anonymous_10)
FNDA:0,(anonymous_11)
FNDA:0,(anonymous_12)
FNDA:0,(anonymous_13)
FNDA:0,(anonymous_14)
FNDA:0,(anonymous_15)
FNDA:0,(anonymous_16)
FNDA:0,(anonymous_17)
FNDA:0,(anonymous_18)
FNDA:0,(anonymous_19)
FNDA:0,(anonymous_20)
FNDA:0,(anonymous_21)
FNDA:0,(anonymous_22)
FNDA:0,(anonymous_23)
FNDA:0,(anonymous_24)
FNDA:0,(anonymous_25)
FNDA:0,(anonymous_26)
FNDA:0,(anonymous_27)
FNDA:0,(anonymous_28)
FNDA:0,(anonymous_29)
FNDA:0,(anonymous_30)
FNDA:0,(anonymous_31)
FNDA:0,(anonymous_32)
FNDA:0,(anonymous_33)
FNDA:0,(anonymous_34)
FNDA:0,(anonymous_35)
FNDA:0,(anonymous_36)
DA:34,1
DA:40,1
DA:41,1
DA:42,1
DA:43,1
DA:44,1
DA:46,1
DA:47,0
DA:48,0
DA:49,0
DA:50,0
DA:52,0
DA:53,0
DA:54,0
DA:61,0
DA:63,0
DA:66,1
DA:67,0
DA:68,0
DA:69,0
DA:70,0
DA:71,0
DA:72,0
DA:74,0
DA:75,0
DA:76,0
DA:79,0
DA:80,0
DA:81,0
DA:82,0
DA:83,0
DA:88,0
DA:89,0
DA:90,0
DA:92,0
DA:94,0
DA:97,0
DA:98,0
DA:99,0
DA:100,0
DA:101,0
DA:102,0
DA:103,0
DA:109,0
DA:110,0
DA:111,0
DA:112,0
DA:114,0
DA:115,0
DA:116,0
DA:118,0
DA:120,0
DA:123,0
DA:124,0
DA:125,0
DA:130,0
DA:131,0
DA:132,0
DA:133,0
DA:135,0
DA:136,0
DA:137,0
DA:141,0
DA:142,0
DA:143,0
DA:144,0
DA:145,0
DA:147,0
DA:148,0
DA:149,0
DA:151,0
DA:152,0
DA:164,0
DA:165,0
DA:168,0
DA:169,0
DA:171,0
DA:172,0
DA:173,0
DA:179,0
DA:181,0
DA:182,0
DA:186,0
DA:187,0
DA:188,0
DA:190,0
DA:194,0
DA:195,0
DA:199,0
DA:200,0
DA:202,0
DA:203,0
DA:205,0
DA:206,0
DA:207,0
DA:208,0
DA:210,0
DA:214,0
DA:215,0
DA:217,0
DA:220,0
DA:223,0
DA:225,0
DA:226,0
DA:227,0
DA:229,0
DA:232,0
DA:233,0
DA:234,0
DA:236,0
DA:237,0
DA:238,0
DA:241,0
DA:242,0
DA:243,0
DA:244,0
DA:247,0
DA:254,0
DA:255,0
DA:258,0
DA:259,0
DA:260,0
DA:262,0
DA:265,0
DA:266,0
DA:267,0
DA:268,0
DA:270,0
DA:274,0
DA:275,0
DA:278,0
DA:279,0
DA:280,0
DA:281,0
DA:283,0
DA:284,0
DA:285,0
DA:286,0
DA:289,0
DA:290,0
DA:291,0
DA:292,0
DA:293,0
DA:294,0
DA:297,0
DA:298,0
DA:299,0
DA:300,0
DA:302,0
DA:303,0
DA:306,0
DA:307,0
DA:308,0
DA:309,0
DA:310,0
DA:312,0
DA:315,0
DA:316,0
DA:317,0
DA:320,0
DA:321,0
DA:322,0
DA:323,0
DA:324,0
DA:326,0
DA:329,0
LF:166
LH:8
BRDA:50,0,0,0
BRDA:50,0,1,0
BRDA:52,1,0,0
BRDA:52,1,1,0
BRDA:56,2,0,0
BRDA:56,2,1,0
BRDA:57,3,0,0
BRDA:57,3,1,0
BRDA:75,4,0,0
BRDA:75,4,1,0
BRDA:76,5,0,0
BRDA:76,5,1,0
BRDA:76,6,0,0
BRDA:76,6,1,0
BRDA:81,7,0,0
BRDA:81,7,1,0
BRDA:82,8,0,0
BRDA:82,8,1,0
BRDA:89,9,0,0
BRDA:89,9,1,0
BRDA:99,10,0,0
BRDA:99,10,1,0
BRDA:101,11,0,0
BRDA:101,11,1,0
BRDA:115,12,0,0
BRDA:115,12,1,0
BRDA:115,13,0,0
BRDA:115,13,1,0
BRDA:124,14,0,0
BRDA:124,14,1,0
BRDA:124,15,0,0
BRDA:124,15,1,0
BRDA:124,15,2,0
BRDA:132,16,0,0
BRDA:132,16,1,0
BRDA:136,17,0,0
BRDA:136,17,1,0
BRDA:151,18,0,0
BRDA:151,18,1,0
BRDA:171,19,0,0
BRDA:171,19,1,0
BRDA:172,20,0,0
BRDA:172,20,1,0
BRDA:179,21,0,0
BRDA:179,21,1,0
BRDA:181,22,0,0
BRDA:181,22,1,0
BRDA:200,23,0,0
BRDA:200,23,1,0
BRDA:203,24,0,0
BRDA:203,24,1,0
BRDA:203,25,0,0
BRDA:203,25,1,0
BRDA:205,26,0,0
BRDA:205,26,1,0
BRDA:225,27,0,0
BRDA:225,27,1,0
BRDA:225,28,0,0
BRDA:225,28,1,0
BRDA:233,29,0,0
BRDA:233,29,1,0
BRDA:233,30,0,0
BRDA:233,30,1,0
BRDA:242,31,0,0
BRDA:242,31,1,0
BRDA:259,32,0,0
BRDA:259,32,1,0
BRDA:266,33,0,0
BRDA:266,33,1,0
BRDA:272,34,0,0
BRDA:272,34,1,0
BRDA:279,35,0,0
BRDA:279,35,1,0
BRDA:284,36,0,0
BRDA:284,36,1,0
BRDA:290,37,0,0
BRDA:290,37,1,0
BRDA:291,38,0,0
BRDA:291,38,1,0
BRDA:298,39,0,0
BRDA:298,39,1,0
BRDA:299,40,0,0
BRDA:299,40,1,0
BRDA:300,41,0,0
BRDA:300,41,1,0
BRDA:307,42,0,0
BRDA:307,42,1,0
BRDA:321,43,0,0
BRDA:321,43,1,0
BRF:89
BRH:0
end_of_record
TN:
SF:src/context/ContentContext.tsx
FN:113,(anonymous_0)
FN:151,(anonymous_1)
FN:165,(anonymous_2)
FN:169,(anonymous_3)
FN:171,(anonymous_4)
FN:172,(anonymous_5)
FN:173,(anonymous_6)
FN:186,(anonymous_7)
FN:188,(anonymous_8)
FN:189,(anonymous_9)
FN:194,(anonymous_10)
FN:205,(anonymous_11)
FN:206,(anonymous_12)
FN:207,(anonymous_13)
FN:215,(anonymous_14)
FN:216,(anonymous_15)
FN:218,(anonymous_16)
FN:222,(anonymous_17)
FN:223,(anonymous_18)
FN:225,(anonymous_19)
FN:229,(anonymous_20)
FN:230,(anonymous_21)
FN:233,(anonymous_22)
FN:234,(anonymous_23)
FN:234,(anonymous_24)
FN:237,(anonymous_25)
FN:238,(anonymous_26)
FN:241,(anonymous_27)
FN:242,(anonymous_28)
FN:245,(anonymous_29)
FN:246,(anonymous_30)
FN:249,(anonymous_31)
FN:250,(anonymous_32)
FN:252,(anonymous_33)
FN:256,(anonymous_34)
FN:257,(anonymous_35)
FN:257,(anonymous_36)
FN:260,(anonymous_37)
FN:261,(anonymous_38)
FN:267,(anonymous_39)
FN:273,(anonymous_40)
FN:276,(anonymous_41)
FN:277,(anonymous_42)
FN:278,(anonymous_43)
FN:284,(anonymous_44)
FN:302,(anonymous_45)
FN:303,(anonymous_46)
FN:306,(anonymous_47)
FN:307,(anonymous_48)
FN:310,(anonymous_49)
FN:311,(anonymous_50)
FN:313,(anonymous_51)
FN:317,(anonymous_52)
FN:318,(anonymous_53)
FN:318,(anonymous_54)
FN:321,(anonymous_55)
FN:322,(anonymous_56)
FN:325,(anonymous_57)
FN:326,(anonymous_58)
FN:329,(anonymous_59)
FN:340,(anonymous_60)
FN:347,(anonymous_61)
FN:349,(anonymous_62)
FN:353,(anonymous_63)
FN:355,(anonymous_64)
FN:359,(anonymous_65)
FN:363,(anonymous_66)
FN:364,(anonymous_67)
FN:367,(anonymous_68)
FN:368,(anonymous_69)
FN:370,(anonymous_70)
FN:374,(anonymous_71)
FN:375,(anonymous_72)
FN:375,(anonymous_73)
FN:378,(anonymous_74)
FN:379,(anonymous_75)
FN:382,(anonymous_76)
FN:383,(anonymous_77)
FN:385,(anonymous_78)
FN:389,(anonymous_79)
FN:390,(anonymous_80)
FN:390,(anonymous_81)
FN:393,(anonymous_82)
FN:394,(anonymous_83)
FN:397,(anonymous_84)
FN:398,(anonymous_85)
FN:401,(anonymous_86)
FN:402,(anonymous_87)
FN:404,(anonymous_88)
FN:408,(anonymous_89)
FN:409,(anonymous_90)
FN:409,(anonymous_91)
FN:412,(anonymous_92)
FN:413,(anonymous_93)
FN:416,(anonymous_94)
FN:417,(anonymous_95)
FN:417,(anonymous_96)
FN:420,(anonymous_97)
FN:421,(anonymous_98)
FN:421,(anonymous_99)
FN:424,(anonymous_100)
FN:425,(anonymous_101)
FN:428,(anonymous_102)
FN:429,(anonymous_103)
FN:432,(anonymous_104)
FN:433,(anonymous_105)
FN:435,(anonymous_106)
FN:439,(anonymous_107)
FN:440,(anonymous_108)
FN:440,(anonymous_109)
FN:443,(anonymous_110)
FN:444,(anonymous_111)
FN:447,(anonymous_112)
FN:448,(anonymous_113)
FN:451,(anonymous_114)
FN:452,(anonymous_115)
FN:455,(anonymous_116)
FN:456,(anonymous_117)
FNF:118
FNH:0
FNDA:0,(anonymous_0)
FNDA:0,(anonymous_1)
FNDA:0,(anonymous_2)
FNDA:0,(anonymous_3)
FNDA:0,(anonymous_4)
FNDA:0,(anonymous_5)
FNDA:0,(anonymous_6)
FNDA:0,(anonymous_7)
FNDA:0,(anonymous_8)
FNDA:0,(anonymous_9)
FNDA:0,(anonymous_10)
FNDA:0,(anonymous_11)
FNDA:0,(anonymous_12)
FNDA:0,(anonymous_13)
FNDA:0,(anonymous_14)
FNDA:0,(anonymous_15)
FNDA:0,(anonymous_16)
FNDA:0,(anonymous_17)
FNDA:0,(anonymous_18)
FNDA:0,(anonymous_19)
FNDA:0,(anonymous_20)
FNDA:0,(anonymous_21)
FNDA:0,(anonymous_22)
FNDA:0,(anonymous_23)
FNDA:0,(anonymous_24)
FNDA:0,(anonymous_25)
FNDA:0,(anonymous_26)
FNDA:0,(anonymous_27)
FNDA:0,(anonymous_28)
FNDA:0,(anonymous_29)
FNDA:0,(anonymous_30)
FNDA:0,(anonymous_31)
FNDA:0,(anonymous_32)
FNDA:0,(anonymous_33)
FNDA:0,(anonymous_34)
FNDA:0,(anonymous_35)
FNDA:0,(anonymous_36)
FNDA:0,(anonymous_37)
FNDA:0,(anonymous_38)
FNDA:0,(anonymous_39)
FNDA:0,(anonymous_40)
FNDA:0,(anonymous_41)
FNDA:0,(anonymous_42)
FNDA:0,(anonymous_43)
FNDA:0,(anonymous_44)
FNDA:0,(anonymous_45)
FNDA:0,(anonymous_46)
FNDA:0,(anonymous_47)
FNDA:0,(anonymous_48)
FNDA:0,(anonymous_49)
FNDA:0,(anonymous_50)
FNDA:0,(anonymous_51)
FNDA:0,(anonymous_52)
FNDA:0,(anonymous_53)
FNDA:0,(anonymous_54)
FNDA:0,(anonymous_55)
FNDA:0,(anonymous_56)
FNDA:0,(anonymous_57)
FNDA:0,(anonymous_58)
FNDA:0,(anonymous_59)
FNDA:0,(anonymous_60)
FNDA:0,(anonymous_61)
FNDA:0,(anonymous_62)
FNDA:0,(anonymous_63)
FNDA:0,(anonymous_64)
FNDA:0,(anonymous_65)
FNDA:0,(anonymous_66)
FNDA:0,(anonymous_67)
FNDA:0,(anonymous_68)
FNDA:0,(anonymous_69)
FNDA:0,(anonymous_70)
FNDA:0,(anonymous_71)
FNDA:0,(anonymous_72)
FNDA:0,(anonymous_73)
FNDA:0,(anonymous_74)
FNDA:0,(anonymous_75)
FNDA:0,(anonymous_76)
FNDA:0,(anonymous_77)
FNDA:0,(anonymous_78)
FNDA:0,(anonymous_79)
FNDA:0,(anonymous_80)
FNDA:0,(anonymous_81)
FNDA:0,(anonymous_82)
FNDA:0,(anonymous_83)
FNDA:0,(anonymous_84)
FNDA:0,(anonymous_85)
FNDA:0,(anonymous_86)
FNDA:0,(anonymous_87)
FNDA:0,(anonymous_88)
FNDA:0,(anonymous_89)
FNDA:0,(anonymous_90)
FNDA:0,(anonymous_91)
FNDA:0,(anonymous_92)
FNDA:0,(anonymous_93)
FNDA:0,(anonymous_94)
FNDA:0,(anonymous_95)
FNDA:0,(anonymous_96)
FNDA:0,(anonymous_97)
FNDA:0,(anonymous_98)
FNDA:0,(anonymous_99)
FNDA:0,(anonymous_100)
FNDA:0,(anonymous_101)
FNDA:0,(anonymous_102)
FNDA:0,(anonymous_103)
FNDA:0,(anonymous_104)
FNDA:0,(anonymous_105)
FNDA:0,(anonymous_106)
FNDA:0,(anonymous_107)
FNDA:0,(anonymous_108)
FNDA:0,(anonymous_109)
FNDA:0,(anonymous_110)
FNDA:0,(anonymous_111)
FNDA:0,(anonymous_112)
FNDA:0,(anonymous_113)
FNDA:0,(anonymous_114)
FNDA:0,(anonymous_115)
FNDA:0,(anonymous_116)
FNDA:0,(anonymous_117)
DA:104,1
DA:110,1
DA:113,1
DA:114,0
DA:115,0
DA:116,0
DA:117,0
DA:119,0
DA:120,0
DA:124,0
DA:127,0
DA:151,1
DA:152,0
DA:160,0
DA:161,0
DA:162,0
DA:163,0
DA:165,0
DA:166,0
DA:169,0
DA:170,0
DA:171,0
DA:172,0
DA:173,0
DA:174,0
DA:183,0
DA:186,0
DA:187,0
DA:188,0
DA:189,0
DA:194,0
DA:195,0
DA:196,0
DA:197,0
DA:199,0
DA:201,0
DA:205,0
DA:206,0
DA:207,0
DA:208,0
DA:209,0
DA:211,0
DA:215,0
DA:216,0
DA:218,0
DA:222,0
DA:223,0
DA:225,0
DA:229,0
DA:230,0
DA:233,0
DA:234,0
DA:237,0
DA:238,0
DA:241,0
DA:242,0
DA:245,0
DA:246,0
DA:249,0
DA:250,0
DA:252,0
DA:256,0
DA:257,0
DA:260,0
DA:261,0
DA:267,0
DA:268,0
DA:273,0
DA:276,0
DA:277,0
DA:278,0
DA:279,0
DA:284,0
DA:285,0
DA:287,0
DA:288,0
DA:291,0
DA:294,0
DA:302,0
DA:303,0
DA:306,0
DA:307,0
DA:310,0
DA:311,0
DA:313,0
DA:317,0
DA:318,0
DA:321,0
DA:322,0
DA:325,0
DA:326,0
DA:329,0
DA:330,0
DA:336,0
DA:337,0
DA:340,0
DA:341,0
DA:342,0
DA:343,0
DA:347,0
DA:348,0
DA:349,0
DA:353,0
DA:354,0
DA:355,0
DA:359,0
DA:360,0
DA:363,0
DA:364,0
DA:367,0
DA:368,0
DA:370,0
DA:374,0
DA:375,0
DA:378,0
DA:379,0
DA:382,0
DA:383,0
DA:385,0
DA:389,0
DA:390,0
DA:393,0
DA:394,0
DA:397,0
DA:398,0
DA:401,0
DA:402,0
DA:404,0
DA:408,0
DA:409,0
DA:412,0
DA:413,0
DA:416,0
DA:417,0
DA:420,0
DA:421,0
DA:424,0
DA:425,0
DA:428,0
DA:429,0
DA:432,0
DA:433,0
DA:435,0
DA:439,0
DA:440,0
DA:443,0
DA:444,0
DA:447,0
DA:448,0
DA:451,0
DA:452,0
DA:455,0
DA:456,0
DA:459,0
LF:154
LH:4
BRDA:116,0,0,0
BRDA:116,0,1,0
BRDA:119,1,0,0
BRDA:119,1,1,0
BRDA:119,2,0,0
BRDA:119,2,1,0
BRDA:119,2,2,0
BRDA:119,2,3,0
BRDA:166,3,0,0
BRDA:166,3,1,0
BRDA:207,4,0,0
BRDA:207,4,1,0
BRDA:218,5,0,0
BRDA:218,5,1,0
BRDA:225,6,0,0
BRDA:225,6,1,0
BRDA:252,7,0,0
BRDA:252,7,1,0
BRDA:279,8,0,0
BRDA:279,8,1,0
BRDA:285,9,0,0
BRDA:285,9,1,0
BRDA:287,10,0,0
BRDA:287,10,1,0
BRDA:313,11,0,0
BRDA:313,11,1,0
BRDA:341,12,0,0
BRDA:341,12,1,0
BRDA:348,13,0,0
BRDA:348,13,1,0
BRDA:354,14,0,0
BRDA:354,14,1,0
BRDA:370,15,0,0
BRDA:370,15,1,0
BRDA:385,16,0,0
BRDA:385,16,1,0
BRDA:404,17,0,0
BRDA:404,17,1,0
BRDA:417,18,0,0
BRDA:417,18,1,0
BRDA:435,19,0,0
BRDA:435,19,1,0
BRF:42
BRH:0
end_of_record
TN:
SF:src/hooks/useAuth.ts
FN:5,(anonymous_0)
FNF:1
FNH:1
FNDA:18,(anonymous_0)
DA:5,1
DA:6,18
DA:7,17
DA:8,0
DA:10,17
LF:5
LH:4
BRDA:7,0,0,0
BRDA:7,0,1,17
BRF:2
BRH:1
end_of_record
TN:
SF:src/hooks/useContent.ts
FN:4,(anonymous_0)
FNF:1
FNH:1
FNDA:17,(anonymous_0)
DA:4,1
DA:5,17
DA:6,17
DA:7,0
DA:9,17
LF:5
LH:4
BRDA:6,0,0,0
BRDA:6,0,1,17
BRF:2
BRH:1
end_of_record
TN:
SF:src/hooks/useRadioStation.tsx
FN:10,(anonymous_0)
FN:16,(anonymous_1)
FN:37,(anonymous_2)
FN:53,(anonymous_3)
FNF:4
FNH:0
FNDA:0,(anonymous_0)
FNDA:0,(anonymous_1)
FNDA:0,(anonymous_2)
FNDA:0,(anonymous_3)
DA:8,0
DA:10,0
DA:12,0
DA:13,0
DA:14,0
DA:16,0
DA:17,0
DA:18,0
DA:19,0
DA:20,0
DA:26,0
DA:27,0
DA:30,0
DA:31,0
DA:32,0
DA:33,0
DA:35,0
DA:37,0
DA:38,0
DA:40,0
DA:41,0
DA:52,0
DA:53,0
DA:55,0
DA:56,0
DA:58,0
DA:62,0
DA:63,0
DA:64,0
DA:66,0
DA:70,0
LF:31
LH:0
BRDA:26,0,0,0
BRDA:26,0,1,0
BRDA:40,1,0,0
BRDA:40,1,1,0
BRDA:40,2,0,0
BRDA:40,2,1,0
BRDA:40,2,2,0
BRDA:52,3,0,0
BRDA:52,3,1,0
BRF:9
BRH:0
end_of_record
TN:
SF:src/hooks/useTilt.tsx
FN:3,(anonymous_0)
FN:6,(anonymous_1)
FN:10,(anonymous_2)
FN:22,(anonymous_3)
FN:33,(anonymous_4)
FNF:5
FNH:0
FNDA:0,(anonymous_0)
FNDA:0,(anonymous_1)
FNDA:0,(anonymous_2)
FNDA:0,(anonymous_3)
FNDA:0,(anonymous_4)
DA:3,0
DA:4,0
DA:6,0
DA:7,0
DA:8,0
DA:10,0
DA:11,0
DA:12,0
DA:13,0
DA:15,0
DA:16,0
DA:18,0
DA:19,0
DA:22,0
DA:23,0
DA:24,0
DA:27,0
DA:28,0
DA:30,0
DA:31,0
DA:33,0
DA:34,0
DA:35,0
DA:39,0
LF:24
LH:0
BRDA:8,0,0,0
BRDA:8,0,1,0
BRF:2
BRH:0
end_of_record
TN:
SF:src/pages/ArchivesPage.tsx
FN:12,(anonymous_0)
FN:18,(anonymous_1)
FN:19,(anonymous_2)
FN:25,(anonymous_3)
FN:28,(anonymous_4)
FN:29,(anonymous_5)
FN:35,(anonymous_6)
FN:52,(anonymous_7)
FN:63,(anonymous_8)
FN:118,(anonymous_9)
FN:136,(anonymous_10)
FN:147,(anonymous_11)
FN:153,(anonymous_12)
FN:154,(anonymous_13)
FN:157,(anonymous_14)
FN:242,(anonymous_15)
FN:254,(anonymous_16)
FN:272,(anonymous_17)
FN:273,(anonymous_18)
FNF:19
FNH:0
FNDA:0,(anonymous_0)
FNDA:0,(anonymous_1)
FNDA:0,(anonymous_2)
FNDA:0,(anonymous_3)
FNDA:0,(anonymous_4)
FNDA:0,(anonymous_5)
FNDA:0,(anonymous_6)
FNDA:0,(anonymous_7)
FNDA:0,(anonymous_8)
FNDA:0,(anonymous_9)
FNDA:0,(anonymous_10)
FNDA:0,(anonymous_11)
FNDA:0,(anonymous_12)
FNDA:0,(anonymous_13)
FNDA:0,(anonymous_14)
FNDA:0,(anonymous_15)
FNDA:0,(anonymous_16)
FNDA:0,(anonymous_17)
FNDA:0,(anonymous_18)
DA:12,0
DA:13,0
DA:14,0
DA:15,0
DA:18,0
DA:19,0
DA:20,0
DA:21,0
DA:24,0
DA:25,0
DA:28,0
DA:29,0
DA:30,0
DA:31,0
DA:35,0
DA:36,0
DA:37,0
DA:48,0
DA:49,0
DA:52,0
DA:53,0
DA:56,0
DA:63,0
DA:118,0
DA:119,0
DA:136,0
DA:137,0
DA:138,0
DA:139,0
DA:140,0
DA:141,0
DA:142,0
DA:143,0
DA:144,0
DA:145,0
DA:147,0
DA:148,0
DA:151,0
DA:153,0
DA:154,0
DA:157,0
DA:158,0
DA:159,0
DA:160,0
DA:163,0
DA:165,0
DA:166,0
DA:167,0
DA:170,0
DA:172,0
DA:173,0
DA:174,0
DA:175,0
DA:176,0
DA:179,0
DA:180,0
DA:181,0
DA:183,0
DA:184,0
DA:185,0
DA:186,0
DA:187,0
DA:188,0
DA:190,0
DA:191,0
DA:192,0
DA:194,0
DA:196,0
DA:199,0
DA:200,0
DA:202,0
DA:203,0
DA:204,0
DA:214,0
DA:215,0
DA:216,0
DA:217,0
DA:219,0
DA:220,0
DA:222,0
DA:226,0
DA:227,0
DA:238,0
DA:240,0
DA:242,0
DA:254,0
DA:273,0
LF:87
LH:0
BRDA:20,0,0,0
BRDA:20,0,1,0
BRDA:36,1,0,0
BRDA:36,1,1,0
BRDA:81,2,0,0
BRDA:81,2,1,0
BRDA:158,3,0,0
BRDA:158,3,1,0
BRDA:158,4,0,0
BRDA:158,4,1,0
BRDA:165,5,0,0
BRDA:165,5,1,0
BRDA:172,6,0,0
BRDA:172,6,1,0
BRDA:172,7,0,0
BRDA:172,7,1,0
BRDA:174,8,0,0
BRDA:174,8,1,0
BRDA:190,9,0,0
BRDA:190,9,1,0
BRDA:207,10,0,0
BRDA:207,10,1,0
BRDA:211,11,0,0
BRDA:211,11,1,0
BRDA:219,12,0,0
BRDA:219,12,1,0
BRDA:220,13,0,0
BRDA:220,13,1,0
BRDA:226,14,0,0
BRDA:226,14,1,0
BRDA:242,15,0,0
BRDA:242,15,1,0
BRDA:259,16,0,0
BRDA:259,16,1,0
BRDA:262,17,0,0
BRDA:262,17,1,0
BRDA:266,18,0,0
BRDA:266,18,1,0
BRDA:270,19,0,0
BRDA:270,19,1,0
BRDA:285,20,0,0
BRDA:285,20,1,0
BRF:42
BRH:0
end_of_record
TN:
SF:src/pages/ArtistProfilePage.tsx
FN:19,(anonymous_0)
FN:26,(anonymous_1)
FN:30,(anonymous_2)
FN:40,(anonymous_3)
FN:54,(anonymous_4)
FN:73,(anonymous_5)
FN:92,(anonymous_6)
FN:107,(anonymous_7)
FN:120,(anonymous_8)
FN:129,(anonymous_9)
FN:192,(anonymous_10)
FN:198,(anonymous_11)
FN:198,(anonymous_12)
FN:213,(anonymous_13)
FNF:14
FNH:0
FNDA:0,(anonymous_0)
FNDA:0,(anonymous_1)
FNDA:0,(anonymous_2)
FNDA:0,(anonymous_3)
FNDA:0,(anonymous_4)
FNDA:0,(anonymous_5)
FNDA:0,(anonymous_6)
FNDA:0,(anonymous_7)
FNDA:0,(anonymous_8)
FNDA:0,(anonymous_9)
FNDA:0,(anonymous_10)
FNDA:0,(anonymous_11)
FNDA:0,(anonymous_12)
FNDA:0,(anonymous_13)
DA:12,0
DA:19,0
DA:20,0
DA:21,0
DA:22,0
DA:23,0
DA:24,0
DA:26,0
DA:30,0
DA:31,0
DA:32,0
DA:33,0
DA:35,0
DA:36,0
DA:37,0
DA:38,0
DA:40,0
DA:41,0
DA:42,0
DA:43,0
DA:45,0
DA:46,0
DA:47,0
DA:49,0
DA:52,0
DA:54,0
DA:73,0
DA:92,0
DA:93,0
DA:108,0
DA:120,0
DA:121,0
DA:122,0
DA:123,0
DA:125,0
DA:126,0
DA:129,0
DA:131,0
DA:132,0
DA:135,0
DA:193,0
DA:198,0
DA:214,0
LF:43
LH:0
BRDA:20,0,0,0
BRDA:20,0,1,0
BRDA:23,1,0,0
BRDA:23,1,1,0
BRDA:35,2,0,0
BRDA:35,2,1,0
BRDA:36,3,0,0
BRDA:36,3,1,0
BRDA:38,4,0,0
BRDA:38,4,1,0
BRDA:41,5,0,0
BRDA:41,5,1,0
BRDA:45,6,0,0
BRDA:45,6,1,0
BRDA:54,7,0,0
BRDA:54,7,1,0
BRDA:59,8,0,0
BRDA:59,8,1,0
BRDA:60,9,0,0
BRDA:60,9,1,0
BRDA:62,10,0,0
BRDA:62,10,1,0
BRDA:67,11,0,0
BRDA:67,11,1,0
BRDA:72,12,0,0
BRDA:72,12,1,0
BRDA:78,13,0,0
BRDA:78,13,1,0
BRDA:100,14,0,0
BRDA:100,14,1,0
BRDA:104,15,0,0
BRDA:104,15,1,0
BRDA:106,16,0,0
BRDA:106,16,1,0
BRDA:125,17,0,0
BRDA:125,17,1,0
BRDA:131,18,0,0
BRDA:131,18,1,0
BRDA:161,19,0,0
BRDA:161,19,1,0
BRDA:191,20,0,0
BRDA:191,20,1,0
BRDA:198,21,0,0
BRDA:198,21,1,0
BRDA:211,22,0,0
BRDA:211,22,1,0
BRF:46
BRH:0
end_of_record
TN:
SF:src/pages/ArtistsPage.tsx
FN:8,(anonymous_0)
FN:11,(anonymous_1)
FN:15,(anonymous_2)
FN:27,(anonymous_3)
FN:37,(anonymous_4)
FN:46,(anonymous_5)
FN:64,(anonymous_6)
FN:83,(anonymous_7)
FN:89,(anonymous_8)
FN:93,(anonymous_9)
FN:99,(anonymous_10)
FN:103,(anonymous_11)
FN:105,(anonymous_12)
FN:111,(anonymous_13)
FN:133,(anonymous_14)
FN:139,(anonymous_15)
FN:142,(anonymous_16)
FN:146,(anonymous_17)
FN:149,(anonymous_18)
FN:156,(anonymous_19)
FN:178,(anonymous_20)
FNF:21
FNH:0
FNDA:0,(anonymous_0)
FNDA:0,(anonymous_1)
FNDA:0,(anonymous_2)
FNDA:0,(anonymous_3)
FNDA:0,(anonymous_4)
FNDA:0,(anonymous_5)
FNDA:0,(anonymous_6)
FNDA:0,(anonymous_7)
FNDA:0,(anonymous_8)
FNDA:0,(anonymous_9)
FNDA:0,(anonymous_10)
FNDA:0,(anonymous_11)
FNDA:0,(anonymous_12)
FNDA:0,(anonymous_13)
FNDA:0,(anonymous_14)
FNDA:0,(anonymous_15)
FNDA:0,(anonymous_16)
FNDA:0,(anonymous_17)
FNDA:0,(anonymous_18)
FNDA:0,(anonymous_19)
FNDA:0,(anonymous_20)
DA:8,0
DA:9,0
DA:11,0
DA:12,0
DA:13,0
DA:15,0
DA:16,0
DA:17,0
DA:18,0
DA:20,0
DA:21,0
DA:23,0
DA:24,0
DA:27,0
DA:28,0
DA:29,0
DA:32,0
DA:33,0
DA:34,0
DA:35,0
DA:37,0
DA:38,0
DA:39,0
DA:43,0
DA:46,0
DA:47,0
DA:48,0
DA:64,0
DA:65,0
DA:66,0
DA:83,0
DA:84,0
DA:85,0
DA:86,0
DA:87,0
DA:89,0
DA:90,0
DA:92,0
DA:93,0
DA:94,0
DA:98,0
DA:99,0
DA:102,0
DA:103,0
DA:104,0
DA:105,0
DA:108,0
DA:111,0
DA:112,0
DA:114,0
DA:133,0
DA:139,0
DA:142,0
DA:146,0
DA:149,0
DA:157,0
DA:179,0
LF:57
LH:0
BRDA:13,0,0,0
BRDA:13,0,1,0
BRDA:92,1,0,0
BRDA:92,1,1,0
BRDA:98,2,0,0
BRDA:98,2,1,0
BRDA:102,3,0,0
BRDA:102,3,1,0
BRDA:104,4,0,0
BRDA:104,4,1,0
BRDA:154,5,0,0
BRDA:154,5,1,0
BRDA:176,6,0,0
BRDA:176,6,1,0
BRF:14
BRH:0
end_of_record
TN:
SF:src/pages/ChatPage.tsx
FN:12,(anonymous_0)
FN:24,(anonymous_1)
FN:30,(anonymous_2)
FN:36,(anonymous_3)
FN:50,(anonymous_4)
FN:57,(anonymous_5)
FN:65,(anonymous_6)
FN:69,(anonymous_7)
FN:90,(anonymous_8)
FN:93,(anonymous_9)
FN:121,(anonymous_10)
FN:157,(anonymous_11)
FN:158,(anonymous_12)
FNF:13
FNH:0
FNDA:0,(anonymous_0)
FNDA:0,(anonymous_1)
FNDA:0,(anonymous_2)
FNDA:0,(anonymous_3)
FNDA:0,(anonymous_4)
FNDA:0,(anonymous_5)
FNDA:0,(anonymous_6)
FNDA:0,(anonymous_7)
FNDA:0,(anonymous_8)
FNDA:0,(anonymous_9)
FNDA:0,(anonymous_10)
FNDA:0,(anonymous_11)
FNDA:0,(anonymous_12)
DA:12,0
DA:13,0
DA:14,0
DA:15,0
DA:16,0
DA:17,0
DA:18,0
DA:20,0
DA:22,0
DA:24,0
DA:25,0
DA:28,0
DA:30,0
DA:32,0
DA:33,0
DA:36,0
DA:37,0
DA:39,0
DA:40,0
DA:41,0
DA:44,0
DA:45,0
DA:46,0
DA:49,0
DA:50,0
DA:51,0
DA:52,0
DA:54,0
DA:55,0
DA:56,0
DA:57,0
DA:60,0
DA:61,0
DA:64,0
DA:65,0
DA:68,0
DA:69,0
DA:72,0
DA:73,0
DA:84,0
DA:91,0
DA:93,0
DA:122,0
DA:157,0
DA:158,0
LF:45
LH:0
BRDA:22,0,0,0
BRDA:22,0,1,0
BRDA:37,1,0,0
BRDA:37,1,1,0
BRDA:37,2,0,0
BRDA:37,2,1,0
BRDA:37,2,2,0
BRDA:39,3,0,0
BRDA:39,3,1,0
BRDA:39,4,0,0
BRDA:39,4,1,0
BRDA:44,5,0,0
BRDA:44,5,1,0
BRDA:72,6,0,0
BRDA:72,6,1,0
BRDA:95,7,0,0
BRDA:95,7,1,0
BRDA:114,8,0,0
BRDA:114,8,1,0
BRDA:122,9,0,0
BRDA:122,9,1,0
BRDA:123,10,0,0
BRDA:123,10,1,0
BRDA:127,11,0,0
BRDA:127,11,1,0
BRDA:135,12,0,0
BRDA:135,12,1,0
BRDA:158,13,0,0
BRDA:158,13,1,0
BRDA:161,14,0,0
BRDA:161,14,1,0
BRDA:161,14,2,0
BRDA:165,15,0,0
BRDA:165,15,1,0
BRDA:165,15,2,0
BRDA:165,15,3,0
BRF:36
BRH:0
end_of_record
TN:
SF:src/pages/CheckoutPage.tsx
FN:5,(anonymous_0)
FNF:1
FNH:0
FNDA:0,(anonymous_0)
DA:5,0
DA:6,0
LF:2
LH:0
BRF:0
BRH:0
end_of_record
TN:
SF:src/pages/ConstellationPage.tsx
FN:6,(anonymous_0)
FN:33,(anonymous_1)
FN:49,(anonymous_2)
FNF:3
FNH:0
FNDA:0,(anonymous_0)
FNDA:0,(anonymous_1)
FNDA:0,(anonymous_2)
DA:6,0
DA:7,0
DA:33,0
DA:34,0
DA:36,0
DA:50,0
LF:6
LH:0
BRDA:47,0,0,0
BRDA:47,0,1,0
BRF:2
BRH:0
end_of_record
TN:
SF:src/pages/HomePage.tsx
FN:19,(anonymous_0)
FN:26,(anonymous_1)
FN:32,(anonymous_2)
FN:54,(anonymous_3)
FN:61,(anonymous_4)
FN:75,(anonymous_5)
FN:79,(anonymous_6)
FN:106,(anonymous_7)
FN:122,(anonymous_8)
FN:141,(anonymous_9)
FN:156,(anonymous_10)
FN:156,(anonymous_11)
FN:157,(anonymous_12)
FN:157,(anonymous_13)
FN:193,(anonymous_14)
FN:197,(anonymous_15)
FN:198,(anonymous_16)
FN:199,(anonymous_17)
FN:202,(anonymous_18)
FN:216,(anonymous_19)
FN:239,(anonymous_20)
FN:242,(anonymous_21)
FN:244,(anonymous_22)
FN:249,(anonymous_23)
FN:257,(anonymous_24)
FN:270,(anonymous_25)
FN:276,(anonymous_26)
FN:295,(anonymous_27)
FN:298,(anonymous_28)
FN:315,(anonymous_29)
FN:336,(anonymous_30)
FN:337,(anonymous_31)
FN:339,(anonymous_32)
FN:351,(anonymous_33)
FN:355,(anonymous_34)
FN:356,(anonymous_35)
FN:369,(anonymous_36)
FN:373,(anonymous_37)
FN:379,(anonymous_38)
FN:388,(anonymous_39)
FN:425,(anonymous_40)
FN:438,(anonymous_41)
FN:454,(anonymous_42)
FN:472,(anonymous_43)
FNF:44
FNH:0
FNDA:0,(anonymous_0)
FNDA:0,(anonymous_1)
FNDA:0,(anonymous_2)
FNDA:0,(anonymous_3)
FNDA:0,(anonymous_4)
FNDA:0,(anonymous_5)
FNDA:0,(anonymous_6)
FNDA:0,(anonymous_7)
FNDA:0,(anonymous_8)
FNDA:0,(anonymous_9)
FNDA:0,(anonymous_10)
FNDA:0,(anonymous_11)
FNDA:0,(anonymous_12)
FNDA:0,(anonymous_13)
FNDA:0,(anonymous_14)
FNDA:0,(anonymous_15)
FNDA:0,(anonymous_16)
FNDA:0,(anonymous_17)
FNDA:0,(anonymous_18)
FNDA:0,(anonymous_19)
FNDA:0,(anonymous_20)
FNDA:0,(anonymous_21)
FNDA:0,(anonymous_22)
FNDA:0,(anonymous_23)
FNDA:0,(anonymous_24)
FNDA:0,(anonymous_25)
FNDA:0,(anonymous_26)
FNDA:0,(anonymous_27)
FNDA:0,(anonymous_28)
FNDA:0,(anonymous_29)
FNDA:0,(anonymous_30)
FNDA:0,(anonymous_31)
FNDA:0,(anonymous_32)
FNDA:0,(anonymous_33)
FNDA:0,(anonymous_34)
FNDA:0,(anonymous_35)
FNDA:0,(anonymous_36)
FNDA:0,(anonymous_37)
FNDA:0,(anonymous_38)
FNDA:0,(anonymous_39)
FNDA:0,(anonymous_40)
FNDA:0,(anonymous_41)
FNDA:0,(anonymous_42)
FNDA:0,(anonymous_43)
DA:19,0
DA:20,0
DA:21,0
DA:22,0
DA:23,0
DA:24,0
DA:26,0
DA:32,0
DA:33,0
DA:34,0
DA:35,0
DA:38,0
DA:46,0
DA:47,0
DA:50,0
DA:54,0
DA:55,0
DA:61,0
DA:62,0
DA:63,0
DA:75,0
DA:76,0
DA:77,0
DA:79,0
DA:80,0
DA:81,0
DA:83,0
DA:87,0
DA:106,0
DA:107,0
DA:108,0
DA:122,0
DA:123,0
DA:124,0
DA:125,0
DA:126,0
DA:127,0
DA:128,0
DA:130,0
DA:131,0
DA:132,0
DA:135,0
DA:136,0
DA:138,0
DA:141,0
DA:142,0
DA:143,0
DA:145,0
DA:147,0
DA:148,0
DA:150,0
DA:156,0
DA:157,0
DA:159,0
DA:193,0
DA:194,0
DA:195,0
DA:197,0
DA:198,0
DA:199,0
DA:202,0
DA:203,0
DA:204,0
DA:207,0
DA:209,0
DA:216,0
DA:239,0
DA:240,0
DA:242,0
DA:243,0
DA:245,0
DA:247,0
DA:248,0
DA:249,0
DA:250,0
DA:251,0
DA:255,0
DA:257,0
DA:260,0
DA:262,0
DA:271,0
DA:273,0
DA:275,0
DA:276,0
DA:295,0
DA:296,0
DA:299,0
DA:315,0
DA:316,0
DA:317,0
DA:319,0
DA:327,0
DA:336,0
DA:337,0
DA:338,0
DA:339,0
DA:340,0
DA:341,0
DA:342,0
DA:345,0
DA:346,0
DA:347,0
DA:351,0
DA:352,0
DA:355,0
DA:356,0
DA:357,0
DA:359,0
DA:360,0
DA:361,0
DA:367,0
DA:369,0
DA:370,0
DA:373,0
DA:374,0
DA:377,0
DA:379,0
DA:389,0
DA:425,0
DA:438,0
DA:454,0
DA:472,0
LF:122
LH:0
BRDA:20,0,0,0
BRDA:20,0,1,0
BRDA:23,1,0,0
BRDA:23,1,1,0
BRDA:39,2,0,0
BRDA:39,2,1,0
BRDA:46,3,0,0
BRDA:46,3,1,0
BRDA:80,4,0,0
BRDA:80,4,1,0
BRDA:93,5,0,0
BRDA:93,5,1,0
BRDA:96,6,0,0
BRDA:96,6,1,0
BRDA:122,7,0,0
BRDA:123,8,0,0
BRDA:123,8,1,0
BRDA:127,9,0,0
BRDA:127,9,1,0
BRDA:128,10,0,0
BRDA:128,10,1,0
BRDA:130,11,0,0
BRDA:130,11,1,0
BRDA:132,12,0,0
BRDA:132,12,1,0
BRDA:145,13,0,0
BRDA:145,13,1,0
BRDA:145,14,0,0
BRDA:145,14,1,0
BRDA:150,15,0,0
BRDA:150,15,1,0
BRDA:156,16,0,0
BRDA:156,16,1,0
BRDA:157,17,0,0
BRDA:157,17,1,0
BRDA:177,18,0,0
BRDA:177,18,1,0
BRDA:207,19,0,0
BRDA:207,19,1,0
BRDA:211,20,0,0
BRDA:211,20,1,0
BRDA:215,21,0,0
BRDA:215,21,1,0
BRDA:245,22,0,0
BRDA:245,22,1,0
BRDA:250,23,0,0
BRDA:250,23,1,0
BRDA:257,24,0,0
BRDA:257,24,1,0
BRDA:257,24,2,0
BRDA:260,25,0,0
BRDA:260,25,1,0
BRDA:271,26,0,0
BRDA:271,26,1,0
BRDA:271,27,0,0
BRDA:271,27,1,0
BRDA:271,27,2,0
BRDA:273,28,0,0
BRDA:273,28,1,0
BRDA:276,29,0,0
BRDA:276,29,1,0
BRDA:307,30,0,0
BRDA:307,30,1,0
BRDA:340,31,0,0
BRDA:340,31,1,0
BRDA:345,32,0,0
BRDA:345,32,1,0
BRDA:352,33,0,0
BRDA:352,33,1,0
BRDA:357,34,0,0
BRDA:357,34,1,0
BRDA:379,35,0,0
BRDA:379,35,1,0
BRDA:407,36,0,0
BRDA:407,36,1,0
BRDA:474,37,0,0
BRDA:474,37,1,0
BRF:77
BRH:0
end_of_record
TN:
SF:src/pages/MyAccountPage.tsx
FN:8,(anonymous_0)
FN:32,(anonymous_1)
FN:36,(anonymous_2)
FN:39,(anonymous_3)
FN:45,(anonymous_4)
FN:55,(anonymous_5)
FN:61,(anonymous_6)
FN:101,(anonymous_7)
FN:139,(anonymous_8)
FN:139,(anonymous_9)
FNF:10
FNH:0
FNDA:0,(anonymous_0)
FNDA:0,(anonymous_1)
FNDA:0,(anonymous_2)
FNDA:0,(anonymous_3)
FNDA:0,(anonymous_4)
FNDA:0,(anonymous_5)
FNDA:0,(anonymous_6)
FNDA:0,(anonymous_7)
FNDA:0,(anonymous_8)
FNDA:0,(anonymous_9)
DA:8,0
DA:9,0
DA:10,0
DA:12,0
DA:16,0
DA:18,0
DA:20,0
DA:21,0
DA:32,0
DA:33,0
DA:34,0
DA:35,0
DA:36,0
DA:37,0
DA:38,0
DA:39,0
DA:41,0
DA:45,0
DA:46,0
DA:51,0
DA:52,0
DA:55,0
DA:56,0
DA:57,0
DA:58,0
DA:61,0
DA:62,0
DA:63,0
DA:64,0
DA:68,0
DA:70,0
DA:101,0
DA:139,0
LF:33
LH:0
BRDA:13,0,0,0
BRDA:13,0,1,0
BRDA:20,1,0,0
BRDA:20,1,1,0
BRDA:34,2,0,0
BRDA:34,2,1,0
BRDA:48,3,0,0
BRDA:48,3,1,0
BRDA:49,4,0,0
BRDA:49,4,1,0
BRDA:62,5,0,0
BRDA:62,5,1,0
BRDA:68,6,0,0
BRDA:68,6,1,0
BRDA:95,7,0,0
BRDA:95,7,1,0
BRDA:108,8,0,0
BRDA:108,8,1,0
BRDA:115,9,0,0
BRDA:115,9,1,0
BRDA:116,10,0,0
BRDA:116,10,1,0
BRDA:138,11,0,0
BRDA:138,11,1,0
BRDA:161,12,0,0
BRDA:161,12,1,0
BRF:26
BRH:0
end_of_record
TN:
SF:src/pages/MyPlaylistsPage.tsx
FN:13,(anonymous_0)
FN:17,(anonymous_1)
FN:29,(anonymous_2)
FN:38,(anonymous_3)
FN:44,(anonymous_4)
FN:59,(anonymous_5)
FN:64,(anonymous_6)
FN:66,(anonymous_7)
FN:76,(anonymous_8)
FN:83,(anonymous_9)
FN:86,(anonymous_10)
FN:89,(anonymous_11)
FN:112,(anonymous_12)
FN:124,(anonymous_13)
FN:131,(anonymous_14)
FN:139,(anonymous_15)
FNF:16
FNH:0
FNDA:0,(anonymous_0)
FNDA:0,(anonymous_1)
FNDA:0,(anonymous_2)
FNDA:0,(anonymous_3)
FNDA:0,(anonymous_4)
FNDA:0,(anonymous_5)
FNDA:0,(anonymous_6)
FNDA:0,(anonymous_7)
FNDA:0,(anonymous_8)
FNDA:0,(anonymous_9)
FNDA:0,(anonymous_10)
FNDA:0,(anonymous_11)
FNDA:0,(anonymous_12)
FNDA:0,(anonymous_13)
FNDA:0,(anonymous_14)
FNDA:0,(anonymous_15)
DA:13,0
DA:14,0
DA:15,0
DA:17,0
DA:18,0
DA:19,0
DA:20,0
DA:21,0
DA:23,0
DA:24,0
DA:27,0
DA:29,0
DA:38,0
DA:44,0
DA:59,0
DA:60,0
DA:61,0
DA:62,0
DA:64,0
DA:66,0
DA:67,0
DA:68,0
DA:69,0
DA:70,0
DA:72,0
DA:76,0
DA:77,0
DA:78,0
DA:79,0
DA:83,0
DA:85,0
DA:86,0
DA:90,0
DA:112,0
DA:113,0
DA:114,0
DA:116,0
DA:117,0
DA:120,0
DA:122,0
DA:124,0
DA:131,0
DA:140,0
LF:43
LH:0
BRDA:19,0,0,0
BRDA:19,0,1,0
BRDA:68,1,0,0
BRDA:68,1,1,0
BRDA:78,2,0,0
BRDA:78,2,1,0
BRDA:88,3,0,0
BRDA:88,3,1,0
BRDA:100,4,0,0
BRDA:100,4,1,0
BRDA:116,5,0,0
BRDA:116,5,1,0
BRDA:120,6,0,0
BRDA:120,6,1,0
BRDA:124,7,0,0
BRDA:124,7,1,0
BRDA:137,8,0,0
BRDA:137,8,1,0
BRF:18
BRH:0
end_of_record
TN:
SF:src/pages/MyProjectsPage.tsx
FN:7,(anonymous_0)
FN:12,(anonymous_1)
FN:42,(anonymous_2)
FN:71,(anonymous_3)
FNF:4
FNH:0
FNDA:0,(anonymous_0)
FNDA:0,(anonymous_1)
FNDA:0,(anonymous_2)
FNDA:0,(anonymous_3)
DA:7,0
DA:8,0
DA:9,0
DA:10,0
DA:12,0
DA:13,0
DA:14,0
DA:19,0
DA:42,0
DA:43,0
DA:45,0
DA:46,0
DA:57,0
DA:59,0
DA:72,0
LF:15
LH:0
BRDA:13,0,0,0
BRDA:13,0,1,0
BRDA:22,1,0,0
BRDA:22,1,1,0
BRDA:24,2,0,0
BRDA:24,2,1,0
BRDA:24,2,2,0
BRDA:29,3,0,0
BRDA:29,3,1,0
BRDA:45,4,0,0
BRDA:45,4,1,0
BRDA:57,5,0,0
BRDA:57,5,1,0
BRDA:69,6,0,0
BRDA:69,6,1,0
BRF:15
BRH:0
end_of_record
TN:
SF:src/pages/NewsArchivePage.tsx
FN:7,(anonymous_0)
FN:10,(anonymous_1)
FN:14,(anonymous_2)
FN:26,(anonymous_3)
FN:36,(anonymous_4)
FN:45,(anonymous_5)
FN:61,(anonymous_6)
FN:77,(anonymous_7)
FNF:8
FNH:0
FNDA:0,(anonymous_0)
FNDA:0,(anonymous_1)
FNDA:0,(anonymous_2)
FNDA:0,(anonymous_3)
FNDA:0,(anonymous_4)
FNDA:0,(anonymous_5)
FNDA:0,(anonymous_6)
FNDA:0,(anonymous_7)
DA:7,0
DA:8,0
DA:10,0
DA:11,0
DA:12,0
DA:14,0
DA:15,0
DA:16,0
DA:17,0
DA:19,0
DA:20,0
DA:22,0
DA:23,0
DA:26,0
DA:27,0
DA:28,0
DA:31,0
DA:32,0
DA:33,0
DA:34,0
DA:36,0
DA:37,0
DA:38,0
DA:42,0
DA:45,0
DA:46,0
DA:47,0
DA:61,0
DA:62,0
DA:64,0
DA:78,0
LF:31
LH:0
BRDA:12,0,0,0
BRDA:12,0,1,0
BRDA:75,1,0,0
BRDA:75,1,1,0
BRF:4
BRH:0
end_of_record
TN:
SF:src/pages/NewsArticlePage.tsx
FN:6,(anonymous_0)
FNF:1
FNH:0
FNDA:0,(anonymous_0)
DA:6,0
DA:7,0
DA:8,0
DA:10,0
DA:12,0
DA:13,0
DA:16,0
DA:18,0
LF:8
LH:0
BRDA:10,0,0,0
BRDA:10,0,1,0
BRDA:12,1,0,0
BRDA:12,1,1,0
BRDA:12,2,0,0
BRDA:12,2,1,0
BRDA:12,2,2,0
BRF:7
BRH:0
end_of_record
TN:
SF:src/pages/NotFoundPage.tsx
FN:11,(anonymous_0)
FNF:1
FNH:0
FNDA:0,(anonymous_0)
DA:11,0
DA:12,0
LF:2
LH:0
BRDA:14,0,0,0
BRDA:14,0,1,0
BRDA:16,1,0,0
BRDA:16,1,1,0
BRDA:19,2,0,0
BRDA:19,2,1,0
BRF:6
BRH:0
end_of_record
TN:
SF:src/pages/PlaylistsPage.tsx
FN:8,(anonymous_0)
FN:21,(anonymous_1)
FN:22,(anonymous_2)
FN:25,(anonymous_3)
FN:32,(anonymous_4)
FN:33,(anonymous_5)
FN:34,(anonymous_6)
FN:37,(anonymous_7)
FN:54,(anonymous_8)
FN:70,(anonymous_9)
FN:71,(anonymous_10)
FN:90,(anonymous_11)
FN:103,(anonymous_12)
FN:118,(anonymous_13)
FN:123,(anonymous_14)
FN:130,(anonymous_15)
FN:133,(anonymous_16)
FN:136,(anonymous_17)
FN:140,(anonymous_18)
FN:152,(anonymous_19)
FN:162,(anonymous_20)
FN:172,(anonymous_21)
FN:178,(anonymous_22)
FN:179,(anonymous_23)
FN:187,(anonymous_24)
FN:192,(anonymous_25)
FN:193,(anonymous_26)
FN:203,(anonymous_27)
FN:230,(anonymous_28)
FN:240,(anonymous_29)
FN:248,(anonymous_30)
FN:267,(anonymous_31)
FN:279,(anonymous_32)
FN:287,(anonymous_33)
FN:295,(anonymous_34)
FN:308,(anonymous_35)
FN:314,(anonymous_36)
FN:327,(anonymous_37)
FN:328,(anonymous_38)
FN:340,(anonymous_39)
FNF:40
FNH:0
FNDA:0,(anonymous_0)
FNDA:0,(anonymous_1)
FNDA:0,(anonymous_2)
FNDA:0,(anonymous_3)
FNDA:0,(anonymous_4)
FNDA:0,(anonymous_5)
FNDA:0,(anonymous_6)
FNDA:0,(anonymous_7)
FNDA:0,(anonymous_8)
FNDA:0,(anonymous_9)
FNDA:0,(anonymous_10)
FNDA:0,(anonymous_11)
FNDA:0,(anonymous_12)
FNDA:0,(anonymous_13)
FNDA:0,(anonymous_14)
FNDA:0,(anonymous_15)
FNDA:0,(anonymous_16)
FNDA:0,(anonymous_17)
FNDA:0,(anonymous_18)
FNDA:0,(anonymous_19)
FNDA:0,(anonymous_20)
FNDA:0,(anonymous_21)
FNDA:0,(anonymous_22)
FNDA:0,(anonymous_23)
FNDA:0,(anonymous_24)
FNDA:0,(anonymous_25)
FNDA:0,(anonymous_26)
FNDA:0,(anonymous_27)
FNDA:0,(anonymous_28)
FNDA:0,(anonymous_29)
FNDA:0,(anonymous_30)
FNDA:0,(anonymous_31)
FNDA:0,(anonymous_32)
FNDA:0,(anonymous_33)
FNDA:0,(anonymous_34)
FNDA:0,(anonymous_35)
FNDA:0,(anonymous_36)
FNDA:0,(anonymous_37)
FNDA:0,(anonymous_38)
FNDA:0,(anonymous_39)
DA:8,0
DA:9,0
DA:10,0
DA:11,0
DA:12,0
DA:14,0
DA:15,0
DA:17,0
DA:18,0
DA:21,0
DA:22,0
DA:23,0
DA:25,0
DA:26,0
DA:27,0
DA:28,0
DA:32,0
DA:33,0
DA:34,0
DA:37,0
DA:38,0
DA:39,0
DA:43,0
DA:44,0
DA:47,0
DA:54,0
DA:70,0
DA:71,0
DA:72,0
DA:73,0
DA:74,0
DA:76,0
DA:77,0
DA:78,0
DA:79,0
DA:83,0
DA:86,0
DA:87,0
DA:90,0
DA:91,0
DA:92,0
DA:93,0
DA:97,0
DA:98,0
DA:101,0
DA:103,0
DA:118,0
DA:119,0
DA:120,0
DA:123,0
DA:124,0
DA:125,0
DA:126,0
DA:127,0
DA:128,0
DA:130,0
DA:133,0
DA:134,0
DA:136,0
DA:137,0
DA:138,0
DA:140,0
DA:141,0
DA:142,0
DA:143,0
DA:145,0
DA:146,0
DA:148,0
DA:149,0
DA:152,0
DA:153,0
DA:154,0
DA:157,0
DA:158,0
DA:159,0
DA:160,0
DA:162,0
DA:163,0
DA:164,0
DA:168,0
DA:172,0
DA:173,0
DA:174,0
DA:175,0
DA:176,0
DA:178,0
DA:179,0
DA:180,0
DA:181,0
DA:185,0
DA:187,0
DA:188,0
DA:189,0
DA:191,0
DA:192,0
DA:193,0
DA:195,0
DA:196,0
DA:197,0
DA:199,0
DA:203,0
DA:204,0
DA:205,0
DA:206,0
DA:208,0
DA:212,0
DA:230,0
DA:240,0
DA:248,0
DA:267,0
DA:279,0
DA:280,0
DA:281,0
DA:283,0
DA:288,0
DA:295,0
DA:296,0
DA:297,0
DA:298,0
DA:300,0
DA:308,0
DA:309,0
DA:310,0
DA:311,0
DA:314,0
DA:315,0
DA:316,0
DA:318,0
DA:319,0
DA:322,0
DA:325,0
DA:327,0
DA:328,0
DA:341,0
LF:134
LH:0
BRDA:8,0,0,0
BRDA:9,1,0,0
BRDA:9,1,1,0
BRDA:12,2,0,0
BRDA:12,2,1,0
BRDA:12,3,0,0
BRDA:12,3,1,0
BRDA:14,4,0,0
BRDA:14,4,1,0
BRDA:15,5,0,0
BRDA:15,5,1,0
BRDA:26,6,0,0
BRDA:26,6,1,0
BRDA:43,7,0,0
BRDA:43,7,1,0
BRDA:49,8,0,0
BRDA:49,8,1,0
BRDA:53,9,0,0
BRDA:53,9,1,0
BRDA:73,10,0,0
BRDA:73,10,1,0
BRDA:76,11,0,0
BRDA:76,11,1,0
BRDA:76,12,0,0
BRDA:76,12,1,0
BRDA:78,13,0,0
BRDA:78,13,1,0
BRDA:91,14,0,0
BRDA:91,14,1,0
BRDA:97,15,0,0
BRDA:97,15,1,0
BRDA:119,16,0,0
BRDA:119,16,1,0
BRDA:124,17,0,0
BRDA:124,17,1,0
BRDA:127,18,0,0
BRDA:127,18,1,0
BRDA:138,19,0,0
BRDA:138,19,1,0
BRDA:176,20,0,0
BRDA:176,20,1,0
BRDA:181,21,0,0
BRDA:181,21,1,0
BRDA:189,22,0,0
BRDA:189,22,1,0
BRDA:195,23,0,0
BRDA:195,23,1,0
BRDA:204,24,0,0
BRDA:204,24,1,0
BRDA:227,25,0,0
BRDA:227,25,1,0
BRDA:227,26,0,0
BRDA:227,26,1,0
BRDA:246,27,0,0
BRDA:246,27,1,0
BRDA:248,28,0,0
BRDA:248,28,1,0
BRDA:254,29,0,0
BRDA:254,29,1,0
BRDA:262,30,0,0
BRDA:262,30,1,0
BRDA:262,31,0,0
BRDA:262,31,1,0
BRDA:280,32,0,0
BRDA:280,32,1,0
BRDA:315,33,0,0
BRDA:315,33,1,0
BRDA:315,34,0,0
BRDA:315,34,1,0
BRDA:318,35,0,0
BRDA:318,35,1,0
BRDA:327,36,0,0
BRDA:327,36,1,0
BRDA:328,37,0,0
BRDA:328,37,1,0
BRDA:338,38,0,0
BRDA:338,38,1,0
BRDA:344,39,0,0
BRDA:344,39,1,0
BRDA:349,40,0,0
BRDA:349,40,1,0
BRDA:349,40,2,0
BRF:82
BRH:0
end_of_record
TN:
SF:src/pages/SignInPage.tsx
FN:7,(anonymous_0)
FN:12,(anonymous_1)
FN:18,(anonymous_2)
FNF:3
FNH:0
FNDA:0,(anonymous_0)
FNDA:0,(anonymous_1)
FNDA:0,(anonymous_2)
DA:7,0
DA:8,0
DA:9,0
DA:10,0
DA:12,0
DA:13,0
DA:14,0
DA:18,0
DA:19,0
DA:20,0
DA:27,0
LF:11
LH:0
BRDA:13,0,0,0
BRDA:13,0,1,0
BRDA:19,1,0,0
BRDA:19,1,1,0
BRDA:19,2,0,0
BRDA:19,2,1,0
BRDA:19,2,2,0
BRDA:39,3,0,0
BRDA:39,3,1,0
BRF:9
BRH:0
end_of_record
TN:
SF:src/pages/SignUpPage.tsx
FN:5,(anonymous_0)
FN:10,(anonymous_1)
FN:16,(anonymous_2)
FNF:3
FNH:0
FNDA:0,(anonymous_0)
FNDA:0,(anonymous_1)
FNDA:0,(anonymous_2)
DA:5,0
DA:6,0
DA:7,0
DA:8,0
DA:10,0
DA:11,0
DA:12,0
DA:16,0
DA:17,0
DA:18,0
DA:25,0
LF:11
LH:0
BRDA:11,0,0,0
BRDA:11,0,1,0
BRDA:17,1,0,0
BRDA:17,1,1,0
BRDA:17,2,0,0
BRDA:17,2,1,0
BRDA:17,2,2,0
BRDA:37,3,0,0
BRDA:37,3,1,0
BRF:9
BRH:0
end_of_record
TN:
SF:src/pages/StaticPage.tsx
FN:11,(anonymous_0)
FNF:1
FNH:0
FNDA:0,(anonymous_0)
DA:11,0
DA:12,0
DA:13,0
DA:15,0
DA:16,0
DA:19,0
LF:6
LH:0
BRDA:15,0,0,0
BRDA:15,0,1,0
BRF:2
BRH:0
end_of_record
TN:
SF:src/pages/StorePage.tsx
FN:9,(anonymous_0)
FN:28,(anonymous_1)
FN:49,(anonymous_2)
FN:52,(anonymous_3)
FN:55,(anonymous_4)
FN:73,(anonymous_5)
FNF:6
FNH:0
FNDA:0,(anonymous_0)
FNDA:0,(anonymous_1)
FNDA:0,(anonymous_2)
FNDA:0,(anonymous_3)
FNDA:0,(anonymous_4)
FNDA:0,(anonymous_5)
DA:9,0
DA:10,0
DA:28,0
DA:49,0
DA:50,0
DA:52,0
DA:53,0
DA:54,0
DA:55,0
DA:56,0
DA:57,0
DA:61,0
DA:63,0
DA:74,0
LF:14
LH:0
BRDA:12,0,0,0
BRDA:12,0,1,0
BRDA:14,1,0,0
BRDA:14,1,1,0
BRDA:26,2,0,0
BRDA:26,2,1,0
BRDA:30,3,0,0
BRDA:30,3,1,0
BRDA:53,4,0,0
BRDA:53,4,1,0
BRDA:61,5,0,0
BRDA:61,5,1,0
BRDA:78,6,0,0
BRDA:78,6,1,0
BRF:14
BRH:0
end_of_record
TN:
SF:src/pages/StudioPage.tsx
FN:14,(anonymous_0)
FN:24,(anonymous_1)
FN:27,(anonymous_2)
FN:49,(anonymous_3)
FN:69,(anonymous_4)
FN:72,(anonymous_5)
FN:106,(anonymous_6)
FN:138,(anonymous_7)
FN:147,(anonymous_8)
FN:148,(anonymous_9)
FN:166,(anonymous_10)
FN:184,(anonymous_11)
FN:188,(anonymous_12)
FN:190,(anonymous_13)
FN:197,(anonymous_14)
FN:211,(anonymous_15)
FN:213,(anonymous_16)
FN:214,(anonymous_17)
FN:214,(anonymous_18)
FN:223,(anonymous_19)
FN:239,(anonymous_20)
FN:243,(anonymous_21)
FN:259,(anonymous_22)
FN:267,(anonymous_23)
FN:271,(anonymous_24)
FN:276,(anonymous_25)
FN:282,(anonymous_26)
FN:291,(anonymous_27)
FN:297,(anonymous_28)
FN:299,(anonymous_29)
FN:305,(anonymous_30)
FN:305,(anonymous_31)
FN:313,(anonymous_32)
FN:331,(anonymous_33)
FN:353,(anonymous_34)
FN:375,(anonymous_35)
FN:377,(anonymous_36)
FN:390,(anonymous_37)
FN:396,(anonymous_38)
FN:399,(anonymous_39)
FN:400,(anonymous_40)
FN:403,(anonymous_41)
FN:404,(anonymous_42)
FN:409,(anonymous_43)
FN:412,(anonymous_44)
FN:413,(anonymous_45)
FN:426,(anonymous_46)
FN:432,(anonymous_47)
FN:435,(anonymous_48)
FN:436,(anonymous_49)
FN:469,(anonymous_50)
FN:470,(anonymous_51)
FN:480,(anonymous_52)
FN:487,(anonymous_53)
FN:494,(anonymous_54)
FN:497,(anonymous_55)
FN:500,(anonymous_56)
FN:507,(anonymous_57)
FN:512,(anonymous_58)
FN:517,(anonymous_59)
FN:526,(anonymous_60)
FN:527,(anonymous_61)
FN:538,(anonymous_62)
FN:539,(anonymous_63)
FN:540,(anonymous_64)
FN:549,(anonymous_65)
FN:563,(anonymous_66)
FN:570,(anonymous_67)
FN:571,(anonymous_68)
FNF:69
FNH:0
FNDA:0,(anonymous_0)
FNDA:0,(anonymous_1)
FNDA:0,(anonymous_2)
FNDA:0,(anonymous_3)
FNDA:0,(anonymous_4)
FNDA:0,(anonymous_5)
FNDA:0,(anonymous_6)
FNDA:0,(anonymous_7)
FNDA:0,(anonymous_8)
FNDA:0,(anonymous_9)
FNDA:0,(anonymous_10)
FNDA:0,(anonymous_11)
FNDA:0,(anonymous_12)
FNDA:0,(anonymous_13)
FNDA:0,(anonymous_14)
FNDA:0,(anonymous_15)
FNDA:0,(anonymous_16)
FNDA:0,(anonymous_17)
FNDA:0,(anonymous_18)
FNDA:0,(anonymous_19)
FNDA:0,(anonymous_20)
FNDA:0,(anonymous_21)
FNDA:0,(anonymous_22)
FNDA:0,(anonymous_23)
FNDA:0,(anonymous_24)
FNDA:0,(anonymous_25)
FNDA:0,(anonymous_26)
FNDA:0,(anonymous_27)
FNDA:0,(anonymous_28)
FNDA:0,(anonymous_29)
FNDA:0,(anonymous_30)
FNDA:0,(anonymous_31)
FNDA:0,(anonymous_32)
FNDA:0,(anonymous_33)
FNDA:0,(anonymous_34)
FNDA:0,(anonymous_35)
FNDA:0,(anonymous_36)
FNDA:0,(anonymous_37)
FNDA:0,(anonymous_38)
FNDA:0,(anonymous_39)
FNDA:0,(anonymous_40)
FNDA:0,(anonymous_41)
FNDA:0,(anonymous_42)
FNDA:0,(anonymous_43)
FNDA:0,(anonymous_44)
FNDA:0,(anonymous_45)
FNDA:0,(anonymous_46)
FNDA:0,(anonymous_47)
FNDA:0,(anonymous_48)
FNDA:0,(anonymous_49)
FNDA:0,(anonymous_50)
FNDA:0,(anonymous_51)
FNDA:0,(anonymous_52)
FNDA:0,(anonymous_53)
FNDA:0,(anonymous_54)
FNDA:0,(anonymous_55)
FNDA:0,(anonymous_56)
FNDA:0,(anonymous_57)
FNDA:0,(anonymous_58)
FNDA:0,(anonymous_59)
FNDA:0,(anonymous_60)
FNDA:0,(anonymous_61)
FNDA:0,(anonymous_62)
FNDA:0,(anonymous_63)
FNDA:0,(anonymous_64)
FNDA:0,(anonymous_65)
FNDA:0,(anonymous_66)
FNDA:0,(anonymous_67)
FNDA:0,(anonymous_68)
DA:14,0
DA:15,0
DA:24,0
DA:25,0
DA:27,0
DA:28,0
DA:29,0
DA:30,0
DA:32,0
DA:43,0
DA:44,0
DA:47,0
DA:49,0
DA:69,0
DA:70,0
DA:72,0
DA:73,0
DA:87,0
DA:89,0
DA:107,0
DA:138,0
DA:139,0
DA:140,0
DA:141,0
DA:142,0
DA:144,0
DA:145,0
DA:147,0
DA:148,0
DA:151,0
DA:152,0
DA:153,0
DA:154,0
DA:155,0
DA:156,0
DA:158,0
DA:159,0
DA:160,0
DA:161,0
DA:163,0
DA:164,0
DA:166,0
DA:167,0
DA:168,0
DA:169,0
DA:170,0
DA:171,0
DA:173,0
DA:174,0
DA:175,0
DA:176,0
DA:177,0
DA:178,0
DA:179,0
DA:184,0
DA:185,0
DA:186,0
DA:188,0
DA:189,0
DA:190,0
DA:191,0
DA:193,0
DA:197,0
DA:198,0
DA:199,0
DA:200,0
DA:201,0
DA:202,0
DA:203,0
DA:204,0
DA:206,0
DA:207,0
DA:211,0
DA:212,0
DA:213,0
DA:214,0
DA:215,0
DA:216,0
DA:223,0
DA:224,0
DA:226,0
DA:232,0
DA:234,0
DA:235,0
DA:236,0
DA:239,0
DA:240,0
DA:242,0
DA:243,0
DA:244,0
DA:245,0
DA:247,0
DA:248,0
DA:249,0
DA:250,0
DA:251,0
DA:252,0
DA:253,0
DA:254,0
DA:255,0
DA:256,0
DA:259,0
DA:260,0
DA:261,0
DA:263,0
DA:264,0
DA:265,0
DA:267,0
DA:271,0
DA:272,0
DA:273,0
DA:275,0
DA:276,0
DA:277,0
DA:278,0
DA:280,0
DA:281,0
DA:282,0
DA:283,0
DA:284,0
DA:285,0
DA:286,0
DA:287,0
DA:288,0
DA:291,0
DA:292,0
DA:293,0
DA:297,0
DA:298,0
DA:299,0
DA:300,0
DA:302,0
DA:303,0
DA:305,0
DA:306,0
DA:307,0
DA:311,0
DA:313,0
DA:314,0
DA:315,0
DA:316,0
DA:318,0
DA:325,0
DA:326,0
DA:327,0
DA:328,0
DA:331,0
DA:332,0
DA:334,0
DA:350,0
DA:353,0
DA:354,0
DA:355,0
DA:356,0
DA:357,0
DA:358,0
DA:360,0
DA:363,0
DA:364,0
DA:375,0
DA:377,0
DA:378,0
DA:379,0
DA:380,0
DA:381,0
DA:382,0
DA:387,0
DA:390,0
DA:391,0
DA:392,0
DA:393,0
DA:396,0
DA:397,0
DA:398,0
DA:399,0
DA:400,0
DA:402,0
DA:403,0
DA:404,0
DA:406,0
DA:409,0
DA:410,0
DA:412,0
DA:413,0
DA:415,0
DA:417,0
DA:418,0
DA:419,0
DA:421,0
DA:424,0
DA:426,0
DA:432,0
DA:436,0
DA:470,0
DA:480,0
DA:487,0
DA:494,0
DA:497,0
DA:500,0
DA:507,0
DA:512,0
DA:517,0
DA:527,0
DA:538,0
DA:539,0
DA:540,0
DA:549,0
DA:564,0
DA:570,0
DA:571,0
LF:210
LH:0
BRDA:14,0,0,0
BRDA:28,1,0,0
BRDA:28,1,1,0
BRDA:35,2,0,0
BRDA:35,2,1,0
BRDA:70,3,0,0
BRDA:70,4,0,0
BRDA:70,5,0,0
BRDA:87,6,0,0
BRDA:87,6,1,0
BRDA:151,7,0,0
BRDA:151,7,1,0
BRDA:152,8,0,0
BRDA:152,8,1,0
BRDA:167,9,0,0
BRDA:167,9,1,0
BRDA:167,10,0,0
BRDA:167,10,1,0
BRDA:173,11,0,0
BRDA:173,11,1,0
BRDA:173,12,0,0
BRDA:173,12,1,0
BRDA:176,13,0,0
BRDA:176,13,1,0
BRDA:185,14,0,0
BRDA:185,14,1,0
BRDA:186,15,0,0
BRDA:186,15,1,0
BRDA:189,16,0,0
BRDA:189,16,1,0
BRDA:198,17,0,0
BRDA:198,17,1,0
BRDA:198,18,0,0
BRDA:198,18,1,0
BRDA:201,19,0,0
BRDA:201,19,1,0
BRDA:212,20,0,0
BRDA:212,20,1,0
BRDA:214,21,0,0
BRDA:214,21,1,0
BRDA:215,22,0,0
BRDA:215,22,1,0
BRDA:215,23,0,0
BRDA:215,23,1,0
BRDA:224,24,0,0
BRDA:224,24,1,0
BRDA:224,25,0,0
BRDA:224,25,1,0
BRDA:224,25,2,0
BRDA:234,26,0,0
BRDA:234,26,1,0
BRDA:240,27,0,0
BRDA:240,27,1,0
BRDA:244,28,0,0
BRDA:244,28,1,0
BRDA:249,29,0,0
BRDA:249,29,1,0
BRDA:251,30,0,0
BRDA:251,30,1,0
BRDA:253,31,0,0
BRDA:253,31,1,0
BRDA:253,32,0,0
BRDA:253,32,1,0
BRDA:255,33,0,0
BRDA:255,33,1,0
BRDA:255,34,0,0
BRDA:255,34,1,0
BRDA:263,35,0,0
BRDA:263,35,1,0
BRDA:271,36,0,0
BRDA:273,37,0,0
BRDA:273,37,1,0
BRDA:275,38,0,0
BRDA:275,38,1,0
BRDA:275,39,0,0
BRDA:275,39,1,0
BRDA:280,40,0,0
BRDA:280,40,1,0
BRDA:284,41,0,0
BRDA:284,41,1,0
BRDA:298,42,0,0
BRDA:298,42,1,0
BRDA:300,43,0,0
BRDA:300,43,1,0
BRDA:305,44,0,0
BRDA:305,44,1,0
BRDA:306,45,0,0
BRDA:306,45,1,0
BRDA:311,46,0,0
BRDA:311,46,1,0
BRDA:311,46,2,0
BRDA:311,46,3,0
BRDA:311,46,4,0
BRDA:314,47,0,0
BRDA:314,47,1,0
BRDA:314,48,0,0
BRDA:314,48,1,0
BRDA:332,49,0,0
BRDA:332,49,1,0
BRDA:332,50,0,0
BRDA:332,50,1,0
BRDA:332,50,2,0
BRDA:338,51,0,0
BRDA:338,51,1,0
BRDA:357,52,0,0
BRDA:357,52,1,0
BRDA:363,53,0,0
BRDA:363,53,1,0
BRDA:378,54,0,0
BRDA:378,54,1,0
BRDA:383,55,0,0
BRDA:383,55,1,0
BRDA:384,56,0,0
BRDA:384,56,1,0
BRDA:391,57,0,0
BRDA:391,57,1,0
BRDA:391,58,0,0
BRDA:391,58,1,0
BRDA:397,59,0,0
BRDA:397,59,1,0
BRDA:403,60,0,0
BRDA:403,60,1,0
BRDA:410,61,0,0
BRDA:410,61,1,0
BRDA:410,62,0,0
BRDA:410,62,1,0
BRDA:410,62,2,0
BRDA:415,63,0,0
BRDA:415,63,1,0
BRDA:417,64,0,0
BRDA:417,64,1,0
BRDA:418,65,0,0
BRDA:418,65,1,0
BRDA:419,66,0,0
BRDA:419,66,1,0
BRDA:426,67,0,0
BRDA:426,67,1,0
BRDA:427,68,0,0
BRDA:427,68,1,0
BRDA:427,68,2,0
BRDA:455,69,0,0
BRDA:455,69,1,0
BRDA:471,70,0,0
BRDA:471,70,1,0
BRDA:484,71,0,0
BRDA:484,71,1,0
BRDA:486,72,0,0
BRDA:486,72,1,0
BRDA:487,73,0,0
BRDA:487,73,1,0
BRDA:489,74,0,0
BRDA:489,74,1,0
BRDA:494,75,0,0
BRDA:494,75,1,0
BRDA:494,75,2,0
BRDA:495,76,0,0
BRDA:495,76,1,0
BRDA:497,77,0,0
BRDA:497,77,1,0
BRDA:497,77,2,0
BRDA:497,77,3,0
BRDA:498,78,0,0
BRDA:498,78,1,0
BRDA:500,79,0,0
BRDA:500,79,1,0
BRDA:500,79,2,0
BRDA:500,79,3,0
BRDA:501,80,0,0
BRDA:501,80,1,0
BRDA:507,81,0,0
BRDA:507,81,1,0
BRDA:509,82,0,0
BRDA:509,82,1,0
BRDA:514,83,0,0
BRDA:514,83,1,0
BRDA:518,84,0,0
BRDA:518,84,1,0
BRDA:528,85,0,0
BRDA:528,85,1,0
BRDA:530,86,0,0
BRDA:530,86,1,0
BRDA:536,87,0,0
BRDA:536,87,1,0
BRDA:546,88,0,0
BRDA:546,88,1,0
BRDA:555,89,0,0
BRDA:555,89,1,0
BRDA:560,90,0,0
BRDA:560,90,1,0
BRDA:577,91,0,0
BRDA:577,91,1,0
BRDA:578,92,0,0
BRDA:578,92,1,0
BRF:193
BRH:0
end_of_record
TN:
SF:src/pages/SubscriptionsPage.tsx
FN:17,(anonymous_0)
FN:22,(anonymous_1)
FN:29,(anonymous_2)
FN:44,(anonymous_3)
FN:48,(anonymous_4)
FN:58,(anonymous_5)
FN:80,(anonymous_6)
FN:108,(anonymous_7)
FN:117,(anonymous_8)
FN:136,(anonymous_9)
FN:142,(anonymous_10)
FN:158,(anonymous_11)
FN:169,(anonymous_12)
FN:172,(anonymous_13)
FN:177,(anonymous_14)
FNF:15
FNH:0
FNDA:0,(anonymous_0)
FNDA:0,(anonymous_1)
FNDA:0,(anonymous_2)
FNDA:0,(anonymous_3)
FNDA:0,(anonymous_4)
FNDA:0,(anonymous_5)
FNDA:0,(anonymous_6)
FNDA:0,(anonymous_7)
FNDA:0,(anonymous_8)
FNDA:0,(anonymous_9)
FNDA:0,(anonymous_10)
FNDA:0,(anonymous_11)
FNDA:0,(anonymous_12)
FNDA:0,(anonymous_13)
FNDA:0,(anonymous_14)
DA:17,0
DA:18,0
DA:19,0
DA:20,0
DA:22,0
DA:23,0
DA:24,0
DA:27,0
DA:29,0
DA:44,0
DA:48,0
DA:58,0
DA:80,0
DA:81,0
DA:82,0
DA:84,0
DA:85,0
DA:86,0
DA:87,0
DA:88,0
DA:90,0
DA:109,0
DA:117,0
DA:136,0
DA:137,0
DA:138,0
DA:139,0
DA:140,0
DA:142,0
DA:143,0
DA:144,0
DA:145,0
DA:146,0
DA:148,0
DA:151,0
DA:158,0
DA:169,0
DA:172,0
DA:178,0
LF:39
LH:0
BRDA:18,0,0,0
BRDA:18,0,1,0
BRDA:19,1,0,0
BRDA:19,1,1,0
BRDA:20,2,0,0
BRDA:20,2,1,0
BRDA:22,3,0,0
BRDA:85,4,0,0
BRDA:85,4,1,0
BRDA:85,5,0,0
BRDA:85,5,1,0
BRDA:86,6,0,0
BRDA:86,6,1,0
BRDA:86,7,0,0
BRDA:86,7,1,0
BRDA:87,8,0,0
BRDA:87,8,1,0
BRDA:88,9,0,0
BRDA:88,9,1,0
BRDA:92,10,0,0
BRDA:92,10,1,0
BRDA:94,11,0,0
BRDA:94,11,1,0
BRDA:101,12,0,0
BRDA:101,12,1,0
BRDA:104,13,0,0
BRDA:104,13,1,0
BRDA:105,14,0,0
BRDA:105,14,1,0
BRDA:118,15,0,0
BRDA:118,15,1,0
BRDA:120,16,0,0
BRDA:120,16,1,0
BRDA:122,17,0,0
BRDA:122,17,1,0
BRDA:124,18,0,0
BRDA:124,18,1,0
BRDA:129,19,0,0
BRDA:129,19,1,0
BRDA:129,20,0,0
BRDA:129,20,1,0
BRDA:143,21,0,0
BRDA:143,21,1,0
BRDA:153,22,0,0
BRDA:153,22,1,0
BRDA:153,22,2,0
BRDA:169,23,0,0
BRDA:169,23,1,0
BRDA:172,24,0,0
BRDA:172,24,1,0
BRF:50
BRH:0
end_of_record
TN:
SF:src/pages/TeoAppPage.tsx
FN:8,(anonymous_0)
FN:35,(anonymous_1)
FN:68,(anonymous_2)
FNF:3
FNH:0
FNDA:0,(anonymous_0)
FNDA:0,(anonymous_1)
FNDA:0,(anonymous_2)
DA:8,0
DA:9,0
DA:35,0
DA:36,0
DA:37,0
DA:39,0
DA:41,0
DA:42,0
DA:56,0
DA:69,0
LF:10
LH:0
BRDA:39,0,0,0
BRDA:39,0,1,0
BRDA:39,0,2,0
BRDA:41,1,0,0
BRDA:41,1,1,0
BRDA:66,2,0,0
BRDA:66,2,1,0
BRF:7
BRH:0
end_of_record
TN:
SF:src/pages/TottCatalogPage.tsx
FN:6,(anonymous_0)
FN:25,(anonymous_1)
FN:38,(anonymous_2)
FNF:3
FNH:0
FNDA:0,(anonymous_0)
FNDA:0,(anonymous_1)
FNDA:0,(anonymous_2)
DA:6,0
DA:7,0
DA:25,0
DA:26,0
DA:39,0
LF:5
LH:0
BRDA:20,0,0,0
BRDA:20,0,1,0
BRDA:36,1,0,0
BRDA:36,1,1,0
BRF:4
BRH:0
end_of_record
TN:
SF:src/pages/UserPlaylistDetailPage.tsx
FN:11,(anonymous_0)
FN:22,(anonymous_1)
FN:23,(anonymous_2)
FN:29,(anonymous_3)
FN:30,(anonymous_4)
FN:37,(anonymous_5)
FN:43,(anonymous_6)
FN:45,(anonymous_7)
FN:50,(anonymous_8)
FN:65,(anonymous_9)
FN:74,(anonymous_10)
FN:79,(anonymous_11)
FN:85,(anonymous_12)
FN:97,(anonymous_13)
FN:107,(anonymous_14)
FNF:15
FNH:0
FNDA:0,(anonymous_0)
FNDA:0,(anonymous_1)
FNDA:0,(anonymous_2)
FNDA:0,(anonymous_3)
FNDA:0,(anonymous_4)
FNDA:0,(anonymous_5)
FNDA:0,(anonymous_6)
FNDA:0,(anonymous_7)
FNDA:0,(anonymous_8)
FNDA:0,(anonymous_9)
FNDA:0,(anonymous_10)
FNDA:0,(anonymous_11)
FNDA:0,(anonymous_12)
FNDA:0,(anonymous_13)
FNDA:0,(anonymous_14)
DA:11,0
DA:12,0
DA:13,0
DA:14,0
DA:15,0
DA:17,0
DA:18,0
DA:19,0
DA:20,0
DA:22,0
DA:23,0
DA:24,0
DA:25,0
DA:26,0
DA:27,0
DA:28,0
DA:29,0
DA:30,0
DA:31,0
DA:33,0
DA:37,0
DA:38,0
DA:39,0
DA:40,0
DA:43,0
DA:44,0
DA:45,0
DA:46,0
DA:47,0
DA:50,0
DA:51,0
DA:52,0
DA:54,0
DA:58,0
DA:59,0
DA:61,0
DA:62,0
DA:65,0
DA:67,0
DA:74,0
DA:79,0
DA:85,0
DA:98,0
DA:107,0
LF:44
LH:0
BRDA:24,0,0,0
BRDA:24,0,1,0
BRDA:38,1,0,0
BRDA:38,1,1,0
BRDA:44,2,0,0
BRDA:44,2,1,0
BRDA:51,3,0,0
BRDA:51,3,1,0
BRDA:58,4,0,0
BRDA:58,4,1,0
BRDA:61,5,0,0
BRDA:61,5,1,0
BRDA:95,6,0,0
BRDA:95,6,1,0
BRF:14
BRH:0
end_of_record
TN:
SF:src/pages/VIPLoungePage.tsx
FN:11,(anonymous_0)
FN:22,(anonymous_1)
FN:44,(anonymous_2)
FN:62,(anonymous_3)
FN:67,(anonymous_4)
FN:68,(anonymous_5)
FN:89,(anonymous_6)
FN:90,(anonymous_7)
FN:91,(anonymous_8)
FN:92,(anonymous_9)
FN:93,(anonymous_10)
FN:101,(anonymous_11)
FN:110,(anonymous_12)
FNF:13
FNH:0
FNDA:0,(anonymous_0)
FNDA:0,(anonymous_1)
FNDA:0,(anonymous_2)
FNDA:0,(anonymous_3)
FNDA:0,(anonymous_4)
FNDA:0,(anonymous_5)
FNDA:0,(anonymous_6)
FNDA:0,(anonymous_7)
FNDA:0,(anonymous_8)
FNDA:0,(anonymous_9)
FNDA:0,(anonymous_10)
FNDA:0,(anonymous_11)
FNDA:0,(anonymous_12)
DA:11,0
DA:12,0
DA:22,0
DA:23,0
DA:44,0
DA:45,0
DA:62,0
DA:63,0
DA:64,0
DA:65,0
DA:67,0
DA:68,0
DA:71,0
DA:72,0
DA:75,0
DA:89,0
DA:90,0
DA:91,0
DA:92,0
DA:93,0
DA:101,0
DA:110,0
LF:22
LH:0
BRDA:15,0,0,0
BRDA:15,0,1,0
BRDA:26,1,0,0
BRDA:26,1,1,0
BRDA:34,2,0,0
BRDA:34,2,1,0
BRDA:53,3,0,0
BRDA:53,3,1,0
BRDA:71,4,0,0
BRDA:71,4,1,0
BRDA:71,5,0,0
BRDA:71,5,1,0
BRDA:97,6,0,0
BRDA:97,6,1,0
BRDA:105,7,0,0
BRDA:105,7,1,0
BRDA:108,8,0,0
BRDA:108,8,1,0
BRDA:120,9,0,0
BRDA:120,9,1,0
BRDA:120,9,2,0
BRF:21
BRH:0
end_of_record
TN:
SF:src/pages/VideosPage.tsx
FN:7,(anonymous_0)
FN:26,(anonymous_1)
FN:30,(anonymous_2)
FN:31,(anonymous_3)
FN:32,(anonymous_4)
FN:35,(anonymous_5)
FN:49,(anonymous_6)
FN:65,(anonymous_7)
FN:68,(anonymous_8)
FN:72,(anonymous_9)
FN:84,(anonymous_10)
FN:94,(anonymous_11)
FN:104,(anonymous_12)
FN:139,(anonymous_13)
FN:145,(anonymous_14)
FN:157,(anonymous_15)
FN:158,(anonymous_16)
FNF:17
FNH:0
FNDA:0,(anonymous_0)
FNDA:0,(anonymous_1)
FNDA:0,(anonymous_2)
FNDA:0,(anonymous_3)
FNDA:0,(anonymous_4)
FNDA:0,(anonymous_5)
FNDA:0,(anonymous_6)
FNDA:0,(anonymous_7)
FNDA:0,(anonymous_8)
FNDA:0,(anonymous_9)
FNDA:0,(anonymous_10)
FNDA:0,(anonymous_11)
FNDA:0,(anonymous_12)
FNDA:0,(anonymous_13)
FNDA:0,(anonymous_14)
FNDA:0,(anonymous_15)
FNDA:0,(anonymous_16)
DA:7,0
DA:8,0
DA:9,0
DA:10,0
DA:11,0
DA:12,0
DA:13,0
DA:15,0
DA:16,0
DA:17,0
DA:20,0
DA:21,0
DA:23,0
DA:26,0
DA:27,0
DA:28,0
DA:30,0
DA:31,0
DA:32,0
DA:35,0
DA:36,0
DA:37,0
DA:40,0
DA:42,0
DA:49,0
DA:65,0
DA:66,0
DA:68,0
DA:69,0
DA:70,0
DA:72,0
DA:73,0
DA:74,0
DA:75,0
DA:77,0
DA:78,0
DA:80,0
DA:81,0
DA:84,0
DA:85,0
DA:86,0
DA:89,0
DA:90,0
DA:91,0
DA:92,0
DA:94,0
DA:95,0
DA:96,0
DA:100,0
DA:104,0
DA:105,0
DA:107,0
DA:139,0
DA:140,0
DA:141,0
DA:143,0
DA:145,0
DA:158,0
LF:58
LH:0
BRDA:7,0,0,0
BRDA:8,1,0,0
BRDA:8,1,1,0
BRDA:12,2,0,0
BRDA:12,2,1,0
BRDA:13,3,0,0
BRDA:13,3,1,0
BRDA:15,4,0,0
BRDA:15,4,1,0
BRDA:17,5,0,0
BRDA:17,5,1,0
BRDA:40,6,0,0
BRDA:40,6,1,0
BRDA:44,7,0,0
BRDA:44,7,1,0
BRDA:48,8,0,0
BRDA:48,8,1,0
BRDA:70,9,0,0
BRDA:70,9,1,0
BRDA:145,10,0,0
BRDA:145,10,1,0
BRDA:155,11,0,0
BRDA:155,11,1,0
BRF:23
BRH:0
end_of_record
TN:
SF:src/pages/admin/AdminAccountingPage.tsx
FN:7,(anonymous_0)
FN:11,(anonymous_1)
FN:15,(anonymous_2)
FN:19,(anonymous_3)
FN:25,(anonymous_4)
FNF:5
FNH:0
FNDA:0,(anonymous_0)
FNDA:0,(anonymous_1)
FNDA:0,(anonymous_2)
FNDA:0,(anonymous_3)
FNDA:0,(anonymous_4)
DA:7,0
DA:8,0
DA:9,0
DA:11,0
DA:12,0
DA:13,0
DA:14,0
DA:15,0
DA:19,0
DA:20,0
DA:21,0
DA:22,0
DA:25,0
DA:26,0
DA:41,0
LF:15
LH:0
BRDA:14,0,0,0
BRDA:14,0,1,0
BRDA:14,1,0,0
BRDA:14,1,1,0
BRF:4
BRH:0
end_of_record
TN:
SF:src/pages/admin/AdminApiGatewayPage.tsx
FN:8,(anonymous_0)
FN:12,(anonymous_1)
FN:14,(anonymous_2)
FN:17,(anonymous_3)
FN:23,(anonymous_4)
FNF:5
FNH:0
FNDA:0,(anonymous_0)
FNDA:0,(anonymous_1)
FNDA:0,(anonymous_2)
FNDA:0,(anonymous_3)
FNDA:0,(anonymous_4)
DA:8,0
DA:9,0
DA:10,0
DA:12,0
DA:13,0
DA:14,0
DA:17,0
DA:18,0
DA:19,0
DA:20,0
DA:23,0
DA:24,0
DA:38,0
LF:13
LH:0
BRF:0
BRH:0
end_of_record
TN:
SF:src/pages/admin/AdminAppEditPage.tsx
FN:12,(anonymous_0)
FN:18,(anonymous_1)
FN:20,(anonymous_2)
FN:30,(anonymous_3)
FN:49,(anonymous_4)
FN:50,(anonymous_5)
FN:53,(anonymous_6)
FN:58,(anonymous_7)
FN:88,(anonymous_8)
FN:97,(anonymous_9)
FN:106,(anonymous_10)
FNF:11
FNH:0
FNDA:0,(anonymous_0)
FNDA:0,(anonymous_1)
FNDA:0,(anonymous_2)
FNDA:0,(anonymous_3)
FNDA:0,(anonymous_4)
FNDA:0,(anonymous_5)
FNDA:0,(anonymous_6)
FNDA:0,(anonymous_7)
FNDA:0,(anonymous_8)
FNDA:0,(anonymous_9)
FNDA:0,(anonymous_10)
DA:12,0
DA:13,0
DA:14,0
DA:15,0
DA:17,0
DA:18,0
DA:20,0
DA:28,0
DA:30,0
DA:31,0
DA:32,0
DA:33,0
DA:36,0
DA:37,0
DA:42,0
DA:43,0
DA:45,0
DA:46,0
DA:49,0
DA:50,0
DA:53,0
DA:54,0
DA:55,0
DA:58,0
DA:59,0
DA:60,0
DA:61,0
DA:62,0
DA:65,0
DA:66,0
DA:67,0
DA:69,0
DA:70,0
DA:72,0
DA:75,0
DA:88,0
DA:97,0
DA:106,0
LF:38
LH:0
BRDA:18,0,0,0
BRDA:18,0,1,0
BRDA:31,1,0,0
BRDA:31,1,1,0
BRDA:32,2,0,0
BRDA:32,2,1,0
BRDA:32,3,0,0
BRDA:32,3,1,0
BRDA:32,3,2,0
BRDA:36,4,0,0
BRDA:36,4,1,0
BRDA:42,5,0,0
BRDA:42,5,1,0
BRDA:42,6,0,0
BRDA:42,6,1,0
BRDA:45,7,0,0
BRDA:45,7,1,0
BRDA:50,8,0,0
BRDA:50,8,1,0
BRDA:60,9,0,0
BRDA:60,9,1,0
BRDA:60,10,0,0
BRDA:60,10,1,0
BRDA:60,10,2,0
BRDA:65,11,0,0
BRDA:65,11,1,0
BRDA:78,12,0,0
BRDA:78,12,1,0
BRF:28
BRH:0
end_of_record
TN:
SF:src/pages/admin/AdminAppsListPage.tsx
FN:8,(anonymous_0)
FN:11,(anonymous_1)
FN:12,(anonymous_2)
FN:29,(anonymous_3)
FN:42,(anonymous_4)
FNF:5
FNH:0
FNDA:0,(anonymous_0)
FNDA:0,(anonymous_1)
FNDA:0,(anonymous_2)
FNDA:0,(anonymous_3)
FNDA:0,(anonymous_4)
DA:8,0
DA:9,0
DA:11,0
DA:12,0
DA:13,0
DA:14,0
DA:15,0
DA:19,0
DA:30,0
DA:42,0
LF:10
LH:0
BRDA:13,0,0,0
BRDA:13,0,1,0
BRDA:13,1,0,0
BRDA:13,1,1,0
BRF:4
BRH:0
end_of_record
TN:
SF:src/pages/admin/AdminArchiveEditPage.tsx
FN:12,(anonymous_0)
FN:21,(anonymous_1)
FN:33,(anonymous_2)
FN:49,(anonymous_3)
FN:50,(anonymous_4)
FN:53,(anonymous_5)
FN:58,(anonymous_6)
FN:102,(anonymous_7)
FN:118,(anonymous_8)
FN:123,(anonymous_9)
FNF:10
FNH:0
FNDA:0,(anonymous_0)
FNDA:0,(anonymous_1)
FNDA:0,(anonymous_2)
FNDA:0,(anonymous_3)
FNDA:0,(anonymous_4)
FNDA:0,(anonymous_5)
FNDA:0,(anonymous_6)
FNDA:0,(anonymous_7)
FNDA:0,(anonymous_8)
FNDA:0,(anonymous_9)
DA:12,0
DA:13,0
DA:14,0
DA:15,0
DA:17,0
DA:18,0
DA:19,0
DA:21,0
DA:31,0
DA:33,0
DA:34,0
DA:35,0
DA:36,0
DA:39,0
DA:40,0
DA:45,0
DA:46,0
DA:49,0
DA:50,0
DA:53,0
DA:54,0
DA:55,0
DA:58,0
DA:59,0
DA:60,0
DA:62,0
DA:63,0
DA:64,0
DA:66,0
DA:67,0
DA:69,0
DA:72,0
DA:102,0
DA:118,0
DA:123,0
LF:35
LH:0
BRDA:18,0,0,0
BRDA:18,0,1,0
BRDA:19,1,0,0
BRDA:19,1,1,0
BRDA:19,2,0,0
BRDA:19,2,1,0
BRDA:34,3,0,0
BRDA:34,3,1,0
BRDA:35,4,0,0
BRDA:35,4,1,0
BRDA:35,5,0,0
BRDA:35,5,1,0
BRDA:35,5,2,0
BRDA:39,6,0,0
BRDA:39,6,1,0
BRDA:45,7,0,0
BRDA:45,7,1,0
BRDA:46,8,0,0
BRDA:46,8,1,0
BRDA:50,9,0,0
BRDA:50,9,1,0
BRDA:60,10,0,0
BRDA:60,10,1,0
BRDA:62,11,0,0
BRDA:62,11,1,0
BRDA:75,12,0,0
BRDA:75,12,1,0
BRF:27
BRH:0
end_of_record
TN:
SF:src/pages/admin/AdminArchivesListPage.tsx
FN:8,(anonymous_0)
FN:11,(anonymous_1)
FN:28,(anonymous_2)
FN:41,(anonymous_3)
FNF:4
FNH:0
FNDA:0,(anonymous_0)
FNDA:0,(anonymous_1)
FNDA:0,(anonymous_2)
FNDA:0,(anonymous_3)
DA:8,0
DA:9,0
DA:11,0
DA:12,0
DA:13,0
DA:14,0
DA:18,0
DA:29,0
DA:41,0
LF:9
LH:0
BRDA:12,0,0,0
BRDA:12,0,1,0
BRDA:47,1,0,0
BRDA:47,1,1,0
BRF:4
BRH:0
end_of_record
TN:
SF:src/pages/admin/AdminArtistEditPage.tsx
FN:14,(anonymous_0)
FN:21,(anonymous_1)
FN:24,(anonymous_2)
FN:38,(anonymous_3)
FN:39,(anonymous_4)
FN:42,(anonymous_5)
FN:47,(anonymous_6)
FN:48,(anonymous_7)
FN:50,(anonymous_8)
FN:57,(anonymous_9)
FN:58,(anonymous_10)
FN:60,(anonymous_11)
FN:62,(anonymous_12)
FN:73,(anonymous_13)
FN:74,(anonymous_14)
FN:87,(anonymous_15)
FN:89,(anonymous_16)
FN:91,(anonymous_17)
FN:95,(anonymous_18)
FN:96,(anonymous_19)
FN:103,(anonymous_20)
FN:113,(anonymous_21)
FN:114,(anonymous_22)
FN:116,(anonymous_23)
FN:118,(anonymous_24)
FN:127,(anonymous_25)
FN:128,(anonymous_26)
FN:136,(anonymous_27)
FN:137,(anonymous_28)
FN:143,(anonymous_29)
FN:145,(anonymous_30)
FN:147,(anonymous_31)
FN:151,(anonymous_32)
FN:160,(anonymous_33)
FN:192,(anonymous_34)
FN:198,(anonymous_35)
FN:204,(anonymous_36)
FN:215,(anonymous_37)
FN:222,(anonymous_38)
FN:229,(anonymous_39)
FN:251,(anonymous_40)
FN:255,(anonymous_41)
FN:256,(anonymous_42)
FN:264,(anonymous_43)
FN:269,(anonymous_44)
FN:274,(anonymous_45)
FN:277,(anonymous_46)
FN:281,(anonymous_47)
FN:285,(anonymous_48)
FN:290,(anonymous_49)
FN:297,(anonymous_50)
FN:310,(anonymous_51)
FN:321,(anonymous_52)
FNF:53
FNH:0
FNDA:0,(anonymous_0)
FNDA:0,(anonymous_1)
FNDA:0,(anonymous_2)
FNDA:0,(anonymous_3)
FNDA:0,(anonymous_4)
FNDA:0,(anonymous_5)
FNDA:0,(anonymous_6)
FNDA:0,(anonymous_7)
FNDA:0,(anonymous_8)
FNDA:0,(anonymous_9)
FNDA:0,(anonymous_10)
FNDA:0,(anonymous_11)
FNDA:0,(anonymous_12)
FNDA:0,(anonymous_13)
FNDA:0,(anonymous_14)
FNDA:0,(anonymous_15)
FNDA:0,(anonymous_16)
FNDA:0,(anonymous_17)
FNDA:0,(anonymous_18)
FNDA:0,(anonymous_19)
FNDA:0,(anonymous_20)
FNDA:0,(anonymous_21)
FNDA:0,(anonymous_22)
FNDA:0,(anonymous_23)
FNDA:0,(anonymous_24)
FNDA:0,(anonymous_25)
FNDA:0,(anonymous_26)
FNDA:0,(anonymous_27)
FNDA:0,(anonymous_28)
FNDA:0,(anonymous_29)
FNDA:0,(anonymous_30)
FNDA:0,(anonymous_31)
FNDA:0,(anonymous_32)
FNDA:0,(anonymous_33)
FNDA:0,(anonymous_34)
FNDA:0,(anonymous_35)
FNDA:0,(anonymous_36)
FNDA:0,(anonymous_37)
FNDA:0,(anonymous_38)
FNDA:0,(anonymous_39)
FNDA:0,(anonymous_40)
FNDA:0,(anonymous_41)
FNDA:0,(anonymous_42)
FNDA:0,(anonymous_43)
FNDA:0,(anonymous_44)
FNDA:0,(anonymous_45)
FNDA:0,(anonymous_46)
FNDA:0,(anonymous_47)
FNDA:0,(anonymous_48)
FNDA:0,(anonymous_49)
FNDA:0,(anonymous_50)
FNDA:0,(anonymous_51)
FNDA:0,(anonymous_52)
DA:14,0
DA:15,0
DA:16,0
DA:17,0
DA:18,0
DA:19,0
DA:21,0
DA:24,0
DA:25,0
DA:26,0
DA:27,0
DA:30,0
DA:34,0
DA:35,0
DA:38,0
DA:39,0
DA:42,0
DA:43,0
DA:44,0
DA:47,0
DA:48,0
DA:49,0
DA:50,0
DA:51,0
DA:53,0
DA:57,0
DA:58,0
DA:59,0
DA:60,0
DA:61,0
DA:62,0
DA:63,0
DA:65,0
DA:67,0
DA:69,0
DA:73,0
DA:74,0
DA:75,0
DA:76,0
DA:83,0
DA:87,0
DA:88,0
DA:89,0
DA:90,0
DA:91,0
DA:95,0
DA:96,0
DA:97,0
DA:98,0
DA:103,0
DA:104,0
DA:105,0
DA:107,0
DA:109,0
DA:113,0
DA:114,0
DA:115,0
DA:116,0
DA:117,0
DA:118,0
DA:119,0
DA:121,0
DA:123,0
DA:127,0
DA:128,0
DA:129,0
DA:130,0
DA:131,0
DA:132,0
DA:136,0
DA:137,0
DA:138,0
DA:139,0
DA:143,0
DA:144,0
DA:145,0
DA:146,0
DA:147,0
DA:151,0
DA:152,0
DA:153,0
DA:154,0
DA:155,0
DA:156,0
DA:160,0
DA:161,0
DA:162,0
DA:163,0
DA:164,0
DA:165,0
DA:166,0
DA:168,0
DA:170,0
DA:174,0
DA:192,0
DA:198,0
DA:204,0
DA:216,0
DA:222,0
DA:229,0
DA:252,0
DA:255,0
DA:256,0
DA:264,0
DA:269,0
DA:275,0
DA:277,0
DA:281,0
DA:285,0
DA:290,0
DA:297,0
DA:310,0
DA:321,0
LF:113
LH:0
BRDA:25,0,0,0
BRDA:25,0,1,0
BRDA:26,1,0,0
BRDA:26,1,1,0
BRDA:26,2,0,0
BRDA:26,2,1,0
BRDA:34,3,0,0
BRDA:34,3,1,0
BRDA:39,4,0,0
BRDA:39,4,1,0
BRDA:49,5,0,0
BRDA:49,5,1,0
BRDA:51,6,0,0
BRDA:51,6,1,0
BRDA:59,7,0,0
BRDA:59,7,1,0
BRDA:61,8,0,0
BRDA:61,8,1,0
BRDA:63,9,0,0
BRDA:63,9,1,0
BRDA:75,10,0,0
BRDA:75,10,1,0
BRDA:88,11,0,0
BRDA:88,11,1,0
BRDA:90,12,0,0
BRDA:90,12,1,0
BRDA:97,13,0,0
BRDA:97,13,1,0
BRDA:104,14,0,0
BRDA:104,14,1,0
BRDA:115,15,0,0
BRDA:115,15,1,0
BRDA:117,16,0,0
BRDA:117,16,1,0
BRDA:129,17,0,0
BRDA:129,17,1,0
BRDA:138,18,0,0
BRDA:138,18,1,0
BRDA:144,19,0,0
BRDA:144,19,1,0
BRDA:146,20,0,0
BRDA:146,20,1,0
BRDA:153,21,0,0
BRDA:153,21,1,0
BRDA:161,22,0,0
BRDA:161,22,1,0
BRDA:168,23,0,0
BRDA:168,23,1,0
BRDA:217,24,0,0
BRDA:217,24,1,0
BRDA:280,25,0,0
BRDA:280,25,1,0
BRDA:289,26,0,0
BRDA:289,26,1,0
BRDA:302,27,0,0
BRDA:302,27,1,0
BRF:56
BRH:0
end_of_record
TN:
SF:src/pages/admin/AdminArtistsListPage.tsx
FN:6,(anonymous_0)
FN:14,(anonymous_1)
FNF:2
FNH:0
FNDA:0,(anonymous_0)
FNDA:0,(anonymous_1)
DA:6,0
DA:7,0
DA:9,0
DA:15,0
LF:4
LH:0
BRF:0
BRH:0
end_of_record
TN:
SF:src/pages/admin/AdminAssetVaultPage.tsx
FN:10,(anonymous_0)
FN:15,(anonymous_1)
FN:19,(anonymous_2)
FN:26,(anonymous_3)
FN:31,(anonymous_4)
FN:33,(anonymous_5)
FN:41,(anonymous_6)
FN:51,(anonymous_7)
FN:53,(anonymous_8)
FN:61,(anonymous_9)
FN:62,(anonymous_10)
FN:73,(anonymous_11)
FN:84,(anonymous_12)
FN:88,(anonymous_13)
FN:96,(anonymous_14)
FN:146,(anonymous_15)
FN:150,(anonymous_16)
FN:166,(anonymous_17)
FN:170,(anonymous_18)
FN:184,(anonymous_19)
FN:195,(anonymous_20)
FN:203,(anonymous_21)
FN:212,(anonymous_22)
FN:223,(anonymous_23)
FN:225,(anonymous_24)
FNF:25
FNH:0
FNDA:0,(anonymous_0)
FNDA:0,(anonymous_1)
FNDA:0,(anonymous_2)
FNDA:0,(anonymous_3)
FNDA:0,(anonymous_4)
FNDA:0,(anonymous_5)
FNDA:0,(anonymous_6)
FNDA:0,(anonymous_7)
FNDA:0,(anonymous_8)
FNDA:0,(anonymous_9)
FNDA:0,(anonymous_10)
FNDA:0,(anonymous_11)
FNDA:0,(anonymous_12)
FNDA:0,(anonymous_13)
FNDA:0,(anonymous_14)
FNDA:0,(anonymous_15)
FNDA:0,(anonymous_16)
FNDA:0,(anonymous_17)
FNDA:0,(anonymous_18)
FNDA:0,(anonymous_19)
FNDA:0,(anonymous_20)
FNDA:0,(anonymous_21)
FNDA:0,(anonymous_22)
FNDA:0,(anonymous_23)
FNDA:0,(anonymous_24)
DA:8,0
DA:10,0
DA:11,0
DA:12,0
DA:13,0
DA:15,0
DA:19,0
DA:26,0
DA:27,0
DA:29,0
DA:30,0
DA:31,0
DA:32,0
DA:33,0
DA:34,0
DA:41,0
DA:42,0
DA:50,0
DA:51,0
DA:52,0
DA:53,0
DA:54,0
DA:58,0
DA:61,0
DA:62,0
DA:63,0
DA:64,0
DA:65,0
DA:67,0
DA:69,0
DA:73,0
DA:74,0
DA:75,0
DA:76,0
DA:78,0
DA:79,0
DA:80,0
DA:84,0
DA:85,0
DA:86,0
DA:88,0
DA:89,0
DA:90,0
DA:91,0
DA:92,0
DA:96,0
DA:97,0
DA:98,0
DA:99,0
DA:102,0
DA:106,0
DA:107,0
DA:108,0
DA:111,0
DA:112,0
DA:114,0
DA:122,0
DA:123,0
DA:125,0
DA:126,0
DA:129,0
DA:146,0
DA:151,0
DA:166,0
DA:167,0
DA:171,0
DA:172,0
DA:184,0
DA:190,0
DA:195,0
DA:203,0
DA:213,0
DA:223,0
DA:225,0
LF:74
LH:0
BRDA:29,0,0,0
BRDA:29,0,1,0
BRDA:32,1,0,0
BRDA:32,1,1,0
BRDA:50,2,0,0
BRDA:50,2,1,0
BRDA:52,3,0,0
BRDA:52,3,1,0
BRDA:54,4,0,0
BRDA:54,4,1,0
[...]
BRF:4
BRH:0
end_of_record
TN:
SF:src/pages/admin/AdminNewsEditPage.tsx
FN:11,(anonymous_0)
FN:20,(anonymous_1)
FN:29,(anonymous_2)
FN:47,(anonymous_3)
FN:48,(anonymous_4)
FN:51,(anonymous_5)
FN:56,(anonymous_6)
FN:100,(anonymous_7)
FN:107,(anonymous_8)
FN:112,(anonymous_9)
FNF:10
FNH:0
FNDA:0,(anonymous_0)
FNDA:0,(anonymous_1)
FNDA:0,(anonymous_2)
FNDA:0,(anonymous_3)
FNDA:0,(anonymous_4)
FNDA:0,(anonymous_5)
FNDA:0,(anonymous_6)
FNDA:0,(anonymous_7)
FNDA:0,(anonymous_8)
FNDA:0,(anonymous_9)
DA:11,0
DA:12,0
DA:13,0
DA:14,0
DA:16,0
DA:17,0
DA:18,0
DA:20,0
DA:27,0
DA:29,0
DA:32,0
DA:33,0
DA:34,0
DA:37,0
DA:38,0
DA:43,0
DA:44,0
DA:47,0
DA:48,0
DA:51,0
DA:52,0
DA:53,0
DA:56,0
DA:57,0
DA:58,0
DA:60,0
DA:61,0
DA:62,0
DA:64,0
DA:65,0
DA:67,0
DA:70,0
DA:100,0
DA:107,0
DA:112,0
LF:35
LH:0
BRDA:17,0,0,0
BRDA:17,0,1,0
BRDA:18,1,0,0
BRDA:18,1,1,0
BRDA:18,2,0,0
BRDA:18,2,1,0
BRDA:32,3,0,0
BRDA:32,3,1,0
BRDA:33,4,0,0
BRDA:33,4,1,0
BRDA:33,5,0,0
BRDA:33,5,1,0
BRDA:33,5,2,0
BRDA:37,6,0,0
BRDA:37,6,1,0
BRDA:43,7,0,0
BRDA:43,7,1,0
BRDA:48,8,0,0
BRDA:48,8,1,0
BRDA:58,9,0,0
BRDA:58,9,1,0
BRDA:60,10,0,0
BRDA:60,10,1,0
BRDA:73,11,0,0
BRDA:73,11,1,0
BRF:25
BRH:0
end_of_record
TN:
SF:src/pages/admin/AdminNewsListPage.tsx
FN:6,(anonymous_0)
FN:9,(anonymous_1)
FN:26,(anonymous_2)
FN:36,(anonymous_3)
FNF:4
FNH:0
FNDA:0,(anonymous_0)
FNDA:0,(anonymous_1)
FNDA:0,(anonymous_2)
FNDA:0,(anonymous_3)
DA:6,0
DA:7,0
DA:9,0
DA:10,0
DA:11,0
DA:12,0
DA:16,0
DA:27,0
DA:36,0
LF:9
LH:0
BRDA:10,0,0,0
BRDA:10,0,1,0
BRF:2
BRH:0
end_of_record
TN:
SF:src/pages/admin/AdminPageEditPage.tsx
FN:8,(anonymous_0)
FN:16,(anonymous_1)
FN:20,(anonymous_2)
FN:34,(anonymous_3)
FN:51,(anonymous_4)
FN:57,(anonymous_5)
FNF:6
FNH:0
FNDA:0,(anonymous_0)
FNDA:0,(anonymous_1)
FNDA:0,(anonymous_2)
FNDA:0,(anonymous_3)
FNDA:0,(anonymous_4)
FNDA:0,(anonymous_5)
DA:8,0
DA:9,0
DA:10,0
DA:11,0
DA:13,0
DA:14,0
DA:16,0
DA:17,0
DA:20,0
DA:22,0
DA:23,0
DA:24,0
DA:25,0
DA:30,0
DA:31,0
DA:34,0
DA:35,0
DA:36,0
DA:37,0
DA:38,0
DA:41,0
DA:51,0
DA:57,0
LF:23
LH:0
BRDA:17,0,0,0
BRDA:17,0,1,0
BRDA:17,0,2,0
BRDA:17,0,3,0
BRDA:22,1,0,0
BRDA:22,1,1,0
BRDA:23,2,0,0
BRDA:23,2,1,0
BRDA:23,3,0,0
BRDA:23,3,1,0
BRDA:30,4,0,0
BRDA:30,4,1,0
BRDA:30,5,0,0
BRDA:30,5,1,0
BRF:14
BRH:0
end_of_record
TN:
SF:src/pages/admin/AdminPagesListPage.tsx
FN:19,(anonymous_0)
FN:25,(anonymous_1)
FNF:2
FNH:0
FNDA:0,(anonymous_0)
FNDA:0,(anonymous_1)
DA:8,0
DA:19,0
DA:20,0
DA:26,0
LF:4
LH:0
BRF:0
BRH:0
end_of_record
TN:
SF:src/pages/admin/AdminPermissionsPage.tsx
FN:12,(anonymous_0)
FN:18,(anonymous_1)
FN:19,(anonymous_2)
FN:30,(anonymous_3)
FN:34,(anonymous_4)
FN:52,(anonymous_5)
FN:57,(anonymous_6)
FNF:7
FNH:0
FNDA:0,(anonymous_0)
FNDA:0,(anonymous_1)
FNDA:0,(anonymous_2)
FNDA:0,(anonymous_3)
FNDA:0,(anonymous_4)
FNDA:0,(anonymous_5)
FNDA:0,(anonymous_6)
DA:6,0
DA:10,0
DA:12,0
DA:13,0
DA:16,0
DA:18,0
DA:19,0
DA:20,0
DA:21,0
DA:22,0
DA:24,0
DA:26,0
DA:30,0
DA:31,0
DA:34,0
DA:35,0
DA:36,0
DA:40,0
DA:53,0
DA:57,0
LF:20
LH:0
BRDA:21,0,0,0
BRDA:21,0,1,0
BRDA:71,1,0,0
BRDA:71,1,1,0
BRF:4
BRH:0
end_of_record
TN:
SF:src/pages/admin/AdminPlaylistEditPage.tsx
FN:10,(anonymous_0)
FN:16,(anonymous_1)
FN:18,(anonymous_2)
FN:30,(anonymous_3)
FN:46,(anonymous_4)
FN:47,(anonymous_5)
FN:50,(anonymous_6)
FN:55,(anonymous_7)
FN:87,(anonymous_8)
FN:95,(anonymous_9)
FN:104,(anonymous_10)
FN:113,(anonymous_11)
FNF:12
FNH:0
FNDA:0,(anonymous_0)
FNDA:0,(anonymous_1)
FNDA:0,(anonymous_2)
FNDA:0,(anonymous_3)
FNDA:0,(anonymous_4)
FNDA:0,(anonymous_5)
FNDA:0,(anonymous_6)
FNDA:0,(anonymous_7)
FNDA:0,(anonymous_8)
FNDA:0,(anonymous_9)
FNDA:0,(anonymous_10)
FNDA:0,(anonymous_11)
DA:10,0
DA:11,0
DA:12,0
DA:13,0
DA:15,0
DA:16,0
DA:18,0
DA:28,0
DA:30,0
DA:31,0
DA:32,0
DA:33,0
DA:36,0
DA:37,0
DA:42,0
DA:43,0
DA:46,0
DA:47,0
DA:50,0
DA:51,0
DA:52,0
DA:55,0
DA:56,0
DA:57,0
DA:59,0
DA:60,0
DA:61,0
DA:63,0
DA:64,0
DA:66,0
DA:69,0
DA:88,0
DA:95,0
DA:104,0
DA:113,0
LF:35
LH:0
BRDA:16,0,0,0
BRDA:16,0,1,0
BRDA:31,1,0,0
BRDA:31,1,1,0
BRDA:32,2,0,0
BRDA:32,2,1,0
BRDA:32,3,0,0
BRDA:32,3,1,0
BRDA:32,3,2,0
BRDA:36,4,0,0
BRDA:36,4,1,0
BRDA:42,5,0,0
BRDA:42,5,1,0
BRDA:43,6,0,0
BRDA:43,6,1,0
BRDA:47,7,0,0
BRDA:47,7,1,0
BRDA:57,8,0,0
BRDA:57,8,1,0
BRDA:59,9,0,0
BRDA:59,9,1,0
BRDA:72,10,0,0
BRDA:72,10,1,0
BRDA:110,11,0,0
BRDA:110,11,1,0
BRF:25
BRH:0
end_of_record
TN:
SF:src/pages/admin/AdminPlaylistsListPage.tsx
FN:6,(anonymous_0)
FN:9,(anonymous_1)
FN:26,(anonymous_2)
FN:39,(anonymous_3)
FNF:4
FNH:0
FNDA:0,(anonymous_0)
FNDA:0,(anonymous_1)
FNDA:0,(anonymous_2)
FNDA:0,(anonymous_3)
DA:6,0
DA:7,0
DA:9,0
DA:10,0
DA:11,0
DA:12,0
DA:16,0
DA:27,0
DA:39,0
LF:9
LH:0
BRDA:10,0,0,0
BRDA:10,0,1,0
BRF:2
BRH:0
end_of_record
TN:
SF:src/pages/admin/AdminSettingsPage.tsx
FN:7,(anonymous_0)
FN:23,(anonymous_1)
FN:25,(anonymous_2)
FN:30,(anonymous_3)
FN:36,(anonymous_4)
FN:42,(anonymous_5)
FN:63,(anonymous_6)
FN:80,(anonymous_7)
FN:100,(anonymous_8)
FN:120,(anonymous_9)
FN:139,(anonymous_10)
FN:140,(anonymous_11)
FN:141,(anonymous_12)
FNF:13
FNH:0
FNDA:0,(anonymous_0)
FNDA:0,(anonymous_1)
FNDA:0,(anonymous_2)
FNDA:0,(anonymous_3)
FNDA:0,(anonymous_4)
FNDA:0,(anonymous_5)
FNDA:0,(anonymous_6)
FNDA:0,(anonymous_7)
FNDA:0,(anonymous_8)
FNDA:0,(anonymous_9)
FNDA:0,(anonymous_10)
FNDA:0,(anonymous_11)
FNDA:0,(anonymous_12)
DA:7,0
DA:13,0
DA:14,0
DA:16,0
DA:17,0
DA:18,0
DA:19,0
DA:20,0
DA:21,0
DA:23,0
DA:24,0
DA:25,0
DA:26,0
DA:27,0
DA:30,0
DA:31,0
DA:32,0
DA:33,0
DA:36,0
DA:37,0
DA:38,0
DA:39,0
DA:42,0
DA:43,0
DA:44,0
DA:45,0
DA:46,0
DA:48,0
DA:49,0
DA:50,0
DA:52,0
DA:53,0
DA:54,0
DA:55,0
DA:56,0
DA:57,0
DA:59,0
DA:63,0
DA:64,0
DA:65,0
DA:68,0
DA:80,0
DA:100,0
DA:120,0
DA:139,0
DA:140,0
DA:141,0
LF:47
LH:0
BRDA:44,0,0,0
BRDA:44,0,1,0
BRDA:48,1,0,0
BRDA:48,1,1,0
BRDA:53,2,0,0
BRDA:53,2,1,0
BRDA:65,3,0,0
BRDA:65,3,1,0
BRF:8
BRH:0
end_of_record
TN:
SF:src/pages/admin/AdminSpotlightPage.tsx
FN:6,(anonymous_0)
FN:13,(anonymous_1)
FN:14,(anonymous_2)
FN:15,(anonymous_3)
FN:16,(anonymous_4)
FN:21,(anonymous_5)
FN:35,(anonymous_6)
FN:38,(anonymous_7)
FN:43,(anonymous_8)
FN:45,(anonymous_9)
FN:45,(anonymous_10)
FN:49,(anonymous_11)
FN:53,(anonymous_12)
FN:57,(anonymous_13)
FN:61,(anonymous_14)
FN:62,(anonymous_15)
FN:89,(anonymous_16)
FN:110,(anonymous_17)
FNF:18
FNH:0
FNDA:0,(anonymous_0)
FNDA:0,(anonymous_1)
FNDA:0,(anonymous_2)
FNDA:0,(anonymous_3)
FNDA:0,(anonymous_4)
FNDA:0,(anonymous_5)
FNDA:0,(anonymous_6)
FNDA:0,(anonymous_7)
FNDA:0,(anonymous_8)
FNDA:0,(anonymous_9)
FNDA:0,(anonymous_10)
FNDA:0,(anonymous_11)
FNDA:0,(anonymous_12)
FNDA:0,(anonymous_13)
FNDA:0,(anonymous_14)
FNDA:0,(anonymous_15)
FNDA:0,(anonymous_16)
FNDA:0,(anonymous_17)
DA:6,0
DA:7,0
DA:8,0
DA:13,0
DA:14,0
DA:15,0
DA:16,0
DA:21,0
DA:22,0
DA:23,0
DA:25,0
DA:26,0
DA:27,0
DA:28,0
DA:31,0
DA:32,0
DA:35,0
DA:36,0
DA:38,0
DA:39,0
DA:40,0
DA:43,0
DA:44,0
DA:45,0
DA:47,0
DA:49,0
DA:50,0
DA:53,0
DA:54,0
DA:55,0
DA:57,0
DA:58,0
DA:61,0
DA:62,0
DA:63,0
DA:64,0
DA:65,0
DA:69,0
DA:89,0
DA:98,0
DA:111,0
LF:41
LH:0
BRDA:25,0,0,0
BRDA:25,0,1,0
BRDA:26,1,0,0
BRDA:26,1,1,0
BRDA:27,2,0,0
BRDA:27,2,1,0
BRDA:47,3,0,0
BRDA:47,3,1,0
BRDA:50,4,0,0
BRDA:50,4,1,0
BRDA:58,5,0,0
BRDA:58,5,1,0
BRDA:63,6,0,0
BRDA:63,6,1,0
BRDA:63,7,0,0
BRDA:63,7,1,0
BRDA:88,8,0,0
BRDA:88,8,1,0
BRF:18
BRH:0
end_of_record
TN:
SF:src/pages/admin/AdminTrendingPage.tsx
FN:12,(anonymous_0)
FN:15,(anonymous_1)
FN:16,(anonymous_2)
FN:33,(anonymous_3)
FN:37,(anonymous_4)
FN:40,(anonymous_5)
FN:57,(anonymous_6)
FN:63,(anonymous_7)
FN:64,(anonymous_8)
FN:65,(anonymous_9)
FN:66,(anonymous_10)
FN:71,(anonymous_11)
FN:77,(anonymous_12)
FN:79,(anonymous_13)
FN:80,(anonymous_14)
FN:80,(anonymous_15)
FN:91,(anonymous_16)
FN:94,(anonymous_17)
FN:96,(anonymous_18)
FN:106,(anonymous_19)
FN:115,(anonymous_20)
FN:121,(anonymous_21)
FNF:22
FNH:0
FNDA:0,(anonymous_0)
FNDA:0,(anonymous_1)
FNDA:0,(anonymous_2)
FNDA:0,(anonymous_3)
FNDA:0,(anonymous_4)
FNDA:0,(anonymous_5)
FNDA:0,(anonymous_6)
FNDA:0,(anonymous_7)
FNDA:0,(anonymous_8)
FNDA:0,(anonymous_9)
FNDA:0,(anonymous_10)
FNDA:0,(anonymous_11)
FNDA:0,(anonymous_12)
FNDA:0,(anonymous_13)
FNDA:0,(anonymous_14)
FNDA:0,(anonymous_15)
FNDA:0,(anonymous_16)
FNDA:0,(anonymous_17)
FNDA:0,(anonymous_18)
FNDA:0,(anonymous_19)
FNDA:0,(anonymous_20)
FNDA:0,(anonymous_21)
DA:12,0
DA:13,0
DA:15,0
DA:16,0
DA:17,0
DA:22,0
DA:33,0
DA:38,0
DA:40,0
DA:57,0
DA:58,0
DA:59,0
DA:63,0
DA:64,0
DA:65,0
DA:66,0
DA:71,0
DA:72,0
DA:73,0
DA:74,0
DA:77,0
DA:78,0
DA:79,0
DA:80,0
DA:82,0
DA:83,0
DA:86,0
DA:87,0
DA:91,0
DA:92,0
DA:93,0
DA:94,0
DA:96,0
DA:97,0
DA:98,0
DA:101,0
DA:106,0
DA:115,0
DA:121,0
DA:140,0
LF:40
LH:0
BRDA:17,0,0,0
BRDA:17,0,1,0
BRDA:82,1,0,0
BRDA:82,1,1,0
BRDA:93,2,0,0
BRDA:93,2,1,0
BRDA:103,3,0,0
BRDA:103,3,1,0
BRDA:127,4,0,0
BRDA:127,4,1,0
BRDA:129,5,0,0
BRDA:129,5,1,0
BRF:12
BRH:0
end_of_record
TN:
SF:src/pages/admin/AdminUserCreatePage.tsx
FN:8,(anonymous_0)
FN:19,(anonymous_1)
FN:21,(anonymous_2)
FN:29,(anonymous_3)
FN:77,(anonymous_4)
FN:94,(anonymous_5)
FNF:6
FNH:0
FNDA:0,(anonymous_0)
FNDA:0,(anonymous_1)
FNDA:0,(anonymous_2)
FNDA:0,(anonymous_3)
FNDA:0,(anonymous_4)
FNDA:0,(anonymous_5)
DA:8,0
DA:9,0
DA:10,0
DA:12,0
DA:19,0
DA:20,0
DA:21,0
DA:22,0
DA:23,0
DA:25,0
DA:29,0
DA:30,0
DA:31,0
DA:32,0
DA:33,0
DA:36,0
DA:37,0
DA:38,0
DA:39,0
DA:43,0
DA:78,0
DA:94,0
LF:22
LH:0
BRDA:22,0,0,0
BRDA:22,0,1,0
BRDA:23,1,0,0
BRDA:23,1,1,0
BRDA:31,2,0,0
BRDA:31,2,1,0
BRDA:31,3,0,0
BRDA:31,3,1,0
BRDA:37,4,0,0
BRDA:37,4,1,0
BRF:10
BRH:0
end_of_record
TN:
SF:src/pages/admin/AdminUserEditPage.tsx
FN:11,(anonymous_0)
FN:18,(anonymous_1)
FN:20,(anonymous_2)
FN:32,(anonymous_3)
FN:34,(anonymous_4)
FN:43,(anonymous_5)
FN:52,(anonymous_6)
FN:87,(anonymous_7)
FN:104,(anonymous_8)
FNF:9
FNH:0
FNDA:0,(anonymous_0)
FNDA:0,(anonymous_1)
FNDA:0,(anonymous_2)
FNDA:0,(anonymous_3)
FNDA:0,(anonymous_4)
FNDA:0,(anonymous_5)
FNDA:0,(anonymous_6)
FNDA:0,(anonymous_7)
FNDA:0,(anonymous_8)
DA:11,0
DA:12,0
DA:13,0
DA:14,0
DA:16,0
DA:18,0
DA:19,0
DA:20,0
DA:21,0
DA:22,0
DA:23,0
DA:28,0
DA:29,0
DA:32,0
DA:33,0
DA:34,0
DA:35,0
DA:36,0
DA:37,0
DA:39,0
DA:43,0
DA:44,0
DA:45,0
DA:46,0
DA:47,0
DA:48,0
DA:52,0
DA:53,0
DA:54,0
DA:55,0
DA:56,0
DA:60,0
DA:88,0
DA:104,0
LF:34
LH:0
BRDA:19,0,0,0
BRDA:19,0,1,0
BRDA:21,1,0,0
BRDA:21,1,1,0
BRDA:22,2,0,0
BRDA:22,2,1,0
BRDA:22,3,0,0
BRDA:22,3,1,0
BRDA:28,4,0,0
BRDA:28,4,1,0
BRDA:35,5,0,0
BRDA:35,5,1,0
BRDA:36,6,0,0
BRDA:36,6,1,0
BRDA:37,7,0,0
BRDA:37,7,1,0
BRDA:45,8,0,0
BRDA:45,8,1,0
BRDA:53,9,0,0
BRDA:53,9,1,0
BRF:20
BRH:0
end_of_record
TN:
SF:src/pages/admin/AdminUsersListPage.tsx
FN:10,(anonymous_0)
FN:13,(anonymous_1)
FN:31,(anonymous_2)
FN:59,(anonymous_3)
FNF:4
FNH:0
FNDA:0,(anonymous_0)
FNDA:0,(anonymous_1)
FNDA:0,(anonymous_2)
FNDA:0,(anonymous_3)
DA:10,0
DA:11,0
DA:13,0
DA:14,0
DA:15,0
DA:16,0
DA:20,0
DA:32,0
DA:59,0
LF:9
LH:0
BRDA:14,0,0,0
BRDA:14,0,1,0
BRDA:35,1,0,0
BRDA:35,1,1,0
BRDA:46,2,0,0
BRDA:46,2,1,0
BRDA:47,3,0,0
BRDA:47,3,1,0
BRF:8
BRH:0
end_of_record
TN:
SF:src/pages/admin/AdminVideoEditPage.tsx
FN:12,(anonymous_0)
FN:18,(anonymous_1)
FN:20,(anonymous_2)
FN:32,(anonymous_3)
FN:53,(anonymous_4)
FN:54,(anonymous_5)
FN:57,(anonymous_6)
FN:62,(anonymous_7)
FN:94,(anonymous_8)
FN:102,(anonymous_9)
FN:115,(anonymous_10)
FN:125,(anonymous_11)
FNF:12
FNH:0
FNDA:0,(anonymous_0)
FNDA:0,(anonymous_1)
FNDA:0,(anonymous_2)
FNDA:0,(anonymous_3)
FNDA:0,(anonymous_4)
FNDA:0,(anonymous_5)
FNDA:0,(anonymous_6)
FNDA:0,(anonymous_7)
FNDA:0,(anonymous_8)
FNDA:0,(anonymous_9)
FNDA:0,(anonymous_10)
FNDA:0,(anonymous_11)
DA:12,0
DA:13,0
DA:14,0
DA:15,0
DA:17,0
DA:18,0
DA:20,0
DA:30,0
DA:32,0
DA:33,0
DA:34,0
DA:35,0
DA:36,0
DA:40,0
DA:41,0
DA:46,0
DA:47,0
DA:49,0
DA:50,0
DA:53,0
DA:54,0
DA:57,0
DA:58,0
DA:59,0
DA:62,0
DA:63,0
DA:64,0
DA:66,0
DA:67,0
DA:68,0
DA:70,0
DA:71,0
DA:73,0
DA:76,0
DA:95,0
DA:102,0
DA:115,0
DA:125,0
LF:38
LH:0
BRDA:18,0,0,0
BRDA:18,0,1,0
BRDA:23,1,0,0
BRDA:23,1,1,0
BRDA:33,2,0,0
BRDA:33,2,1,0
BRDA:34,3,0,0
BRDA:34,3,1,0
BRDA:35,4,0,0
BRDA:35,4,1,0
BRDA:35,5,0,0
BRDA:35,5,1,0
BRDA:40,6,0,0
BRDA:40,6,1,0
BRDA:46,7,0,0
BRDA:46,7,1,0
BRDA:46,8,0,0
BRDA:46,8,1,0
BRDA:49,9,0,0
BRDA:49,9,1,0
BRDA:54,10,0,0
BRDA:54,10,1,0
BRDA:64,11,0,0
BRDA:64,11,1,0
BRDA:66,12,0,0
BRDA:66,12,1,0
BRDA:79,13,0,0
BRDA:79,13,1,0
BRF:28
BRH:0
end_of_record
TN:
SF:src/pages/admin/AdminVideosListPage.tsx
FN:7,(anonymous_0)
FN:10,(anonymous_1)
FN:27,(anonymous_2)
FN:40,(anonymous_3)
FNF:4
FNH:0
FNDA:0,(anonymous_0)
FNDA:0,(anonymous_1)
FNDA:0,(anonymous_2)
FNDA:0,(anonymous_3)
DA:7,0
DA:8,0
DA:10,0
DA:11,0
DA:12,0
DA:13,0
DA:17,0
DA:28,0
DA:40,0
LF:9
LH:0
BRDA:11,0,0,0
BRDA:11,0,1,0
BRDA:46,1,0,0
BRDA:46,1,1,0
BRF:4
BRH:0
end_of_record
TN:
SF:src/pages/admin/JasonDashboardPage.tsx
FN:13,(anonymous_0)
FN:25,(anonymous_1)
FN:28,(anonymous_2)
FN:35,(anonymous_3)
FN:46,(anonymous_4)
FN:46,(anonymous_5)
FN:47,(anonymous_6)
FN:47,(anonymous_7)
FN:52,(anonymous_8)
FN:55,(anonymous_9)
FN:61,(anonymous_10)
FN:71,(anonymous_11)
FN:85,(anonymous_12)
FN:89,(anonymous_13)
FN:105,(anonymous_14)
FN:108,(anonymous_15)
FN:112,(anonymous_16)
FN:118,(anonymous_17)
FN:128,(anonymous_18)
FN:129,(anonymous_19)
FN:139,(anonymous_20)
FN:143,(anonymous_21)
FN:166,(anonymous_22)
FN:175,(anonymous_23)
FN:179,(anonymous_24)
FN:186,(anonymous_25)
FN:194,(anonymous_26)
FN:202,(anonymous_27)
FN:210,(anonymous_28)
FN:219,(anonymous_29)
FN:226,(anonymous_30)
FN:234,(anonymous_31)
FN:260,(anonymous_32)
FN:292,(anonymous_33)
FN:292,(anonymous_34)
FN:295,(anonymous_35)
FN:314,(anonymous_36)
FN:341,(anonymous_37)
FN:342,(anonymous_38)
FNF:39
FNH:0
FNDA:0,(anonymous_0)
FNDA:0,(anonymous_1)
FNDA:0,(anonymous_2)
FNDA:0,(anonymous_3)
FNDA:0,(anonymous_4)
FNDA:0,(anonymous_5)
FNDA:0,(anonymous_6)
FNDA:0,(anonymous_7)
FNDA:0,(anonymous_8)
FNDA:0,(anonymous_9)
FNDA:0,(anonymous_10)
FNDA:0,(anonymous_11)
FNDA:0,(anonymous_12)
FNDA:0,(anonymous_13)
FNDA:0,(anonymous_14)
FNDA:0,(anonymous_15)
FNDA:0,(anonymous_16)
FNDA:0,(anonymous_17)
FNDA:0,(anonymous_18)
FNDA:0,(anonymous_19)
FNDA:0,(anonymous_20)
FNDA:0,(anonymous_21)
FNDA:0,(anonymous_22)
FNDA:0,(anonymous_23)
FNDA:0,(anonymous_24)
FNDA:0,(anonymous_25)
FNDA:0,(anonymous_26)
FNDA:0,(anonymous_27)
FNDA:0,(anonymous_28)
FNDA:0,(anonymous_29)
FNDA:0,(anonymous_30)
FNDA:0,(anonymous_31)
FNDA:0,(anonymous_32)
FNDA:0,(anonymous_33)
FNDA:0,(anonymous_34)
FNDA:0,(anonymous_35)
FNDA:0,(anonymous_36)
FNDA:0,(anonymous_37)
FNDA:0,(anonymous_38)
DA:13,0
DA:14,0
DA:25,0
DA:26,0
DA:28,0
DA:35,0
DA:36,0
DA:37,0
DA:38,0
DA:39,0
DA:40,0
DA:41,0
DA:42,0
DA:43,0
DA:44,0
DA:46,0
DA:47,0
DA:49,0
DA:50,0
DA:52,0
DA:53,0
DA:54,0
DA:55,0
DA:56,0
DA:58,0
DA:61,0
DA:62,0
DA:63,0
DA:66,0
DA:67,0
DA:68,0
DA:71,0
DA:76,0
DA:77,0
DA:79,0
DA:80,0
DA:81,0
DA:85,0
DA:86,0
DA:89,0
DA:90,0
DA:91,0
DA:92,0
DA:94,0
DA:95,0
DA:97,0
DA:98,0
DA:100,0
DA:102,0
DA:103,0
DA:104,0
DA:105,0
DA:106,0
DA:108,0
DA:109,0
DA:112,0
DA:113,0
DA:115,0
DA:116,0
DA:118,0
DA:119,0
DA:120,0
DA:121,0
DA:122,0
DA:123,0
DA:125,0
DA:128,0
DA:129,0
DA:136,0
DA:138,0
DA:140,0
DA:144,0
DA:145,0
DA:157,0
DA:158,0
DA:160,0
DA:161,0
DA:166,0
DA:167,0
DA:168,0
DA:169,0
DA:170,0
DA:172,0
DA:174,0
DA:175,0
DA:177,0
DA:178,0
DA:179,0
DA:181,0
DA:183,0
DA:184,0
DA:185,0
DA:186,0
DA:187,0
DA:188,0
DA:189,0
DA:192,0
DA:193,0
DA:194,0
DA:196,0
DA:197,0
DA:199,0
DA:200,0
DA:201,0
DA:202,0
DA:203,0
DA:204,0
DA:205,0
DA:209,0
DA:210,0
DA:212,0
DA:214,0
DA:216,0
DA:217,0
DA:218,0
DA:219,0
DA:221,0
DA:222,0
DA:223,0
DA:224,0
DA:225,0
DA:226,0
DA:227,0
DA:228,0
DA:229,0
DA:233,0
DA:234,0
DA:235,0
DA:236,0
DA:237,0
DA:239,0
DA:241,0
DA:246,0
DA:248,0
DA:260,0
DA:292,0
DA:293,0
DA:295,0
DA:315,0
DA:341,0
DA:342,0
LF:141
LH:0
BRDA:29,0,0,0
BRDA:29,0,1,0
BRDA:30,1,0,0
BRDA:30,1,1,0
BRDA:49,2,0,0
BRDA:49,2,1,0
BRDA:50,3,0,0
BRDA:50,3,1,0
BRDA:50,4,0,0
BRDA:50,4,1,0
BRDA:54,5,0,0
BRDA:54,5,1,0
BRDA:62,6,0,0
BRDA:62,6,1,0
BRDA:71,7,0,0
BRDA:71,7,1,0
BRDA:72,8,0,0
BRDA:72,8,1,0
BRDA:90,9,0,0
BRDA:90,9,1,0
BRDA:167,10,0,0
BRDA:167,10,1,0
BRDA:167,11,0,0
BRDA:167,11,1,0
BRDA:172,12,0,0
BRDA:172,12,1,0
BRDA:172,13,0,0
BRDA:172,13,1,0
BRDA:175,14,0,0
BRDA:175,14,1,0
BRDA:181,15,0,0
BRDA:181,15,1,0
BRDA:183,16,0,0
BRDA:183,16,1,0
BRDA:186,17,0,0
BRDA:186,17,1,0
BRDA:194,18,0,0
BRDA:194,18,1,0
BRDA:203,19,0,0
BRDA:203,19,1,0
BRDA:209,20,0,0
BRDA:209,20,1,0
BRDA:210,21,0,0
BRDA:210,21,1,0
BRDA:214,22,0,0
BRDA:214,22,1,0
BRDA:219,23,0,0
BRDA:219,23,1,0
BRDA:227,24,0,0
BRDA:227,24,1,0
BRDA:235,25,0,0
BRDA:235,25,1,0
BRDA:246,26,0,0
BRDA:246,26,1,0
BRDA:267,27,0,0
BRDA:267,27,1,0
BRDA:271,28,0,0
BRDA:271,28,1,0
BRDA:277,29,0,0
BRDA:277,29,1,0
BRDA:279,30,0,0
BRDA:279,30,1,0
BRDA:283,31,0,0
BRDA:283,31,1,0
BRDA:291,32,0,0
BRDA:291,32,1,0
BRDA:297,33,0,0
BRDA:297,33,1,0
BRDA:303,34,0,0
BRDA:303,34,1,0
BRDA:309,35,0,0
BRDA:309,35,1,0
BRDA:315,36,0,0
BRDA:315,36,1,0
BRDA:316,37,0,0
BRDA:316,37,1,0
BRDA:319,38,0,0
BRDA:319,38,1,0
BRDA:324,39,0,0
BRDA:324,39,1,0
BRDA:324,39,2,0
BRDA:324,39,3,0
BRDA:342,40,0,0
BRDA:342,40,1,0
BRDA:342,40,2,0
BRDA:350,41,0,0
BRDA:350,41,1,0
BRF:87
BRH:0
end_of_record
TN:
SF:src/pages/admin/ProtectedRoute.tsx
FN:9,(anonymous_0)
FNF:1
FNH:0
FNDA:0,(anonymous_0)
DA:9,0
DA:10,0
DA:12,0
DA:15,0
DA:18,0
LF:5
LH:0
BRDA:12,0,0,0
BRDA:12,0,1,0
BRF:2
BRH:0
end_of_record
TN:
SF:src/services/geminiService.ts
FN:38,(anonymous_0)
FN:110,(anonymous_1)
FN:135,(anonymous_2)
FN:140,(anonymous_3)
FN:169,(anonymous_4)
FN:198,(anonymous_5)
FN:241,(anonymous_6)
FN:242,(anonymous_7)
FN:243,(anonymous_8)
FN:286,(anonymous_9)
FN:322,(anonymous_10)
FN:323,(anonymous_11)
FN:326,(anonymous_12)
FN:338,(anonymous_13)
FN:339,(anonymous_14)
FN:340,(anonymous_15)
FN:415,(anonymous_16)
FN:416,(anonymous_17)
FN:421,(anonymous_18)
FN:433,(anonymous_19)
FN:460,(anonymous_20)
FN:487,(anonymous_21)
FN:504,(anonymous_22)
FN:533,(anonymous_23)
FN:547,(anonymous_24)
FN:548,(anonymous_25)
FN:549,(anonymous_26)
FN:553,(anonymous_27)
FN:586,(anonymous_28)
FNF:29
FNH:0
FNDA:0,(anonymous_0)
FNDA:0,(anonymous_1)
FNDA:0,(anonymous_2)
FNDA:0,(anonymous_3)
FNDA:0,(anonymous_4)
FNDA:0,(anonymous_5)
FNDA:0,(anonymous_6)
FNDA:0,(anonymous_7)
FNDA:0,(anonymous_8)
FNDA:0,(anonymous_9)
FNDA:0,(anonymous_10)
FNDA:0,(anonymous_11)
FNDA:0,(anonymous_12)
FNDA:0,(anonymous_13)
FNDA:0,(anonymous_14)
FNDA:0,(anonymous_15)
FNDA:0,(anonymous_16)
FNDA:0,(anonymous_17)
FNDA:0,(anonymous_18)
FNDA:0,(anonymous_19)
FNDA:0,(anonymous_20)
FNDA:0,(anonymous_21)
FNDA:0,(anonymous_22)
FNDA:0,(anonymous_23)
FNDA:0,(anonymous_24)
FNDA:0,(anonymous_25)
FNDA:0,(anonymous_26)
FNDA:0,(anonymous_27)
FNDA:0,(anonymous_28)
DA:8,0
DA:10,0
DA:15,0
DA:38,0
DA:39,0
DA:53,0
DA:100,0
DA:102,0
DA:105,0
DA:106,0
DA:110,0
DA:111,0
DA:112,0
DA:114,0
DA:122,0
DA:123,0
DA:126,0
DA:128,0
DA:129,0
DA:135,0
DA:136,0
DA:137,0
DA:140,0
DA:141,0
DA:142,0
DA:156,0
DA:162,0
DA:164,0
DA:165,0
DA:169,0
DA:178,0
DA:186,0
DA:194,0
DA:198,0
DA:199,0
DA:200,0
DA:213,0
DA:234,0
DA:236,0
DA:237,0
DA:241,0
DA:242,0
DA:243,0
DA:244,0
DA:245,0
DA:255,0
DA:279,0
DA:281,0
DA:282,0
DA:286,0
DA:287,0
DA:288,0
DA:295,0
DA:320,0
DA:322,0
DA:323,0
DA:324,0
DA:326,0
DA:327,0
DA:328,0
DA:331,0
DA:333,0
DA:334,0
DA:338,0
DA:339,0
DA:340,0
DA:342,0
DA:343,0
DA:363,0
DA:413,0
DA:415,0
DA:416,0
DA:417,0
DA:419,0
DA:421,0
DA:422,0
DA:423,0
DA:426,0
DA:428,0
DA:429,0
DA:433,0
DA:434,0
DA:435,0
DA:445,0
DA:447,0
DA:448,0
DA:460,0
DA:461,0
DA:462,0
DA:480,0
DA:482,0
DA:483,0
DA:487,0
DA:488,0
DA:489,0
DA:497,0
DA:499,0
DA:500,0
DA:504,0
DA:505,0
DA:506,0
DA:526,0
DA:528,0
DA:529,0
DA:533,0
DA:534,0
DA:535,0
DA:540,0
DA:542,0
DA:543,0
DA:547,0
DA:548,0
DA:549,0
DA:551,0
DA:553,0
DA:555,0
DA:557,0
DA:558,0
DA:574,0
DA:575,0
DA:576,0
DA:578,0
DA:580,0
DA:582,0
DA:586,0
DA:587,0
DA:588,0
DA:597,0
DA:603,0
DA:605,0
DA:606,0
LF:131
LH:0
BRDA:112,0,0,0
BRDA:112,0,1,0
BRDA:151,1,0,0
BRDA:151,1,1,0
BRDA:549,2,0,0
BRDA:549,2,1,0
BRDA:551,3,0,0
BRDA:551,3,1,0
BRDA:575,4,0,0
BRDA:575,4,1,0
BRDA:575,5,0,0
BRDA:575,5,1,0
BRF:12
BRH:0
end_of_record
TN:
SF:src/services/treasuryService.ts
FN:7,(anonymous_0)
FN:12,(anonymous_1)
FNF:2
FNH:0
FNDA:0,(anonymous_0)
FNDA:0,(anonymous_1)
DA:7,0
DA:8,0
DA:9,0
DA:12,0
DA:13,0
DA:14,0
LF:6
LH:0
BRF:0
BRH:0
end_of_record
